# Insight Rebuild Module 26 bootstrap log
version=2026-06-25-insight-rebuild-module-26-official
started_at=2026-06-25T20:21:19Z
product_dir=/home/admin/projects/oris-commercial-insight-employee
branch=main
python_bin=python3

Already on 'main'
M	reports/execution/insight_rebuild_module_10_bootstrap_latest.log
M	reports/execution/insight_rebuild_module_11_bootstrap_latest.log
M	reports/execution/insight_rebuild_module_12_bootstrap_latest.log
M	reports/execution/insight_rebuild_module_13_bootstrap_latest.log
M	reports/execution/insight_rebuild_module_14_bootstrap_latest.log
M	reports/execution/insight_rebuild_module_15_bootstrap_latest.log
M	reports/execution/insight_rebuild_module_16_bootstrap_latest.log
M	reports/execution/insight_rebuild_module_17_bootstrap_latest.log
M	reports/execution/insight_rebuild_module_18_bootstrap_latest.log
M	reports/execution/insight_rebuild_module_19_bootstrap_latest.log
M	reports/execution/insight_rebuild_module_1_bootstrap_latest.log
M	reports/execution/insight_rebuild_module_20_bootstrap_latest.log
M	reports/execution/insight_rebuild_module_21_bootstrap_latest.log
M	reports/execution/insight_rebuild_module_22_bootstrap_latest.log
M	reports/execution/insight_rebuild_module_23_bootstrap_latest.log
M	reports/execution/insight_rebuild_module_24_bootstrap_latest.log
M	reports/execution/insight_rebuild_module_25_bootstrap_latest.log
M	reports/execution/insight_rebuild_module_2_bootstrap_latest.log
M	reports/execution/insight_rebuild_module_3_bootstrap_latest.log
M	reports/execution/insight_rebuild_module_4_bootstrap_latest.log
M	reports/execution/insight_rebuild_module_5_bootstrap_latest.log
M	reports/execution/insight_rebuild_module_6_bootstrap_latest.log
M	reports/execution/insight_rebuild_module_9_bootstrap_latest.log
Your branch is up to date with 'origin/main'.
From github.com:ShanGouXueHui/oris-commercial-insight-employee
 * branch            main       -> FETCH_HEAD
Already up to date.
----------------------------------------------------------------------
Ran 151 tests in 0.212s

OK
[main de98bda] insight-rebuild(module-26): add durable tenant usage ledger evidence
 4 files changed, 157 insertions(+), 31 deletions(-)
 create mode 100644 reports/execution/insight_rebuild_module_26_bootstrap_latest.log
 create mode 100644 reports/execution/insight_rebuild_module_26_execution_report.md
 create mode 100644 reports/testing/insight_rebuild_module_26_test_result.json
 rewrite reports/testing/latest_test_result.json (61%)
