# Insight Rebuild Module 4 bootstrap log
version=2026-06-23-insight-rebuild-module-4-official
started_at=2026-06-23T20:53:37Z
product_dir=/home/admin/projects/oris-commercial-insight-employee
branch=main
python_bin=python3

From github.com:ShanGouXueHui/oris-commercial-insight-employee
   589761b..1a6f32a  main       -> origin/main
Already on 'main'
M	reports/execution/insight_rebuild_module_1_bootstrap_latest.log
M	reports/execution/insight_rebuild_module_2_bootstrap_latest.log
M	reports/execution/insight_rebuild_module_3_bootstrap_latest.log
Your branch is behind 'origin/main' by 5 commits, and can be fast-forwarded.
  (use "git pull" to update your local branch)
From github.com:ShanGouXueHui/oris-commercial-insight-employee
 * branch            main       -> FETCH_HEAD
Updating 589761b..1a6f32a
Fast-forward
 app/brief_pipeline.py                              | 163 +++++++++++++++++++++
 ...T_REBUILD_MODULE_4_BRIEF_GENERATION_PIPELINE.md |  22 +++
 docs/testing/INSIGHT_REBUILD_MODULE_4_TEST_PLAN.md |  17 +++
 scripts/bootstrap_insight_rebuild_module_4.sh      | 159 ++++++++++++++++++++
 tests/test_brief_pipeline.py                       |  51 +++++++
 5 files changed, 412 insertions(+)
 create mode 100644 app/brief_pipeline.py
 create mode 100644 docs/rebuild/INSIGHT_REBUILD_MODULE_4_BRIEF_GENERATION_PIPELINE.md
 create mode 100644 docs/testing/INSIGHT_REBUILD_MODULE_4_TEST_PLAN.md
 create mode 100644 scripts/bootstrap_insight_rebuild_module_4.sh
 create mode 100644 tests/test_brief_pipeline.py
----------------------------------------------------------------------
Ran 21 tests in 0.003s

OK
[main 77c20fb] insight-rebuild(module-4): add evidence reports
 4 files changed, 110 insertions(+), 18 deletions(-)
 create mode 100644 reports/execution/insight_rebuild_module_4_bootstrap_latest.log
 create mode 100644 reports/execution/insight_rebuild_module_4_execution_report.md
 create mode 100644 reports/testing/insight_rebuild_module_4_test_result.json
 rewrite reports/testing/latest_test_result.json (62%)
[main dfc9738] insight-rebuild(module-4): record evidence commit sha
 2 files changed, 7 insertions(+), 1 deletion(-)
To github.com:ShanGouXueHui/oris-commercial-insight-employee.git
   1a6f32a..dfc9738  main -> main
