# Insight Rebuild Module 5 bootstrap log
version=2026-06-23-insight-rebuild-module-5-official
started_at=2026-06-23T20:57:24Z
product_dir=/home/admin/projects/oris-commercial-insight-employee
branch=main
python_bin=python3

From github.com:ShanGouXueHui/oris-commercial-insight-employee
   dfc9738..362eaf1  main       -> origin/main
Already on 'main'
M	reports/execution/insight_rebuild_module_1_bootstrap_latest.log
M	reports/execution/insight_rebuild_module_2_bootstrap_latest.log
M	reports/execution/insight_rebuild_module_3_bootstrap_latest.log
M	reports/execution/insight_rebuild_module_4_bootstrap_latest.log
Your branch is behind 'origin/main' by 5 commits, and can be fast-forwarded.
  (use "git pull" to update your local branch)
From github.com:ShanGouXueHui/oris-commercial-insight-employee
 * branch            main       -> FETCH_HEAD
Updating dfc9738..362eaf1
Fast-forward
 app/quality_gates.py                               | 144 +++++++++++++++++++
 .../INSIGHT_REBUILD_MODULE_5_QUALITY_GATES.md      |  23 +++
 docs/testing/INSIGHT_REBUILD_MODULE_5_TEST_PLAN.md |  16 +++
 scripts/bootstrap_insight_rebuild_module_5.sh      | 159 +++++++++++++++++++++
 tests/test_quality_gates.py                        |  58 ++++++++
 5 files changed, 400 insertions(+)
 create mode 100644 app/quality_gates.py
 create mode 100644 docs/rebuild/INSIGHT_REBUILD_MODULE_5_QUALITY_GATES.md
 create mode 100644 docs/testing/INSIGHT_REBUILD_MODULE_5_TEST_PLAN.md
 create mode 100644 scripts/bootstrap_insight_rebuild_module_5.sh
 create mode 100644 tests/test_quality_gates.py
----------------------------------------------------------------------
Ran 25 tests in 0.004s

OK
[main e5322e7] insight-rebuild(module-5): add evidence reports
 4 files changed, 109 insertions(+), 18 deletions(-)
 create mode 100644 reports/execution/insight_rebuild_module_5_bootstrap_latest.log
 create mode 100644 reports/execution/insight_rebuild_module_5_execution_report.md
 create mode 100644 reports/testing/insight_rebuild_module_5_test_result.json
 rewrite reports/testing/latest_test_result.json (64%)
