# Insight Rebuild Module 18 bootstrap log
version=2026-06-25-insight-rebuild-module-18-official
started_at=2026-06-25T18:58:53Z
product_dir=/home/admin/projects/oris-commercial-insight-employee
branch=main
python_bin=python3

Already on 'main'
M	reports/execution/insight_rebuild_module_10_bootstrap_latest.log
M	reports/execution/insight_rebuild_module_11_bootstrap_latest.log
M	reports/execution/insight_rebuild_module_12_bootstrap_latest.log
M	reports/execution/insight_rebuild_module_13_bootstrap_latest.log
M	reports/execution/insight_rebuild_module_14_bootstrap_latest.log
M	reports/execution/insight_rebuild_module_15_bootstrap_latest.log
M	reports/execution/insight_rebuild_module_16_bootstrap_latest.log
M	reports/execution/insight_rebuild_module_17_bootstrap_latest.log
M	reports/execution/insight_rebuild_module_1_bootstrap_latest.log
M	reports/execution/insight_rebuild_module_2_bootstrap_latest.log
M	reports/execution/insight_rebuild_module_3_bootstrap_latest.log
M	reports/execution/insight_rebuild_module_4_bootstrap_latest.log
M	reports/execution/insight_rebuild_module_5_bootstrap_latest.log
M	reports/execution/insight_rebuild_module_6_bootstrap_latest.log
M	reports/execution/insight_rebuild_module_9_bootstrap_latest.log
Your branch is up to date with 'origin/main'.
From github.com:ShanGouXueHui/oris-commercial-insight-employee
 * branch            main       -> FETCH_HEAD
Already up to date.
----------------------------------------------------------------------
Ran 96 tests in 0.122s

OK
[main 7097ac4] insight-rebuild(module-18): add loop engineering evidence
 4 files changed, 147 insertions(+), 32 deletions(-)
 create mode 100644 reports/execution/insight_rebuild_module_18_bootstrap_latest.log
 create mode 100644 reports/execution/insight_rebuild_module_18_execution_report.md
 create mode 100644 reports/testing/insight_rebuild_module_18_test_result.json
 rewrite reports/testing/latest_test_result.json (78%)
[main ffeb8a3] insight-rebuild(module-18): record loop engineering evidence commit sha
 2 files changed, 7 insertions(+), 1 deletion(-)
To github.com:ShanGouXueHui/oris-commercial-insight-employee.git
   f0a151b..ffeb8a3  main -> main
