# Insight Rebuild Module 17 bootstrap log
version=2026-06-25-insight-rebuild-module-17-official
started_at=2026-06-25T18:39:59Z
product_dir=/home/admin/projects/oris-commercial-insight-employee
branch=main
python_bin=python3

Already on 'main'
M	reports/execution/insight_rebuild_module_10_bootstrap_latest.log
M	reports/execution/insight_rebuild_module_11_bootstrap_latest.log
M	reports/execution/insight_rebuild_module_12_bootstrap_latest.log
M	reports/execution/insight_rebuild_module_13_bootstrap_latest.log
M	reports/execution/insight_rebuild_module_14_bootstrap_latest.log
M	reports/execution/insight_rebuild_module_15_bootstrap_latest.log
M	reports/execution/insight_rebuild_module_16_bootstrap_latest.log
M	reports/execution/insight_rebuild_module_1_bootstrap_latest.log
M	reports/execution/insight_rebuild_module_2_bootstrap_latest.log
M	reports/execution/insight_rebuild_module_3_bootstrap_latest.log
M	reports/execution/insight_rebuild_module_4_bootstrap_latest.log
M	reports/execution/insight_rebuild_module_5_bootstrap_latest.log
M	reports/execution/insight_rebuild_module_6_bootstrap_latest.log
M	reports/execution/insight_rebuild_module_9_bootstrap_latest.log
Your branch is up to date with 'origin/main'.
From github.com:ShanGouXueHui/oris-commercial-insight-employee
 * branch            main       -> FETCH_HEAD
Already up to date.
----------------------------------------------------------------------
Ran 88 tests in 0.129s

OK
[main bd2167e] insight-rebuild(module-17): add reuse adoption evidence
 4 files changed, 147 insertions(+), 36 deletions(-)
 create mode 100644 reports/execution/insight_rebuild_module_17_bootstrap_latest.log
 create mode 100644 reports/execution/insight_rebuild_module_17_execution_report.md
 create mode 100644 reports/testing/insight_rebuild_module_17_test_result.json
 rewrite reports/testing/latest_test_result.json (77%)
[main 57acd03] insight-rebuild(module-17): record reuse adoption evidence commit sha
 2 files changed, 7 insertions(+), 1 deletion(-)
To github.com:ShanGouXueHui/oris-commercial-insight-employee.git
   94a7cab..57acd03  main -> main
