# Insight Rebuild Module 2 bootstrap log
version=2026-06-23-insight-rebuild-module-2-official
started_at=2026-06-23T20:40:46Z
product_dir=/home/admin/projects/oris-commercial-insight-employee
branch=main
python_bin=python3

From github.com:ShanGouXueHui/oris-commercial-insight-employee
   f31b0f5..a2fa878  main       -> origin/main
Already on 'main'
M	reports/execution/insight_rebuild_module_1_bootstrap_latest.log
Your branch is behind 'origin/main' by 5 commits, and can be fast-forwarded.
  (use "git pull" to update your local branch)
From github.com:ShanGouXueHui/oris-commercial-insight-employee
 * branch            main       -> FETCH_HEAD
Updating f31b0f5..a2fa878
Fast-forward
 app/domain_contracts.py                            | 206 +++++++++++++++++++++
 .../INSIGHT_REBUILD_MODULE_2_DOMAIN_CONTRACTS.md   |  34 ++++
 docs/testing/INSIGHT_REBUILD_MODULE_2_TEST_PLAN.md |  22 +++
 scripts/bootstrap_insight_rebuild_module_2.sh      | 166 +++++++++++++++++
 tests/test_domain_contracts.py                     |  59 ++++++
 5 files changed, 487 insertions(+)
 create mode 100644 app/domain_contracts.py
 create mode 100644 docs/rebuild/INSIGHT_REBUILD_MODULE_2_DOMAIN_CONTRACTS.md
 create mode 100644 docs/testing/INSIGHT_REBUILD_MODULE_2_TEST_PLAN.md
 create mode 100644 scripts/bootstrap_insight_rebuild_module_2.sh
 create mode 100644 tests/test_domain_contracts.py
----------------------------------------------------------------------
Ran 11 tests in 0.001s

OK
[main ffa1e49] insight-rebuild(module-2): add evidence reports
 4 files changed, 110 insertions(+), 23 deletions(-)
 create mode 100644 reports/execution/insight_rebuild_module_2_bootstrap_latest.log
 create mode 100644 reports/execution/insight_rebuild_module_2_execution_report.md
 create mode 100644 reports/testing/insight_rebuild_module_2_test_result.json
 rewrite reports/testing/latest_test_result.json (86%)
