# Insight Rebuild Module 14 bootstrap log
version=2026-06-24-insight-rebuild-module-14-official
started_at=2026-06-24T21:12:44Z
product_dir=/home/admin/projects/oris-commercial-insight-employee
branch=main
python_bin=python3

Already on 'main'
M	reports/execution/insight_rebuild_module_10_bootstrap_latest.log
M	reports/execution/insight_rebuild_module_11_bootstrap_latest.log
M	reports/execution/insight_rebuild_module_12_bootstrap_latest.log
M	reports/execution/insight_rebuild_module_13_bootstrap_latest.log
M	reports/execution/insight_rebuild_module_1_bootstrap_latest.log
M	reports/execution/insight_rebuild_module_2_bootstrap_latest.log
M	reports/execution/insight_rebuild_module_3_bootstrap_latest.log
M	reports/execution/insight_rebuild_module_4_bootstrap_latest.log
M	reports/execution/insight_rebuild_module_5_bootstrap_latest.log
M	reports/execution/insight_rebuild_module_6_bootstrap_latest.log
M	reports/execution/insight_rebuild_module_9_bootstrap_latest.log
Your branch is up to date with 'origin/main'.
From github.com:ShanGouXueHui/oris-commercial-insight-employee
 * branch            main       -> FETCH_HEAD
Already up to date.
----------------------------------------------------------------------
Ran 66 tests in 0.119s

OK
[main 2febfcc] insight-rebuild(module-14): add managed database adapter evidence
 4 files changed, 133 insertions(+), 26 deletions(-)
 create mode 100644 reports/execution/insight_rebuild_module_14_bootstrap_latest.log
 create mode 100644 reports/execution/insight_rebuild_module_14_execution_report.md
 create mode 100644 reports/testing/insight_rebuild_module_14_test_result.json
 rewrite reports/testing/latest_test_result.json (74%)
