# Insight Rebuild Module 13 bootstrap log
version=2026-06-24-insight-rebuild-module-13-official
started_at=2026-06-24T21:08:18Z
product_dir=/home/admin/projects/oris-commercial-insight-employee
branch=main
python_bin=python3

Already on 'main'
M	reports/execution/insight_rebuild_module_10_bootstrap_latest.log
M	reports/execution/insight_rebuild_module_11_bootstrap_latest.log
M	reports/execution/insight_rebuild_module_12_bootstrap_latest.log
M	reports/execution/insight_rebuild_module_1_bootstrap_latest.log
M	reports/execution/insight_rebuild_module_2_bootstrap_latest.log
M	reports/execution/insight_rebuild_module_3_bootstrap_latest.log
M	reports/execution/insight_rebuild_module_4_bootstrap_latest.log
M	reports/execution/insight_rebuild_module_5_bootstrap_latest.log
M	reports/execution/insight_rebuild_module_6_bootstrap_latest.log
M	reports/execution/insight_rebuild_module_9_bootstrap_latest.log
Your branch is up to date with 'origin/main'.
From github.com:ShanGouXueHui/oris-commercial-insight-employee
 * branch            main       -> FETCH_HEAD
Already up to date.
----------------------------------------------------------------------
Ran 60 tests in 0.124s

OK
[main b7399f0] insight-rebuild(module-13): add managed database evidence
 4 files changed, 131 insertions(+), 25 deletions(-)
 create mode 100644 reports/execution/insight_rebuild_module_13_bootstrap_latest.log
 create mode 100644 reports/execution/insight_rebuild_module_13_execution_report.md
 create mode 100644 reports/testing/insight_rebuild_module_13_test_result.json
 rewrite reports/testing/latest_test_result.json (74%)
