timestamp: 20260628T125301Z
entry: unified-OTA-entry.sh
instruction: ops/ota/next_instruction.json
From github.com:ShanGouXueHui/oris-commercial-insight-employee
 * branch            main       -> FETCH_HEAD
   87fa534..bb1f4b4  main       -> origin/main
Updating 87fa534..bb1f4b4
Fast-forward
 ops/ota/next_instruction.json | 2 +-
 scripts/w70.py                | 8 ++++----
 2 files changed, 5 insertions(+), 5 deletions(-)
instruction_seq: 129
last_instruction_seq: 128
----------------------------------------------------------------------
Ran 380 tests in 0.314s

OK
Evidence: reports/testing/latest_test_result.json; reports/execution/insight_rebuild_module_127_execution_report.md
[main 7ad336f] Add OTA execution evidence
 8 files changed, 88 insertions(+), 4 deletions(-)
 create mode 100644 reports/execution/insight_rebuild_module_127_execution_report.md
 create mode 100644 reports/ota/unified_ota_20260628T125201Z.log
 create mode 100644 reports/ota/unified_ota_20260628T125301Z.log
 create mode 100644 reports/testing/insight_rebuild_module_127_test_result.json
To github.com:ShanGouXueHui/oris-commercial-insight-employee.git
   bb1f4b4..7ad336f  main -> main
