timestamp: 20260628T155801Z
entry: unified-OTA-entry.sh
instruction: ops/ota/next_instruction.json
From github.com:ShanGouXueHui/oris-commercial-insight-employee
 * branch            main       -> FETCH_HEAD
   4757f1f..1413390  main       -> origin/main
Updating 4757f1f..1413390
Fast-forward
 ops/ota/next_instruction.json | 2 +-
 scripts/w70.py                | 8 ++++----
 2 files changed, 5 insertions(+), 5 deletions(-)
instruction_seq: 153
last_instruction_seq: 152
----------------------------------------------------------------------
Ran 380 tests in 0.309s

OK
Evidence: reports/testing/latest_test_result.json; reports/execution/insight_rebuild_module_151_execution_report.md
[main 546b0ed] Add OTA execution evidence
 9 files changed, 110 insertions(+), 4 deletions(-)
 create mode 100644 reports/execution/insight_rebuild_module_151_execution_report.md
 create mode 100644 reports/ota/unified_ota_20260628T155601Z.log
 create mode 100644 reports/ota/unified_ota_20260628T155701Z.log
 create mode 100644 reports/ota/unified_ota_20260628T155801Z.log
 create mode 100644 reports/testing/insight_rebuild_module_151_test_result.json
To github.com:ShanGouXueHui/oris-commercial-insight-employee.git
   1413390..546b0ed  main -> main
