timestamp: 20260627T215401Z
entry: unified-OTA-entry.sh
instruction: ops/ota/next_instruction.json
From github.com:ShanGouXueHui/oris-commercial-insight-employee
 * branch            main       -> FETCH_HEAD
   f65542c..2a6e81c  main       -> origin/main
Updating f65542c..2a6e81c
Fast-forward
 ops/ota/next_instruction.json | 2 +-
 scripts/w70.py                | 8 ++++----
 2 files changed, 5 insertions(+), 5 deletions(-)
instruction_seq: 105
last_instruction_seq: 104
----------------------------------------------------------------------
Ran 380 tests in 0.297s

OK
Evidence: reports/testing/latest_test_result.json; reports/execution/insight_rebuild_module_103_execution_report.md
[main 0bf2232] Add OTA execution evidence
 8 files changed, 90 insertions(+), 4 deletions(-)
 create mode 100644 reports/execution/insight_rebuild_module_103_execution_report.md
 create mode 100644 reports/ota/unified_ota_20260627T215301Z.log
 create mode 100644 reports/ota/unified_ota_20260627T215401Z.log
 create mode 100644 reports/testing/insight_rebuild_module_103_test_result.json
To github.com:ShanGouXueHui/oris-commercial-insight-employee.git
   2a6e81c..0bf2232  main -> main
