timestamp: 20260628T122901Z
entry: unified-OTA-entry.sh
instruction: ops/ota/next_instruction.json
From github.com:ShanGouXueHui/oris-commercial-insight-employee
 * branch            main       -> FETCH_HEAD
   210c903..cd07144  main       -> origin/main
Updating 210c903..cd07144
Fast-forward
 ops/ota/next_instruction.json | 2 +-
 scripts/w70.py                | 8 ++++----
 2 files changed, 5 insertions(+), 5 deletions(-)
instruction_seq: 122
last_instruction_seq: 121
----------------------------------------------------------------------
Ran 380 tests in 0.319s

OK
Evidence: reports/testing/latest_test_result.json; reports/execution/insight_rebuild_module_120_execution_report.md
[main b304eeb] Add OTA execution evidence
 14 files changed, 222 insertions(+), 4 deletions(-)
 create mode 100644 reports/execution/insight_rebuild_module_120_execution_report.md
 create mode 100644 reports/ota/unified_ota_20260628T122201Z.log
 create mode 100644 reports/ota/unified_ota_20260628T122301Z.log
 create mode 100644 reports/ota/unified_ota_20260628T122401Z.log
 create mode 100644 reports/ota/unified_ota_20260628T122501Z.log
 create mode 100644 reports/ota/unified_ota_20260628T122601Z.log
 create mode 100644 reports/ota/unified_ota_20260628T122701Z.log
 create mode 100644 reports/ota/unified_ota_20260628T122801Z.log
 create mode 100644 reports/ota/unified_ota_20260628T122901Z.log
 create mode 100644 reports/testing/insight_rebuild_module_120_test_result.json
To github.com:ShanGouXueHui/oris-commercial-insight-employee.git
   cd07144..b304eeb  main -> main
