timestamp: 20260628T115401Z
entry: unified-OTA-entry.sh
instruction: ops/ota/next_instruction.json
From github.com:ShanGouXueHui/oris-commercial-insight-employee
 * branch            main       -> FETCH_HEAD
   030d5b0..ada8e59  main       -> origin/main
Updating 030d5b0..ada8e59
Fast-forward
 ops/ota/next_instruction.json | 2 +-
 scripts/w70.py                | 8 ++++----
 2 files changed, 5 insertions(+), 5 deletions(-)
instruction_seq: 117
last_instruction_seq: 116
----------------------------------------------------------------------
Ran 380 tests in 0.317s

OK
Evidence: reports/testing/latest_test_result.json; reports/execution/insight_rebuild_module_115_execution_report.md
[main 2c9629e] Add OTA execution evidence
 11 files changed, 222 insertions(+), 4 deletions(-)
 create mode 100644 reports/execution/insight_rebuild_module_115_execution_report.md
 create mode 100644 reports/ota/unified_ota_20260628T115001Z.log
 create mode 100644 reports/ota/unified_ota_20260628T115101Z.log
 create mode 100644 reports/ota/unified_ota_20260628T115201Z.log
 create mode 100644 reports/ota/unified_ota_20260628T115301Z.log
 create mode 100644 reports/ota/unified_ota_20260628T115401Z.log
 create mode 100644 reports/testing/insight_rebuild_module_115_test_result.json
To github.com:ShanGouXueHui/oris-commercial-insight-employee.git
   ada8e59..2c9629e  main -> main
