timestamp: 20260628T124001Z
entry: unified-OTA-entry.sh
instruction: ops/ota/next_instruction.json
From github.com:ShanGouXueHui/oris-commercial-insight-employee
 * branch            main       -> FETCH_HEAD
   5548969..756cfce  main       -> origin/main
Updating 5548969..756cfce
Fast-forward
 ops/ota/next_instruction.json | 2 +-
 1 file changed, 1 insertion(+), 1 deletion(-)
instruction_seq: 125
last_instruction_seq: 124
----------------------------------------------------------------------
Ran 380 tests in 0.315s

OK
Evidence: reports/testing/latest_test_result.json; reports/execution/insight_rebuild_module_123_execution_report.md
[main 9c11013] Add OTA execution evidence
 11 files changed, 152 insertions(+), 4 deletions(-)
 create mode 100644 reports/execution/insight_rebuild_module_123_execution_report.md
 create mode 100644 reports/ota/unified_ota_20260628T123601Z.log
 create mode 100644 reports/ota/unified_ota_20260628T123701Z.log
 create mode 100644 reports/ota/unified_ota_20260628T123801Z.log
 create mode 100644 reports/ota/unified_ota_20260628T123901Z.log
 create mode 100644 reports/ota/unified_ota_20260628T124001Z.log
 create mode 100644 reports/testing/insight_rebuild_module_123_test_result.json
To github.com:ShanGouXueHui/oris-commercial-insight-employee.git
   756cfce..9c11013  main -> main
