timestamp: 20260628T130301Z
entry: unified-OTA-entry.sh
instruction: ops/ota/next_instruction.json
From github.com:ShanGouXueHui/oris-commercial-insight-employee
 * branch            main       -> FETCH_HEAD
   1d3efda..50aa81d  main       -> origin/main
Updating 1d3efda..50aa81d
Fast-forward
 ops/ota/next_instruction.json | 2 +-
 scripts/w70.py                | 8 ++++----
 2 files changed, 5 insertions(+), 5 deletions(-)
instruction_seq: 131
last_instruction_seq: 130
----------------------------------------------------------------------
Ran 380 tests in 0.332s

OK
Evidence: reports/testing/latest_test_result.json; reports/execution/insight_rebuild_module_129_execution_report.md
[main 88b9ff9] Add OTA execution evidence
 12 files changed, 166 insertions(+), 4 deletions(-)
 create mode 100644 reports/execution/insight_rebuild_module_129_execution_report.md
 create mode 100644 reports/ota/unified_ota_20260628T125801Z.log
 create mode 100644 reports/ota/unified_ota_20260628T125901Z.log
 create mode 100644 reports/ota/unified_ota_20260628T130001Z.log
 create mode 100644 reports/ota/unified_ota_20260628T130102Z.log
 create mode 100644 reports/ota/unified_ota_20260628T130201Z.log
 create mode 100644 reports/ota/unified_ota_20260628T130301Z.log
 create mode 100644 reports/testing/insight_rebuild_module_129_test_result.json
To github.com:ShanGouXueHui/oris-commercial-insight-employee.git
   50aa81d..88b9ff9  main -> main
