timestamp: 20260627T204101Z
entry: unified-OTA-entry.sh
instruction: ops/ota/next_instruction.json
From github.com:ShanGouXueHui/oris-commercial-insight-employee
 * branch            main       -> FETCH_HEAD
   8c7fba9..a19c491  main       -> origin/main
Updating 8c7fba9..a19c491
Fast-forward
 ops/ota/next_instruction.json | 2 +-
 scripts/w70.py                | 8 ++++----
 2 files changed, 5 insertions(+), 5 deletions(-)
instruction_seq: 95
last_instruction_seq: 94
----------------------------------------------------------------------
Ran 380 tests in 0.307s

OK
Evidence: reports/testing/latest_test_result.json; reports/execution/insight_rebuild_module_93_execution_report.md
[main bbdb58d] Add OTA execution evidence
 11 files changed, 1050 insertions(+), 4 deletions(-)
 create mode 100644 reports/execution/insight_rebuild_module_93_execution_report.md
 create mode 100644 reports/ota/unified_ota_20260627T203701Z.log
 create mode 100644 reports/ota/unified_ota_20260627T203801Z.log
 create mode 100644 reports/ota/unified_ota_20260627T203901Z.log
 create mode 100644 reports/ota/unified_ota_20260627T204001Z.log
 create mode 100644 reports/ota/unified_ota_20260627T204101Z.log
 create mode 100644 reports/testing/insight_rebuild_module_93_test_result.json
To github.com:ShanGouXueHui/oris-commercial-insight-employee.git
   a19c491..bbdb58d  main -> main
