timestamp: 20260628T110501Z
entry: unified-OTA-entry.sh
instruction: ops/ota/next_instruction.json
From github.com:ShanGouXueHui/oris-commercial-insight-employee
 * branch            main       -> FETCH_HEAD
   2838a74..454f557  main       -> origin/main
Updating 2838a74..454f557
Fast-forward
 ops/ota/next_instruction.json | 2 +-
 scripts/w70.py                | 8 ++++----
 2 files changed, 5 insertions(+), 5 deletions(-)
instruction_seq: 114
last_instruction_seq: 113
----------------------------------------------------------------------
Ran 380 tests in 0.322s

OK
Evidence: reports/testing/latest_test_result.json; reports/execution/insight_rebuild_module_112_execution_report.md
[main 4336d7e] Add OTA execution evidence
 18 files changed, 294 insertions(+), 4 deletions(-)
 create mode 100644 reports/execution/insight_rebuild_module_112_execution_report.md
 create mode 100644 reports/ota/unified_ota_20260628T105401Z.log
 create mode 100644 reports/ota/unified_ota_20260628T105501Z.log
 create mode 100644 reports/ota/unified_ota_20260628T105601Z.log
 create mode 100644 reports/ota/unified_ota_20260628T105701Z.log
 create mode 100644 reports/ota/unified_ota_20260628T105801Z.log
 create mode 100644 reports/ota/unified_ota_20260628T105901Z.log
 create mode 100644 reports/ota/unified_ota_20260628T110001Z.log
 create mode 100644 reports/ota/unified_ota_20260628T110101Z.log
 create mode 100644 reports/ota/unified_ota_20260628T110201Z.log
 create mode 100644 reports/ota/unified_ota_20260628T110301Z.log
 create mode 100644 reports/ota/unified_ota_20260628T110401Z.log
 create mode 100644 reports/ota/unified_ota_20260628T110501Z.log
 create mode 100644 reports/testing/insight_rebuild_module_112_test_result.json
To github.com:ShanGouXueHui/oris-commercial-insight-employee.git
   454f557..4336d7e  main -> main
