timestamp: 20260627T125701Z
entry: unified-OTA-entry.sh
instruction: ops/ota/next_instruction.json
From github.com:ShanGouXueHui/oris-commercial-insight-employee
 * branch            main       -> FETCH_HEAD
   069a068..bee45d0  main       -> origin/main
Updating 069a068..bee45d0
Fast-forward
 ops/ota/next_instruction.json | 2 +-
 1 file changed, 1 insertion(+), 1 deletion(-)
instruction_seq: 90
last_instruction_seq: 89
----------------------------------------------------------------------
Ran 380 tests in 0.320s

OK
Evidence: reports/testing/latest_test_result.json; reports/execution/insight_rebuild_module_88_execution_report.md
[main 5a55e9d] Add OTA execution evidence
 12 files changed, 178 insertions(+), 4 deletions(-)
 create mode 100644 reports/execution/insight_rebuild_module_88_execution_report.md
 create mode 100644 reports/ota/unified_ota_20260627T125201Z.log
 create mode 100644 reports/ota/unified_ota_20260627T125301Z.log
 create mode 100644 reports/ota/unified_ota_20260627T125401Z.log
 create mode 100644 reports/ota/unified_ota_20260627T125501Z.log
 create mode 100644 reports/ota/unified_ota_20260627T125601Z.log
 create mode 100644 reports/ota/unified_ota_20260627T125701Z.log
 create mode 100644 reports/testing/insight_rebuild_module_88_test_result.json
To github.com:ShanGouXueHui/oris-commercial-insight-employee.git
   bee45d0..5a55e9d  main -> main
