timestamp: 20260628T151401Z
entry: unified-OTA-entry.sh
instruction: ops/ota/next_instruction.json
From github.com:ShanGouXueHui/oris-commercial-insight-employee
 * branch            main       -> FETCH_HEAD
   b597bfa..9a81f61  main       -> origin/main
Updating b597bfa..9a81f61
Fast-forward
 ops/ota/next_instruction.json | 2 +-
 scripts/w70.py                | 8 ++++----
 2 files changed, 5 insertions(+), 5 deletions(-)
instruction_seq: 137
last_instruction_seq: 136
----------------------------------------------------------------------
Ran 380 tests in 0.317s

OK
Evidence: reports/testing/latest_test_result.json; reports/execution/insight_rebuild_module_135_execution_report.md
[main dabbeec] Add OTA execution evidence
 10 files changed, 126 insertions(+), 4 deletions(-)
 create mode 100644 reports/execution/insight_rebuild_module_135_execution_report.md
 create mode 100644 reports/ota/unified_ota_20260628T151101Z.log
 create mode 100644 reports/ota/unified_ota_20260628T151201Z.log
 create mode 100644 reports/ota/unified_ota_20260628T151301Z.log
 create mode 100644 reports/ota/unified_ota_20260628T151401Z.log
 create mode 100644 reports/testing/insight_rebuild_module_135_test_result.json
To github.com:ShanGouXueHui/oris-commercial-insight-employee.git
   9a81f61..dabbeec  main -> main
