timestamp: 20260627T124101Z
entry: unified-OTA-entry.sh
instruction: ops/ota/next_instruction.json
From github.com:ShanGouXueHui/oris-commercial-insight-employee
 * branch            main       -> FETCH_HEAD
   ff65a49..b82b1f4  main       -> origin/main
Updating ff65a49..b82b1f4
Fast-forward
 ops/ota/next_instruction.json | 2 +-
 scripts/w70.py                | 8 ++++----
 2 files changed, 5 insertions(+), 5 deletions(-)
instruction_seq: 87
last_instruction_seq: 86
----------------------------------------------------------------------
Ran 380 tests in 0.316s

OK
Evidence: reports/testing/latest_test_result.json; reports/execution/insight_rebuild_module_85_execution_report.md
[main 3a67de5] Add OTA execution evidence
 7 files changed, 70 insertions(+), 4 deletions(-)
 create mode 100644 reports/execution/insight_rebuild_module_85_execution_report.md
 create mode 100644 reports/ota/unified_ota_20260627T124101Z.log
 create mode 100644 reports/testing/insight_rebuild_module_85_test_result.json
To github.com:ShanGouXueHui/oris-commercial-insight-employee.git
   b82b1f4..3a67de5  main -> main
