timestamp: 20260627T115001Z
entry: unified-OTA-entry.sh
instruction: ops/ota/next_instruction.json
From github.com:ShanGouXueHui/oris-commercial-insight-employee
 * branch            main       -> FETCH_HEAD
Already up to date.
instruction_seq: 70
last_instruction_seq: 
----------------------------------------------------------------------
Ran 360 tests in 0.324s

OK
Evidence: reports/testing/latest_test_result.json; reports/execution/insight_rebuild_module_70_execution_report.md
[main 35d3692] Add module 70 execution evidence
 9 files changed, 130 insertions(+), 27 deletions(-)
 create mode 100644 reports/execution/insight_rebuild_module_70_execution_report.md
 create mode 100644 reports/ota/last_instruction_seq.txt
 create mode 100644 reports/ota/unified_ota_20260627T115001Z.log
 create mode 100644 reports/ota/unified_ota_loop.log
 create mode 100644 reports/testing/insight_rebuild_module_70_test_result.json
 rewrite reports/testing/latest_test_result.json (75%)
To github.com:ShanGouXueHui/oris-commercial-insight-employee.git
   14aca8a..35d3692  main -> main
