timestamp: 20260628T123501Z
entry: unified-OTA-entry.sh
instruction: ops/ota/next_instruction.json
From github.com:ShanGouXueHui/oris-commercial-insight-employee
 * branch            main       -> FETCH_HEAD
   818e8af..a85caa5  main       -> origin/main
Updating 818e8af..a85caa5
Fast-forward
 ops/ota/next_instruction.json | 2 +-
 scripts/w70.py                | 8 ++++----
 2 files changed, 5 insertions(+), 5 deletions(-)
instruction_seq: 124
last_instruction_seq: 123
----------------------------------------------------------------------
Ran 380 tests in 0.313s

OK
Evidence: reports/testing/latest_test_result.json; reports/execution/insight_rebuild_module_122_execution_report.md
[main 063a15b] Add OTA execution evidence
 9 files changed, 110 insertions(+), 4 deletions(-)
 create mode 100644 reports/execution/insight_rebuild_module_122_execution_report.md
 create mode 100644 reports/ota/unified_ota_20260628T123301Z.log
 create mode 100644 reports/ota/unified_ota_20260628T123401Z.log
 create mode 100644 reports/ota/unified_ota_20260628T123501Z.log
 create mode 100644 reports/testing/insight_rebuild_module_122_test_result.json
To github.com:ShanGouXueHui/oris-commercial-insight-employee.git
   a85caa5..063a15b  main -> main
