timestamp: 20260628T125101Z
entry: unified-OTA-entry.sh
instruction: ops/ota/next_instruction.json
From github.com:ShanGouXueHui/oris-commercial-insight-employee
 * branch            main       -> FETCH_HEAD
   d26d4fc..2415e59  main       -> origin/main
Updating d26d4fc..2415e59
Fast-forward
 ops/ota/next_instruction.json | 2 +-
 scripts/w70.py                | 8 ++++----
 2 files changed, 5 insertions(+), 5 deletions(-)
instruction_seq: 128
last_instruction_seq: 127
----------------------------------------------------------------------
Ran 380 tests in 0.319s

OK
Evidence: reports/testing/latest_test_result.json; reports/execution/insight_rebuild_module_126_execution_report.md
[main 87fa534] Add OTA execution evidence
 7 files changed, 72 insertions(+), 4 deletions(-)
 create mode 100644 reports/execution/insight_rebuild_module_126_execution_report.md
 create mode 100644 reports/ota/unified_ota_20260628T125101Z.log
 create mode 100644 reports/testing/insight_rebuild_module_126_test_result.json
To github.com:ShanGouXueHui/oris-commercial-insight-employee.git
   2415e59..87fa534  main -> main
