timestamp: 20260628T160801Z
entry: unified-OTA-entry.sh
instruction: ops/ota/next_instruction.json
From github.com:ShanGouXueHui/oris-commercial-insight-employee
 * branch            main       -> FETCH_HEAD
Already up to date.
instruction_seq: 157
last_instruction_seq: 156
----------------------------------------------------------------------
Ran 380 tests in 0.362s

OK
Evidence: reports/testing/latest_test_result.json; reports/execution/insight_rebuild_module_155_execution_report.md
[main 0dec46e] Add OTA execution evidence
 10 files changed, 116 insertions(+), 4 deletions(-)
 create mode 100644 reports/execution/insight_rebuild_module_155_execution_report.md
 create mode 100644 reports/ota/unified_ota_20260628T160501Z.log
 create mode 100644 reports/ota/unified_ota_20260628T160601Z.log
 create mode 100644 reports/ota/unified_ota_20260628T160701Z.log
 create mode 100644 reports/ota/unified_ota_20260628T160801Z.log
 create mode 100644 reports/testing/insight_rebuild_module_155_test_result.json
To github.com:ShanGouXueHui/oris-commercial-insight-employee.git
   136e1c5..0dec46e  main -> main
