timestamp: 20260627T220301Z
entry: unified-OTA-entry.sh
instruction: ops/ota/next_instruction.json
From github.com:ShanGouXueHui/oris-commercial-insight-employee
 * branch            main       -> FETCH_HEAD
   053fd54..2cc9c03  main       -> origin/main
Updating 053fd54..2cc9c03
Fast-forward
 ops/ota/next_instruction.json | 2 +-
 scripts/w70.py                | 8 ++++----
 2 files changed, 5 insertions(+), 5 deletions(-)
instruction_seq: 107
last_instruction_seq: 106
----------------------------------------------------------------------
Ran 380 tests in 0.304s

OK
Evidence: reports/testing/latest_test_result.json; reports/execution/insight_rebuild_module_105_execution_report.md
[main 5042907] Add OTA execution evidence
 10 files changed, 142 insertions(+), 4 deletions(-)
 create mode 100644 reports/execution/insight_rebuild_module_105_execution_report.md
 create mode 100644 reports/ota/unified_ota_20260627T220001Z.log
 create mode 100644 reports/ota/unified_ota_20260627T220101Z.log
 create mode 100644 reports/ota/unified_ota_20260627T220201Z.log
 create mode 100644 reports/ota/unified_ota_20260627T220301Z.log
 create mode 100644 reports/testing/insight_rebuild_module_105_test_result.json
To github.com:ShanGouXueHui/oris-commercial-insight-employee.git
   2cc9c03..5042907  main -> main
