timestamp: 20260628T174201Z
entry: unified-OTA-entry.sh
instruction: ops/ota/next_instruction.json
From github.com:ShanGouXueHui/oris-commercial-insight-employee
 * branch            main       -> FETCH_HEAD
Already up to date.
instruction_seq: 158
last_instruction_seq: 157
----------------------------------------------------------------------
Ran 380 tests in 0.318s

OK
Evidence: reports/testing/latest_test_result.json; reports/execution/insight_rebuild_module_156_execution_report.md
[main 359c20e] Add OTA execution evidence
 100 files changed, 1748 insertions(+), 4 deletions(-)
 create mode 100644 reports/execution/insight_rebuild_module_156_execution_report.md
 create mode 100644 reports/ota/unified_ota_20260628T160901Z.log
 create mode 100644 reports/ota/unified_ota_20260628T161001Z.log
 create mode 100644 reports/ota/unified_ota_20260628T161101Z.log
 create mode 100644 reports/ota/unified_ota_20260628T161201Z.log
 create mode 100644 reports/ota/unified_ota_20260628T161301Z.log
 create mode 100644 reports/ota/unified_ota_20260628T161401Z.log
 create mode 100644 reports/ota/unified_ota_20260628T161501Z.log
 create mode 100644 reports/ota/unified_ota_20260628T161601Z.log
 create mode 100644 reports/ota/unified_ota_20260628T161701Z.log
 create mode 100644 reports/ota/unified_ota_20260628T161801Z.log
 create mode 100644 reports/ota/unified_ota_20260628T161901Z.log
 create mode 100644 reports/ota/unified_ota_20260628T162001Z.log
 create mode 100644 reports/ota/unified_ota_20260628T162101Z.log
 create mode 100644 reports/ota/unified_ota_20260628T162201Z.log
 create mode 100644 reports/ota/unified_ota_20260628T162301Z.log
 create mode 100644 reports/ota/unified_ota_20260628T162401Z.log
 create mode 100644 reports/ota/unified_ota_20260628T162501Z.log
 create mode 100644 reports/ota/unified_ota_20260628T162601Z.log
 create mode 100644 reports/ota/unified_ota_20260628T162701Z.log
 create mode 100644 reports/ota/unified_ota_20260628T162801Z.log
 create mode 100644 reports/ota/unified_ota_20260628T162901Z.log
 create mode 100644 reports/ota/unified_ota_20260628T163001Z.log
 create mode 100644 reports/ota/unified_ota_20260628T163101Z.log
 create mode 100644 reports/ota/unified_ota_20260628T163201Z.log
 create mode 100644 reports/ota/unified_ota_20260628T163301Z.log
 create mode 100644 reports/ota/unified_ota_20260628T163401Z.log
 create mode 100644 reports/ota/unified_ota_20260628T163501Z.log
 create mode 100644 reports/ota/unified_ota_20260628T163601Z.log
 create mode 100644 reports/ota/unified_ota_20260628T163701Z.log
 create mode 100644 reports/ota/unified_ota_20260628T163801Z.log
 create mode 100644 reports/ota/unified_ota_20260628T163901Z.log
 create mode 100644 reports/ota/unified_ota_20260628T164001Z.log
 create mode 100644 reports/ota/unified_ota_20260628T164101Z.log
 create mode 100644 reports/ota/unified_ota_20260628T164201Z.log
 create mode 100644 reports/ota/unified_ota_20260628T164301Z.log
 create mode 100644 reports/ota/unified_ota_20260628T164401Z.log
 create mode 100644 reports/ota/unified_ota_20260628T164501Z.log
 create mode 100644 reports/ota/unified_ota_20260628T164601Z.log
 create mode 100644 reports/ota/unified_ota_20260628T164701Z.log
 create mode 100644 reports/ota/unified_ota_20260628T164801Z.log
 create mode 100644 reports/ota/unified_ota_20260628T164901Z.log
 create mode 100644 reports/ota/unified_ota_20260628T165001Z.log
 create mode 100644 reports/ota/unified_ota_20260628T165101Z.log
 create mode 100644 reports/ota/unified_ota_20260628T165201Z.log
 create mode 100644 reports/ota/unified_ota_20260628T165301Z.log
 create mode 100644 reports/ota/unified_ota_20260628T165401Z.log
 create mode 100644 reports/ota/unified_ota_20260628T165501Z.log
 create mode 100644 reports/ota/unified_ota_20260628T165601Z.log
 create mode 100644 reports/ota/unified_ota_20260628T165701Z.log
 create mode 100644 reports/ota/unified_ota_20260628T165801Z.log
 create mode 100644 reports/ota/unified_ota_20260628T165901Z.log
 create mode 100644 reports/ota/unified_ota_20260628T170001Z.log
 create mode 100644 reports/ota/unified_ota_20260628T170101Z.log
 create mode 100644 reports/ota/unified_ota_20260628T170201Z.log
 create mode 100644 reports/ota/unified_ota_20260628T170301Z.log
 create mode 100644 reports/ota/unified_ota_20260628T170401Z.log
 create mode 100644 reports/ota/unified_ota_20260628T170501Z.log
 create mode 100644 reports/ota/unified_ota_20260628T170601Z.log
 create mode 100644 reports/ota/unified_ota_20260628T170701Z.log
 create mode 100644 reports/ota/unified_ota_20260628T170801Z.log
 create mode 100644 reports/ota/unified_ota_20260628T170901Z.log
 create mode 100644 reports/ota/unified_ota_20260628T171001Z.log
 create mode 100644 reports/ota/unified_ota_20260628T171101Z.log
 create mode 100644 reports/ota/unified_ota_20260628T171201Z.log
 create mode 100644 reports/ota/unified_ota_20260628T171301Z.log
 create mode 100644 reports/ota/unified_ota_20260628T171401Z.log
 create mode 100644 reports/ota/unified_ota_20260628T171501Z.log
 create mode 100644 reports/ota/unified_ota_20260628T171601Z.log
 create mode 100644 reports/ota/unified_ota_20260628T171701Z.log
 create mode 100644 reports/ota/unified_ota_20260628T171801Z.log
 create mode 100644 reports/ota/unified_ota_20260628T171901Z.log
 create mode 100644 reports/ota/unified_ota_20260628T172001Z.log
 create mode 100644 reports/ota/unified_ota_20260628T172101Z.log
 create mode 100644 reports/ota/unified_ota_20260628T172201Z.log
 create mode 100644 reports/ota/unified_ota_20260628T172301Z.log
 create mode 100644 reports/ota/unified_ota_20260628T172401Z.log
 create mode 100644 reports/ota/unified_ota_20260628T172501Z.log
 create mode 100644 reports/ota/unified_ota_20260628T172601Z.log
 create mode 100644 reports/ota/unified_ota_20260628T172701Z.log
 create mode 100644 reports/ota/unified_ota_20260628T172801Z.log
 create mode 100644 reports/ota/unified_ota_20260628T172901Z.log
 create mode 100644 reports/ota/unified_ota_20260628T173001Z.log
 create mode 100644 reports/ota/unified_ota_20260628T173101Z.log
 create mode 100644 reports/ota/unified_ota_20260628T173201Z.log
 create mode 100644 reports/ota/unified_ota_20260628T173301Z.log
 create mode 100644 reports/ota/unified_ota_20260628T173402Z.log
 create mode 100644 reports/ota/unified_ota_20260628T173501Z.log
 create mode 100644 reports/ota/unified_ota_20260628T173601Z.log
 create mode 100644 reports/ota/unified_ota_20260628T173701Z.log
 create mode 100644 reports/ota/unified_ota_20260628T173801Z.log
 create mode 100644 reports/ota/unified_ota_20260628T173901Z.log
 create mode 100644 reports/ota/unified_ota_20260628T174001Z.log
 create mode 100644 reports/ota/unified_ota_20260628T174101Z.log
 create mode 100644 reports/ota/unified_ota_20260628T174201Z.log
 create mode 100644 reports/testing/insight_rebuild_module_156_test_result.json
To github.com:ShanGouXueHui/oris-commercial-insight-employee.git
   f8d4080..359c20e  main -> main
