timestamp: 20260628T155501Z
entry: unified-OTA-entry.sh
instruction: ops/ota/next_instruction.json
From github.com:ShanGouXueHui/oris-commercial-insight-employee
 * branch            main       -> FETCH_HEAD
   0d86c20..a818cdf  main       -> origin/main
Updating 0d86c20..a818cdf
Fast-forward
 ops/ota/next_instruction.json | 2 +-
 scripts/w70.py                | 8 ++++----
 2 files changed, 5 insertions(+), 5 deletions(-)
instruction_seq: 152
last_instruction_seq: 151
----------------------------------------------------------------------
Ran 380 tests in 0.318s

OK
Evidence: reports/testing/latest_test_result.json; reports/execution/insight_rebuild_module_150_execution_report.md
[main 4757f1f] Add OTA execution evidence
 9 files changed, 106 insertions(+), 4 deletions(-)
 create mode 100644 reports/execution/insight_rebuild_module_150_execution_report.md
 create mode 100644 reports/ota/unified_ota_20260628T155301Z.log
 create mode 100644 reports/ota/unified_ota_20260628T155401Z.log
 create mode 100644 reports/ota/unified_ota_20260628T155501Z.log
 create mode 100644 reports/testing/insight_rebuild_module_150_test_result.json
To github.com:ShanGouXueHui/oris-commercial-insight-employee.git
   a818cdf..4757f1f  main -> main
