timestamp: 20260627T203601Z
entry: unified-OTA-entry.sh
instruction: ops/ota/next_instruction.json
From github.com:ShanGouXueHui/oris-commercial-insight-employee
 * branch            main       -> FETCH_HEAD
   8eb93e1..4b5e9f8  main       -> origin/main
Updating 8eb93e1..4b5e9f8
Fast-forward
 ops/ota/next_instruction.json | 2 +-
 scripts/w70.py                | 8 ++++----
 2 files changed, 5 insertions(+), 5 deletions(-)
instruction_seq: 94
last_instruction_seq: 93
----------------------------------------------------------------------
Ran 380 tests in 0.344s

OK
Evidence: reports/testing/latest_test_result.json; reports/execution/insight_rebuild_module_92_execution_report.md
[main 8c7fba9] Add OTA execution evidence
 461 files changed, 8244 insertions(+), 4 deletions(-)
 create mode 100644 reports/execution/insight_rebuild_module_92_execution_report.md
 create mode 100644 reports/ota/unified_ota_20260627T130201Z.log
 create mode 100644 reports/ota/unified_ota_20260627T130301Z.log
 create mode 100644 reports/ota/unified_ota_20260627T130401Z.log
 create mode 100644 reports/ota/unified_ota_20260627T130501Z.log
 create mode 100644 reports/ota/unified_ota_20260627T130601Z.log
 create mode 100644 reports/ota/unified_ota_20260627T130701Z.log
 create mode 100644 reports/ota/unified_ota_20260627T130801Z.log
 create mode 100644 reports/ota/unified_ota_20260627T130901Z.log
 create mode 100644 reports/ota/unified_ota_20260627T131001Z.log
 create mode 100644 reports/ota/unified_ota_20260627T131101Z.log
 create mode 100644 reports/ota/unified_ota_20260627T131201Z.log
 create mode 100644 reports/ota/unified_ota_20260627T131301Z.log
 create mode 100644 reports/ota/unified_ota_20260627T131401Z.log
 create mode 100644 reports/ota/unified_ota_20260627T131501Z.log
 create mode 100644 reports/ota/unified_ota_20260627T131601Z.log
 create mode 100644 reports/ota/unified_ota_20260627T131701Z.log
 create mode 100644 reports/ota/unified_ota_20260627T131801Z.log
 create mode 100644 reports/ota/unified_ota_20260627T131901Z.log
 create mode 100644 reports/ota/unified_ota_20260627T132001Z.log
 create mode 100644 reports/ota/unified_ota_20260627T132101Z.log
 create mode 100644 reports/ota/unified_ota_20260627T132201Z.log
 create mode 100644 reports/ota/unified_ota_20260627T132301Z.log
 create mode 100644 reports/ota/unified_ota_20260627T132401Z.log
 create mode 100644 reports/ota/unified_ota_20260627T132501Z.log
 create mode 100644 reports/ota/unified_ota_20260627T132601Z.log
 create mode 100644 reports/ota/unified_ota_20260627T132701Z.log
 create mode 100644 reports/ota/unified_ota_20260627T132802Z.log
 create mode 100644 reports/ota/unified_ota_20260627T132901Z.log
 create mode 100644 reports/ota/unified_ota_20260627T133001Z.log
 create mode 100644 reports/ota/unified_ota_20260627T133101Z.log
 create mode 100644 reports/ota/unified_ota_20260627T133201Z.log
 create mode 100644 reports/ota/unified_ota_20260627T133301Z.log
 create mode 100644 reports/ota/unified_ota_20260627T133401Z.log
 create mode 100644 reports/ota/unified_ota_20260627T133501Z.log
 create mode 100644 reports/ota/unified_ota_20260627T133601Z.log
 create mode 100644 reports/ota/unified_ota_20260627T133701Z.log
 create mode 100644 reports/ota/unified_ota_20260627T133801Z.log
 create mode 100644 reports/ota/unified_ota_20260627T133901Z.log
 create mode 100644 reports/ota/unified_ota_20260627T134001Z.log
 create mode 100644 reports/ota/unified_ota_20260627T134101Z.log
 create mode 100644 reports/ota/unified_ota_20260627T134201Z.log
 create mode 100644 reports/ota/unified_ota_20260627T134302Z.log
 create mode 100644 reports/ota/unified_ota_20260627T134401Z.log
 create mode 100644 reports/ota/unified_ota_20260627T134501Z.log
 create mode 100644 reports/ota/unified_ota_20260627T134601Z.log
 create mode 100644 reports/ota/unified_ota_20260627T134701Z.log
 create mode 100644 reports/ota/unified_ota_20260627T134801Z.log
 create mode 100644 reports/ota/unified_ota_20260627T134901Z.log
 create mode 100644 reports/ota/unified_ota_20260627T135001Z.log
 create mode 100644 reports/ota/unified_ota_20260627T135101Z.log
 create mode 100644 reports/ota/unified_ota_20260627T135201Z.log
 create mode 100644 reports/ota/unified_ota_20260627T135301Z.log
 create mode 100644 reports/ota/unified_ota_20260627T135401Z.log
 create mode 100644 reports/ota/unified_ota_20260627T135501Z.log
 create mode 100644 reports/ota/unified_ota_20260627T135601Z.log
 create mode 100644 reports/ota/unified_ota_20260627T135701Z.log
 create mode 100644 reports/ota/unified_ota_20260627T135801Z.log
 create mode 100644 reports/ota/unified_ota_20260627T135901Z.log
 create mode 100644 reports/ota/unified_ota_20260627T140001Z.log
 create mode 100644 reports/ota/unified_ota_20260627T140101Z.log
 create mode 100644 reports/ota/unified_ota_20260627T140201Z.log
 create mode 100644 reports/ota/unified_ota_20260627T140301Z.log
 create mode 100644 reports/ota/unified_ota_20260627T140401Z.log
 create mode 100644 reports/ota/unified_ota_20260627T140501Z.log
 create mode 100644 reports/ota/unified_ota_20260627T140601Z.log
 create mode 100644 reports/ota/unified_ota_20260627T140701Z.log
 create mode 100644 reports/ota/unified_ota_20260627T140801Z.log
 create mode 100644 reports/ota/unified_ota_20260627T140901Z.log
 create mode 100644 reports/ota/unified_ota_20260627T141001Z.log
 create mode 100644 reports/ota/unified_ota_20260627T141101Z.log
 create mode 100644 reports/ota/unified_ota_20260627T141201Z.log
 create mode 100644 reports/ota/unified_ota_20260627T141301Z.log
 create mode 100644 reports/ota/unified_ota_20260627T141401Z.log
 create mode 100644 reports/ota/unified_ota_20260627T141501Z.log
 create mode 100644 reports/ota/unified_ota_20260627T141601Z.log
 create mode 100644 reports/ota/unified_ota_20260627T141701Z.log
 create mode 100644 reports/ota/unified_ota_20260627T141801Z.log
 create mode 100644 reports/ota/unified_ota_20260627T141901Z.log
 create mode 100644 reports/ota/unified_ota_20260627T142001Z.log
 create mode 100644 reports/ota/unified_ota_20260627T142101Z.log
 create mode 100644 reports/ota/unified_ota_20260627T142201Z.log
 create mode 100644 reports/ota/unified_ota_20260627T142301Z.log
 create mode 100644 reports/ota/unified_ota_20260627T142401Z.log
 create mode 100644 reports/ota/unified_ota_20260627T142501Z.log
 create mode 100644 reports/ota/unified_ota_20260627T142601Z.log
 create mode 100644 reports/ota/unified_ota_20260627T142701Z.log
 create mode 100644 reports/ota/unified_ota_20260627T142801Z.log
 create mode 100644 reports/ota/unified_ota_20260627T142901Z.log
 create mode 100644 reports/ota/unified_ota_20260627T143001Z.log
 create mode 100644 reports/ota/unified_ota_20260627T143101Z.log
 create mode 100644 reports/ota/unified_ota_20260627T143201Z.log
 create mode 100644 reports/ota/unified_ota_20260627T143301Z.log
 create mode 100644 reports/ota/unified_ota_20260627T143401Z.log
 create mode 100644 reports/ota/unified_ota_20260627T143501Z.log
 create mode 100644 reports/ota/unified_ota_20260627T143601Z.log
 create mode 100644 reports/ota/unified_ota_20260627T143701Z.log
 create mode 100644 reports/ota/unified_ota_20260627T143801Z.log
 create mode 100644 reports/ota/unified_ota_20260627T143901Z.log
 create mode 100644 reports/ota/unified_ota_20260627T144002Z.log
 create mode 100644 reports/ota/unified_ota_20260627T144101Z.log
 create mode 100644 reports/ota/unified_ota_20260627T144201Z.log
 create mode 100644 reports/ota/unified_ota_20260627T144301Z.log
 create mode 100644 reports/ota/unified_ota_20260627T144401Z.log
 create mode 100644 reports/ota/unified_ota_20260627T144501Z.log
 create mode 100644 reports/ota/unified_ota_20260627T144601Z.log
 create mode 100644 reports/ota/unified_ota_20260627T144701Z.log
 create mode 100644 reports/ota/unified_ota_20260627T144801Z.log
 create mode 100644 reports/ota/unified_ota_20260627T144901Z.log
 create mode 100644 reports/ota/unified_ota_20260627T145001Z.log
 create mode 100644 reports/ota/unified_ota_20260627T145101Z.log
 create mode 100644 reports/ota/unified_ota_20260627T145201Z.log
 create mode 100644 reports/ota/unified_ota_20260627T145301Z.log
 create mode 100644 reports/ota/unified_ota_20260627T145401Z.log
 create mode 100644 reports/ota/unified_ota_20260627T145501Z.log
 create mode 100644 reports/ota/unified_ota_20260627T145601Z.log
 create mode 100644 reports/ota/unified_ota_20260627T145701Z.log
 create mode 100644 reports/ota/unified_ota_20260627T145801Z.log
 create mode 100644 reports/ota/unified_ota_20260627T145901Z.log
 create mode 100644 reports/ota/unified_ota_20260627T150001Z.log
 create mode 100644 reports/ota/unified_ota_20260627T150101Z.log
 create mode 100644 reports/ota/unified_ota_20260627T150201Z.log
 create mode 100644 reports/ota/unified_ota_20260627T150301Z.log
 create mode 100644 reports/ota/unified_ota_20260627T150401Z.log
 create mode 100644 reports/ota/unified_ota_20260627T150501Z.log
 create mode 100644 reports/ota/unified_ota_20260627T150601Z.log
 create mode 100644 reports/ota/unified_ota_20260627T150701Z.log
 create mode 100644 reports/ota/unified_ota_20260627T150801Z.log
 create mode 100644 reports/ota/unified_ota_20260627T150901Z.log
 create mode 100644 reports/ota/unified_ota_20260627T151001Z.log
 create mode 100644 reports/ota/unified_ota_20260627T151101Z.log
 create mode 100644 reports/ota/unified_ota_20260627T151201Z.log
 create mode 100644 reports/ota/unified_ota_20260627T151301Z.log
 create mode 100644 reports/ota/unified_ota_20260627T151401Z.log
 create mode 100644 reports/ota/unified_ota_20260627T151501Z.log
 create mode 100644 reports/ota/unified_ota_20260627T151601Z.log
 create mode 100644 reports/ota/unified_ota_20260627T151701Z.log
 create mode 100644 reports/ota/unified_ota_20260627T151801Z.log
 create mode 100644 reports/ota/unified_ota_20260627T151901Z.log
 create mode 100644 reports/ota/unified_ota_20260627T152001Z.log
 create mode 100644 reports/ota/unified_ota_20260627T152101Z.log
 create mode 100644 reports/ota/unified_ota_20260627T152201Z.log
 create mode 100644 reports/ota/unified_ota_20260627T152301Z.log
 create mode 100644 reports/ota/unified_ota_20260627T152401Z.log
 create mode 100644 reports/ota/unified_ota_20260627T152501Z.log
 create mode 100644 reports/ota/unified_ota_20260627T152601Z.log
 create mode 100644 reports/ota/unified_ota_20260627T152701Z.log
 create mode 100644 reports/ota/unified_ota_20260627T152801Z.log
 create mode 100644 reports/ota/unified_ota_20260627T152901Z.log
 create mode 100644 reports/ota/unified_ota_20260627T153001Z.log
 create mode 100644 reports/ota/unified_ota_20260627T153101Z.log
 create mode 100644 reports/ota/unified_ota_20260627T153201Z.log
 create mode 100644 reports/ota/unified_ota_20260627T153301Z.log
 create mode 100644 reports/ota/unified_ota_20260627T153401Z.log
 create mode 100644 reports/ota/unified_ota_20260627T153501Z.log
 create mode 100644 reports/ota/unified_ota_20260627T153601Z.log
 create mode 100644 reports/ota/unified_ota_20260627T153701Z.log
 create mode 100644 reports/ota/unified_ota_20260627T153801Z.log
 create mode 100644 reports/ota/unified_ota_20260627T153901Z.log
 create mode 100644 reports/ota/unified_ota_20260627T154001Z.log
 create mode 100644 reports/ota/unified_ota_20260627T154101Z.log
 create mode 100644 reports/ota/unified_ota_20260627T154201Z.log
 create mode 100644 reports/ota/unified_ota_20260627T154301Z.log
 create mode 100644 reports/ota/unified_ota_20260627T154401Z.log
 create mode 100644 reports/ota/unified_ota_20260627T154501Z.log
 create mode 100644 reports/ota/unified_ota_20260627T154601Z.log
 create mode 100644 reports/ota/unified_ota_20260627T154701Z.log
 create mode 100644 reports/ota/unified_ota_20260627T154801Z.log
 create mode 100644 reports/ota/unified_ota_20260627T154901Z.log
 create mode 100644 reports/ota/unified_ota_20260627T155001Z.log
 create mode 100644 reports/ota/unified_ota_20260627T155101Z.log
 create mode 100644 reports/ota/unified_ota_20260627T155201Z.log
 create mode 100644 reports/ota/unified_ota_20260627T155301Z.log
 create mode 100644 reports/ota/unified_ota_20260627T155401Z.log
 create mode 100644 reports/ota/unified_ota_20260627T155501Z.log
 create mode 100644 reports/ota/unified_ota_20260627T155601Z.log
 create mode 100644 reports/ota/unified_ota_20260627T155701Z.log
 create mode 100644 reports/ota/unified_ota_20260627T155801Z.log
 create mode 100644 reports/ota/unified_ota_20260627T155901Z.log
 create mode 100644 reports/ota/unified_ota_20260627T160001Z.log
 create mode 100644 reports/ota/unified_ota_20260627T160101Z.log
 create mode 100644 reports/ota/unified_ota_20260627T160201Z.log
 create mode 100644 reports/ota/unified_ota_20260627T160301Z.log
 create mode 100644 reports/ota/unified_ota_20260627T160401Z.log
 create mode 100644 reports/ota/unified_ota_20260627T160501Z.log
 create mode 100644 reports/ota/unified_ota_20260627T160601Z.log
 create mode 100644 reports/ota/unified_ota_20260627T160701Z.log
 create mode 100644 reports/ota/unified_ota_20260627T160801Z.log
 create mode 100644 reports/ota/unified_ota_20260627T160901Z.log
 create mode 100644 reports/ota/unified_ota_20260627T161001Z.log
 create mode 100644 reports/ota/unified_ota_20260627T161101Z.log
 create mode 100644 reports/ota/unified_ota_20260627T161201Z.log
 create mode 100644 reports/ota/unified_ota_20260627T161301Z.log
 create mode 100644 reports/ota/unified_ota_20260627T161401Z.log
 create mode 100644 reports/ota/unified_ota_20260627T161502Z.log
 create mode 100644 reports/ota/unified_ota_20260627T161601Z.log
 create mode 100644 reports/ota/unified_ota_20260627T161701Z.log
 create mode 100644 reports/ota/unified_ota_20260627T161801Z.log
 create mode 100644 reports/ota/unified_ota_20260627T161901Z.log
 create mode 100644 reports/ota/unified_ota_20260627T162001Z.log
 create mode 100644 reports/ota/unified_ota_20260627T162101Z.log
 create mode 100644 reports/ota/unified_ota_20260627T162201Z.log
 create mode 100644 reports/ota/unified_ota_20260627T162301Z.log
 create mode 100644 reports/ota/unified_ota_20260627T162401Z.log
 create mode 100644 reports/ota/unified_ota_20260627T162501Z.log
 create mode 100644 reports/ota/unified_ota_20260627T162601Z.log
 create mode 100644 reports/ota/unified_ota_20260627T162701Z.log
 create mode 100644 reports/ota/unified_ota_20260627T162801Z.log
 create mode 100644 reports/ota/unified_ota_20260627T162901Z.log
 create mode 100644 reports/ota/unified_ota_20260627T163001Z.log
 create mode 100644 reports/ota/unified_ota_20260627T163101Z.log
 create mode 100644 reports/ota/unified_ota_20260627T163201Z.log
 create mode 100644 reports/ota/unified_ota_20260627T163301Z.log
 create mode 100644 reports/ota/unified_ota_20260627T163401Z.log
 create mode 100644 reports/ota/unified_ota_20260627T163501Z.log
 create mode 100644 reports/ota/unified_ota_20260627T163601Z.log
 create mode 100644 reports/ota/unified_ota_20260627T163701Z.log
 create mode 100644 reports/ota/unified_ota_20260627T163801Z.log
 create mode 100644 reports/ota/unified_ota_20260627T163901Z.log
 create mode 100644 reports/ota/unified_ota_20260627T164001Z.log
 create mode 100644 reports/ota/unified_ota_20260627T164101Z.log
 create mode 100644 reports/ota/unified_ota_20260627T164201Z.log
 create mode 100644 reports/ota/unified_ota_20260627T164301Z.log
 create mode 100644 reports/ota/unified_ota_20260627T164401Z.log
 create mode 100644 reports/ota/unified_ota_20260627T164501Z.log
 create mode 100644 reports/ota/unified_ota_20260627T164601Z.log
 create mode 100644 reports/ota/unified_ota_20260627T164701Z.log
 create mode 100644 reports/ota/unified_ota_20260627T164801Z.log
 create mode 100644 reports/ota/unified_ota_20260627T164901Z.log
 create mode 100644 reports/ota/unified_ota_20260627T165001Z.log
 create mode 100644 reports/ota/unified_ota_20260627T165101Z.log
 create mode 100644 reports/ota/unified_ota_20260627T165201Z.log
 create mode 100644 reports/ota/unified_ota_20260627T165301Z.log
 create mode 100644 reports/ota/unified_ota_20260627T165401Z.log
 create mode 100644 reports/ota/unified_ota_20260627T165501Z.log
 create mode 100644 reports/ota/unified_ota_20260627T165601Z.log
 create mode 100644 reports/ota/unified_ota_20260627T165701Z.log
 create mode 100644 reports/ota/unified_ota_20260627T165801Z.log
 create mode 100644 reports/ota/unified_ota_20260627T165901Z.log
 create mode 100644 reports/ota/unified_ota_20260627T170001Z.log
 create mode 100644 reports/ota/unified_ota_20260627T170101Z.log
 create mode 100644 reports/ota/unified_ota_20260627T170201Z.log
 create mode 100644 reports/ota/unified_ota_20260627T170301Z.log
 create mode 100644 reports/ota/unified_ota_20260627T170401Z.log
 create mode 100644 reports/ota/unified_ota_20260627T170501Z.log
 create mode 100644 reports/ota/unified_ota_20260627T170601Z.log
 create mode 100644 reports/ota/unified_ota_20260627T170701Z.log
 create mode 100644 reports/ota/unified_ota_20260627T170801Z.log
 create mode 100644 reports/ota/unified_ota_20260627T170901Z.log
 create mode 100644 reports/ota/unified_ota_20260627T171001Z.log
 create mode 100644 reports/ota/unified_ota_20260627T171101Z.log
 create mode 100644 reports/ota/unified_ota_20260627T171201Z.log
 create mode 100644 reports/ota/unified_ota_20260627T171301Z.log
 create mode 100644 reports/ota/unified_ota_20260627T171401Z.log
 create mode 100644 reports/ota/unified_ota_20260627T171501Z.log
 create mode 100644 reports/ota/unified_ota_20260627T171601Z.log
 create mode 100644 reports/ota/unified_ota_20260627T171701Z.log
 create mode 100644 reports/ota/unified_ota_20260627T171801Z.log
 create mode 100644 reports/ota/unified_ota_20260627T171902Z.log
 create mode 100644 reports/ota/unified_ota_20260627T172001Z.log
 create mode 100644 reports/ota/unified_ota_20260627T172101Z.log
 create mode 100644 reports/ota/unified_ota_20260627T172201Z.log
 create mode 100644 reports/ota/unified_ota_20260627T172301Z.log
 create mode 100644 reports/ota/unified_ota_20260627T172401Z.log
 create mode 100644 reports/ota/unified_ota_20260627T172501Z.log
 create mode 100644 reports/ota/unified_ota_20260627T172601Z.log
 create mode 100644 reports/ota/unified_ota_20260627T172701Z.log
 create mode 100644 reports/ota/unified_ota_20260627T172801Z.log
 create mode 100644 reports/ota/unified_ota_20260627T172901Z.log
 create mode 100644 reports/ota/unified_ota_20260627T173001Z.log
 create mode 100644 reports/ota/unified_ota_20260627T173101Z.log
 create mode 100644 reports/ota/unified_ota_20260627T173201Z.log
 create mode 100644 reports/ota/unified_ota_20260627T173301Z.log
 create mode 100644 reports/ota/unified_ota_20260627T173401Z.log
 create mode 100644 reports/ota/unified_ota_20260627T173501Z.log
 create mode 100644 reports/ota/unified_ota_20260627T173601Z.log
 create mode 100644 reports/ota/unified_ota_20260627T173701Z.log
 create mode 100644 reports/ota/unified_ota_20260627T173801Z.log
 create mode 100644 reports/ota/unified_ota_20260627T173901Z.log
 create mode 100644 reports/ota/unified_ota_20260627T174001Z.log
 create mode 100644 reports/ota/unified_ota_20260627T174101Z.log
 create mode 100644 reports/ota/unified_ota_20260627T174201Z.log
 create mode 100644 reports/ota/unified_ota_20260627T174301Z.log
 create mode 100644 reports/ota/unified_ota_20260627T174401Z.log
 create mode 100644 reports/ota/unified_ota_20260627T174501Z.log
 create mode 100644 reports/ota/unified_ota_20260627T174601Z.log
 create mode 100644 reports/ota/unified_ota_20260627T174701Z.log
 create mode 100644 reports/ota/unified_ota_20260627T174801Z.log
 create mode 100644 reports/ota/unified_ota_20260627T174901Z.log
 create mode 100644 reports/ota/unified_ota_20260627T175001Z.log
 create mode 100644 reports/ota/unified_ota_20260627T175101Z.log
 create mode 100644 reports/ota/unified_ota_20260627T175201Z.log
 create mode 100644 reports/ota/unified_ota_20260627T175301Z.log
 create mode 100644 reports/ota/unified_ota_20260627T175401Z.log
 create mode 100644 reports/ota/unified_ota_20260627T175501Z.log
 create mode 100644 reports/ota/unified_ota_20260627T175601Z.log
 create mode 100644 reports/ota/unified_ota_20260627T175701Z.log
 create mode 100644 reports/ota/unified_ota_20260627T175801Z.log
 create mode 100644 reports/ota/unified_ota_20260627T175901Z.log
 create mode 100644 reports/ota/unified_ota_20260627T180001Z.log
 create mode 100644 reports/ota/unified_ota_20260627T180101Z.log
 create mode 100644 reports/ota/unified_ota_20260627T180202Z.log
 create mode 100644 reports/ota/unified_ota_20260627T180301Z.log
 create mode 100644 reports/ota/unified_ota_20260627T180401Z.log
 create mode 100644 reports/ota/unified_ota_20260627T180501Z.log
 create mode 100644 reports/ota/unified_ota_20260627T180601Z.log
 create mode 100644 reports/ota/unified_ota_20260627T180701Z.log
 create mode 100644 reports/ota/unified_ota_20260627T180801Z.log
 create mode 100644 reports/ota/unified_ota_20260627T180901Z.log
 create mode 100644 reports/ota/unified_ota_20260627T181001Z.log
 create mode 100644 reports/ota/unified_ota_20260627T181101Z.log
 create mode 100644 reports/ota/unified_ota_20260627T181201Z.log
 create mode 100644 reports/ota/unified_ota_20260627T181301Z.log
 create mode 100644 reports/ota/unified_ota_20260627T181401Z.log
 create mode 100644 reports/ota/unified_ota_20260627T181501Z.log
 create mode 100644 reports/ota/unified_ota_20260627T181601Z.log
 create mode 100644 reports/ota/unified_ota_20260627T181701Z.log
 create mode 100644 reports/ota/unified_ota_20260627T181801Z.log
 create mode 100644 reports/ota/unified_ota_20260627T181901Z.log
 create mode 100644 reports/ota/unified_ota_20260627T182001Z.log
 create mode 100644 reports/ota/unified_ota_20260627T182101Z.log
 create mode 100644 reports/ota/unified_ota_20260627T182201Z.log
 create mode 100644 reports/ota/unified_ota_20260627T182301Z.log
 create mode 100644 reports/ota/unified_ota_20260627T182401Z.log
 create mode 100644 reports/ota/unified_ota_20260627T182501Z.log
 create mode 100644 reports/ota/unified_ota_20260627T182601Z.log
 create mode 100644 reports/ota/unified_ota_20260627T182701Z.log
 create mode 100644 reports/ota/unified_ota_20260627T182801Z.log
 create mode 100644 reports/ota/unified_ota_20260627T182901Z.log
 create mode 100644 reports/ota/unified_ota_20260627T183001Z.log
 create mode 100644 reports/ota/unified_ota_20260627T183101Z.log
 create mode 100644 reports/ota/unified_ota_20260627T183201Z.log
 create mode 100644 reports/ota/unified_ota_20260627T183301Z.log
 create mode 100644 reports/ota/unified_ota_20260627T183401Z.log
 create mode 100644 reports/ota/unified_ota_20260627T183501Z.log
 create mode 100644 reports/ota/unified_ota_20260627T183601Z.log
 create mode 100644 reports/ota/unified_ota_20260627T183701Z.log
 create mode 100644 reports/ota/unified_ota_20260627T183801Z.log
 create mode 100644 reports/ota/unified_ota_20260627T183901Z.log
 create mode 100644 reports/ota/unified_ota_20260627T184001Z.log
 create mode 100644 reports/ota/unified_ota_20260627T184101Z.log
 create mode 100644 reports/ota/unified_ota_20260627T184201Z.log
 create mode 100644 reports/ota/unified_ota_20260627T184301Z.log
 create mode 100644 reports/ota/unified_ota_20260627T184401Z.log
 create mode 100644 reports/ota/unified_ota_20260627T184501Z.log
 create mode 100644 reports/ota/unified_ota_20260627T184601Z.log
 create mode 100644 reports/ota/unified_ota_20260627T184701Z.log
 create mode 100644 reports/ota/unified_ota_20260627T184801Z.log
 create mode 100644 reports/ota/unified_ota_20260627T184901Z.log
 create mode 100644 reports/ota/unified_ota_20260627T185001Z.log
 create mode 100644 reports/ota/unified_ota_20260627T185101Z.log
 create mode 100644 reports/ota/unified_ota_20260627T185201Z.log
 create mode 100644 reports/ota/unified_ota_20260627T185301Z.log
 create mode 100644 reports/ota/unified_ota_20260627T185401Z.log
 create mode 100644 reports/ota/unified_ota_20260627T185501Z.log
 create mode 100644 reports/ota/unified_ota_20260627T185601Z.log
 create mode 100644 reports/ota/unified_ota_20260627T185701Z.log
 create mode 100644 reports/ota/unified_ota_20260627T185801Z.log
 create mode 100644 reports/ota/unified_ota_20260627T185901Z.log
 create mode 100644 reports/ota/unified_ota_20260627T190001Z.log
 create mode 100644 reports/ota/unified_ota_20260627T190101Z.log
 create mode 100644 reports/ota/unified_ota_20260627T190201Z.log
 create mode 100644 reports/ota/unified_ota_20260627T190301Z.log
 create mode 100644 reports/ota/unified_ota_20260627T190401Z.log
 create mode 100644 reports/ota/unified_ota_20260627T190501Z.log
 create mode 100644 reports/ota/unified_ota_20260627T190601Z.log
 create mode 100644 reports/ota/unified_ota_20260627T190701Z.log
 create mode 100644 reports/ota/unified_ota_20260627T190801Z.log
 create mode 100644 reports/ota/unified_ota_20260627T190901Z.log
 create mode 100644 reports/ota/unified_ota_20260627T191001Z.log
 create mode 100644 reports/ota/unified_ota_20260627T191101Z.log
 create mode 100644 reports/ota/unified_ota_20260627T191201Z.log
 create mode 100644 reports/ota/unified_ota_20260627T191301Z.log
 create mode 100644 reports/ota/unified_ota_20260627T191401Z.log
 create mode 100644 reports/ota/unified_ota_20260627T191501Z.log
 create mode 100644 reports/ota/unified_ota_20260627T191602Z.log
 create mode 100644 reports/ota/unified_ota_20260627T191701Z.log
 create mode 100644 reports/ota/unified_ota_20260627T191801Z.log
 create mode 100644 reports/ota/unified_ota_20260627T191901Z.log
 create mode 100644 reports/ota/unified_ota_20260627T192001Z.log
 create mode 100644 reports/ota/unified_ota_20260627T192101Z.log
 create mode 100644 reports/ota/unified_ota_20260627T192201Z.log
 create mode 100644 reports/ota/unified_ota_20260627T192301Z.log
 create mode 100644 reports/ota/unified_ota_20260627T192401Z.log
 create mode 100644 reports/ota/unified_ota_20260627T192501Z.log
 create mode 100644 reports/ota/unified_ota_20260627T192601Z.log
 create mode 100644 reports/ota/unified_ota_20260627T192701Z.log
 create mode 100644 reports/ota/unified_ota_20260627T192801Z.log
 create mode 100644 reports/ota/unified_ota_20260627T192901Z.log
 create mode 100644 reports/ota/unified_ota_20260627T193001Z.log
 create mode 100644 reports/ota/unified_ota_20260627T193101Z.log
 create mode 100644 reports/ota/unified_ota_20260627T193201Z.log
 create mode 100644 reports/ota/unified_ota_20260627T193301Z.log
 create mode 100644 reports/ota/unified_ota_20260627T193401Z.log
 create mode 100644 reports/ota/unified_ota_20260627T193501Z.log
 create mode 100644 reports/ota/unified_ota_20260627T193601Z.log
 create mode 100644 reports/ota/unified_ota_20260627T193701Z.log
 create mode 100644 reports/ota/unified_ota_20260627T193801Z.log
 create mode 100644 reports/ota/unified_ota_20260627T193901Z.log
 create mode 100644 reports/ota/unified_ota_20260627T194001Z.log
 create mode 100644 reports/ota/unified_ota_20260627T194101Z.log
 create mode 100644 reports/ota/unified_ota_20260627T194201Z.log
 create mode 100644 reports/ota/unified_ota_20260627T194301Z.log
 create mode 100644 reports/ota/unified_ota_20260627T194401Z.log
 create mode 100644 reports/ota/unified_ota_20260627T194501Z.log
 create mode 100644 reports/ota/unified_ota_20260627T194601Z.log
 create mode 100644 reports/ota/unified_ota_20260627T194701Z.log
 create mode 100644 reports/ota/unified_ota_20260627T194801Z.log
 create mode 100644 reports/ota/unified_ota_20260627T194901Z.log
 create mode 100644 reports/ota/unified_ota_20260627T195001Z.log
 create mode 100644 reports/ota/unified_ota_20260627T195101Z.log
 create mode 100644 reports/ota/unified_ota_20260627T195201Z.log
 create mode 100644 reports/ota/unified_ota_20260627T195301Z.log
 create mode 100644 reports/ota/unified_ota_20260627T195401Z.log
 create mode 100644 reports/ota/unified_ota_20260627T195501Z.log
 create mode 100644 reports/ota/unified_ota_20260627T195601Z.log
 create mode 100644 reports/ota/unified_ota_20260627T195701Z.log
 create mode 100644 reports/ota/unified_ota_20260627T195801Z.log
 create mode 100644 reports/ota/unified_ota_20260627T195901Z.log
 create mode 100644 reports/ota/unified_ota_20260627T200001Z.log
 create mode 100644 reports/ota/unified_ota_20260627T200101Z.log
 create mode 100644 reports/ota/unified_ota_20260627T200201Z.log
 create mode 100644 reports/ota/unified_ota_20260627T200301Z.log
 create mode 100644 reports/ota/unified_ota_20260627T200401Z.log
 create mode 100644 reports/ota/unified_ota_20260627T200501Z.log
 create mode 100644 reports/ota/unified_ota_20260627T200601Z.log
 create mode 100644 reports/ota/unified_ota_20260627T200701Z.log
 create mode 100644 reports/ota/unified_ota_20260627T200801Z.log
 create mode 100644 reports/ota/unified_ota_20260627T200901Z.log
 create mode 100644 reports/ota/unified_ota_20260627T201001Z.log
 create mode 100644 reports/ota/unified_ota_20260627T201101Z.log
 create mode 100644 reports/ota/unified_ota_20260627T201201Z.log
 create mode 100644 reports/ota/unified_ota_20260627T201301Z.log
 create mode 100644 reports/ota/unified_ota_20260627T201401Z.log
 create mode 100644 reports/ota/unified_ota_20260627T201501Z.log
 create mode 100644 reports/ota/unified_ota_20260627T201601Z.log
 create mode 100644 reports/ota/unified_ota_20260627T201701Z.log
 create mode 100644 reports/ota/unified_ota_20260627T201801Z.log
 create mode 100644 reports/ota/unified_ota_20260627T201901Z.log
 create mode 100644 reports/ota/unified_ota_20260627T202001Z.log
 create mode 100644 reports/ota/unified_ota_20260627T202101Z.log
 create mode 100644 reports/ota/unified_ota_20260627T202201Z.log
 create mode 100644 reports/ota/unified_ota_20260627T202301Z.log
 create mode 100644 reports/ota/unified_ota_20260627T202401Z.log
 create mode 100644 reports/ota/unified_ota_20260627T202501Z.log
 create mode 100644 reports/ota/unified_ota_20260627T202601Z.log
 create mode 100644 reports/ota/unified_ota_20260627T202701Z.log
 create mode 100644 reports/ota/unified_ota_20260627T202801Z.log
 create mode 100644 reports/ota/unified_ota_20260627T202901Z.log
 create mode 100644 reports/ota/unified_ota_20260627T203001Z.log
 create mode 100644 reports/ota/unified_ota_20260627T203101Z.log
 create mode 100644 reports/ota/unified_ota_20260627T203201Z.log
 create mode 100644 reports/ota/unified_ota_20260627T203301Z.log
 create mode 100644 reports/ota/unified_ota_20260627T203401Z.log
 create mode 100644 reports/ota/unified_ota_20260627T203501Z.log
 create mode 100644 reports/ota/unified_ota_20260627T203601Z.log
 create mode 100644 reports/testing/insight_rebuild_module_92_test_result.json
To github.com:ShanGouXueHui/oris-commercial-insight-employee.git
   4b5e9f8..8c7fba9  main -> main
