timestamp: 20260627T121001Z
entry: unified-OTA-entry.sh
instruction: ops/ota/next_instruction.json
From github.com:ShanGouXueHui/oris-commercial-insight-employee
 * branch            main       -> FETCH_HEAD
   2e7f606..c75dc74  main       -> origin/main
Updating 2e7f606..c75dc74
Fast-forward
 ops/ota/next_instruction.json | 2 +-
 unified-OTA-entry.sh          | 4 ++--
 2 files changed, 3 insertions(+), 3 deletions(-)
instruction_seq: 75
last_instruction_seq: 74
----------------------------------------------------------------------
Ran 380 tests in 0.343s

OK
Evidence: reports/testing/latest_test_result.json; reports/execution/insight_rebuild_module_74_execution_report.md
[main 4db6657] Add module 70 execution evidence
 5 files changed, 54 insertions(+), 2 deletions(-)
 create mode 100644 reports/ota/unified_ota_20260627T121001Z.log
To github.com:ShanGouXueHui/oris-commercial-insight-employee.git
   c75dc74..4db6657  main -> main
