timestamp: 20260630T190001Z
entry: unified-OTA-entry.sh
instruction: ops/ota/next_instruction.json
From github.com:ShanGouXueHui/oris-commercial-insight-employee
 * branch            main       -> FETCH_HEAD
   0c6602d..3f91287  main       -> origin/main
Updating 0c6602d..3f91287
Fast-forward
 ops/ota/next_instruction.json | 2 +-
 1 file changed, 1 insertion(+), 1 deletion(-)
instruction_seq: 169
last_instruction_seq: 168
----------------------------------------------------------------------
Ran 380 tests in 0.321s

OK
Evidence: reports/testing/latest_test_result.json; reports/execution/insight_rebuild_module_167_execution_report.md
[main b0a22fc] Add OTA execution evidence
 85 files changed, 6840 insertions(+), 4 deletions(-)
 create mode 100644 reports/execution/insight_rebuild_module_167_execution_report.md
 create mode 100644 reports/ota/unified_ota_20260630T174201Z.log
 create mode 100644 reports/ota/unified_ota_20260630T174301Z.log
 create mode 100644 reports/ota/unified_ota_20260630T174401Z.log
 create mode 100644 reports/ota/unified_ota_20260630T174501Z.log
 create mode 100644 reports/ota/unified_ota_20260630T174601Z.log
 create mode 100644 reports/ota/unified_ota_20260630T174701Z.log
 create mode 100644 reports/ota/unified_ota_20260630T174801Z.log
 create mode 100644 reports/ota/unified_ota_20260630T174901Z.log
 create mode 100644 reports/ota/unified_ota_20260630T175001Z.log
 create mode 100644 reports/ota/unified_ota_20260630T175101Z.log
 create mode 100644 reports/ota/unified_ota_20260630T175201Z.log
 create mode 100644 reports/ota/unified_ota_20260630T175301Z.log
 create mode 100644 reports/ota/unified_ota_20260630T175401Z.log
 create mode 100644 reports/ota/unified_ota_20260630T175501Z.log
 create mode 100644 reports/ota/unified_ota_20260630T175601Z.log
 create mode 100644 reports/ota/unified_ota_20260630T175701Z.log
 create mode 100644 reports/ota/unified_ota_20260630T175801Z.log
 create mode 100644 reports/ota/unified_ota_20260630T175901Z.log
 create mode 100644 reports/ota/unified_ota_20260630T180001Z.log
 create mode 100644 reports/ota/unified_ota_20260630T180101Z.log
 create mode 100644 reports/ota/unified_ota_20260630T180201Z.log
 create mode 100644 reports/ota/unified_ota_20260630T180301Z.log
 create mode 100644 reports/ota/unified_ota_20260630T180401Z.log
 create mode 100644 reports/ota/unified_ota_20260630T180501Z.log
 create mode 100644 reports/ota/unified_ota_20260630T180601Z.log
 create mode 100644 reports/ota/unified_ota_20260630T180701Z.log
 create mode 100644 reports/ota/unified_ota_20260630T180801Z.log
 create mode 100644 reports/ota/unified_ota_20260630T180901Z.log
 create mode 100644 reports/ota/unified_ota_20260630T181001Z.log
 create mode 100644 reports/ota/unified_ota_20260630T181101Z.log
 create mode 100644 reports/ota/unified_ota_20260630T181201Z.log
 create mode 100644 reports/ota/unified_ota_20260630T181301Z.log
 create mode 100644 reports/ota/unified_ota_20260630T181401Z.log
 create mode 100644 reports/ota/unified_ota_20260630T181501Z.log
 create mode 100644 reports/ota/unified_ota_20260630T181601Z.log
 create mode 100644 reports/ota/unified_ota_20260630T181701Z.log
 create mode 100644 reports/ota/unified_ota_20260630T181801Z.log
 create mode 100644 reports/ota/unified_ota_20260630T181901Z.log
 create mode 100644 reports/ota/unified_ota_20260630T182001Z.log
 create mode 100644 reports/ota/unified_ota_20260630T182101Z.log
 create mode 100644 reports/ota/unified_ota_20260630T182201Z.log
 create mode 100644 reports/ota/unified_ota_20260630T182301Z.log
 create mode 100644 reports/ota/unified_ota_20260630T182401Z.log
 create mode 100644 reports/ota/unified_ota_20260630T182501Z.log
 create mode 100644 reports/ota/unified_ota_20260630T182601Z.log
 create mode 100644 reports/ota/unified_ota_20260630T182701Z.log
 create mode 100644 reports/ota/unified_ota_20260630T182801Z.log
 create mode 100644 reports/ota/unified_ota_20260630T182901Z.log
 create mode 100644 reports/ota/unified_ota_20260630T183001Z.log
 create mode 100644 reports/ota/unified_ota_20260630T183101Z.log
 create mode 100644 reports/ota/unified_ota_20260630T183201Z.log
 create mode 100644 reports/ota/unified_ota_20260630T183301Z.log
 create mode 100644 reports/ota/unified_ota_20260630T183401Z.log
 create mode 100644 reports/ota/unified_ota_20260630T183501Z.log
 create mode 100644 reports/ota/unified_ota_20260630T183601Z.log
 create mode 100644 reports/ota/unified_ota_20260630T183701Z.log
 create mode 100644 reports/ota/unified_ota_20260630T183801Z.log
 create mode 100644 reports/ota/unified_ota_20260630T183901Z.log
 create mode 100644 reports/ota/unified_ota_20260630T184001Z.log
 create mode 100644 reports/ota/unified_ota_20260630T184101Z.log
 create mode 100644 reports/ota/unified_ota_20260630T184201Z.log
 create mode 100644 reports/ota/unified_ota_20260630T184301Z.log
 create mode 100644 reports/ota/unified_ota_20260630T184401Z.log
 create mode 100644 reports/ota/unified_ota_20260630T184501Z.log
 create mode 100644 reports/ota/unified_ota_20260630T184601Z.log
 create mode 100644 reports/ota/unified_ota_20260630T184701Z.log
 create mode 100644 reports/ota/unified_ota_20260630T184801Z.log
 create mode 100644 reports/ota/unified_ota_20260630T184901Z.log
 create mode 100644 reports/ota/unified_ota_20260630T185001Z.log
 create mode 100644 reports/ota/unified_ota_20260630T185101Z.log
 create mode 100644 reports/ota/unified_ota_20260630T185201Z.log
 create mode 100644 reports/ota/unified_ota_20260630T185301Z.log
 create mode 100644 reports/ota/unified_ota_20260630T185401Z.log
 create mode 100644 reports/ota/unified_ota_20260630T185501Z.log
 create mode 100644 reports/ota/unified_ota_20260630T185601Z.log
 create mode 100644 reports/ota/unified_ota_20260630T185701Z.log
 create mode 100644 reports/ota/unified_ota_20260630T185801Z.log
 create mode 100644 reports/ota/unified_ota_20260630T185901Z.log
 create mode 100644 reports/ota/unified_ota_20260630T190001Z.log
 create mode 100644 reports/testing/insight_rebuild_module_167_test_result.json
To github.com:ShanGouXueHui/oris-commercial-insight-employee.git
   3f91287..b0a22fc  main -> main
