timestamp: 20260627T205301Z
entry: unified-OTA-entry.sh
instruction: ops/ota/next_instruction.json
From github.com:ShanGouXueHui/oris-commercial-insight-employee
 * branch            main       -> FETCH_HEAD
   b997a0d..86b7340  main       -> origin/main
Updating b997a0d..86b7340
Fast-forward
 ops/ota/next_instruction.json | 2 +-
 1 file changed, 1 insertion(+), 1 deletion(-)
instruction_seq: 98
last_instruction_seq: 97
----------------------------------------------------------------------
Ran 380 tests in 0.309s

OK
Evidence: reports/testing/latest_test_result.json; reports/execution/insight_rebuild_module_96_execution_report.md
[main 02f1756] Add OTA execution evidence
 9 files changed, 112 insertions(+), 4 deletions(-)
 create mode 100644 reports/execution/insight_rebuild_module_96_execution_report.md
 create mode 100644 reports/ota/unified_ota_20260627T205101Z.log
 create mode 100644 reports/ota/unified_ota_20260627T205201Z.log
 create mode 100644 reports/ota/unified_ota_20260627T205301Z.log
 create mode 100644 reports/testing/insight_rebuild_module_96_test_result.json
To github.com:ShanGouXueHui/oris-commercial-insight-employee.git
   86b7340..02f1756  main -> main
