timestamp: 20260627T215901Z
entry: unified-OTA-entry.sh
instruction: ops/ota/next_instruction.json
From github.com:ShanGouXueHui/oris-commercial-insight-employee
 * branch            main       -> FETCH_HEAD
   3c62ecb..30ee4f3  main       -> origin/main
Updating 3c62ecb..30ee4f3
Fast-forward
 ops/ota/next_instruction.json | 2 +-
 scripts/w70.py                | 8 ++++----
 2 files changed, 5 insertions(+), 5 deletions(-)
instruction_seq: 106
last_instruction_seq: 105
----------------------------------------------------------------------
Ran 380 tests in 0.306s

OK
Evidence: reports/testing/latest_test_result.json; reports/execution/insight_rebuild_module_104_execution_report.md
[main d267e0f] Add OTA execution evidence
 11 files changed, 178 insertions(+), 4 deletions(-)
 create mode 100644 reports/execution/insight_rebuild_module_104_execution_report.md
 create mode 100644 reports/ota/unified_ota_20260627T215501Z.log
 create mode 100644 reports/ota/unified_ota_20260627T215601Z.log
 create mode 100644 reports/ota/unified_ota_20260627T215701Z.log
 create mode 100644 reports/ota/unified_ota_20260627T215801Z.log
 create mode 100644 reports/ota/unified_ota_20260627T215901Z.log
 create mode 100644 reports/testing/insight_rebuild_module_104_test_result.json
To github.com:ShanGouXueHui/oris-commercial-insight-employee.git
   30ee4f3..d267e0f  main -> main
