timestamp: 20260628T152001Z
entry: unified-OTA-entry.sh
instruction: ops/ota/next_instruction.json
From github.com:ShanGouXueHui/oris-commercial-insight-employee
 * branch            main       -> FETCH_HEAD
   5bbdc35..15d200e  main       -> origin/main
Updating 5bbdc35..15d200e
Fast-forward
 ops/ota/next_instruction.json | 2 +-
 scripts/w70.py                | 8 ++++----
 2 files changed, 5 insertions(+), 5 deletions(-)
instruction_seq: 140
last_instruction_seq: 139
----------------------------------------------------------------------
Ran 380 tests in 0.347s

OK
Evidence: reports/testing/latest_test_result.json; reports/execution/insight_rebuild_module_138_execution_report.md
[main 94d053f] Add OTA execution evidence
 8 files changed, 92 insertions(+), 4 deletions(-)
 create mode 100644 reports/execution/insight_rebuild_module_138_execution_report.md
 create mode 100644 reports/ota/unified_ota_20260628T151901Z.log
 create mode 100644 reports/ota/unified_ota_20260628T152001Z.log
 create mode 100644 reports/testing/insight_rebuild_module_138_test_result.json
To github.com:ShanGouXueHui/oris-commercial-insight-employee.git
   15d200e..94d053f  main -> main
