timestamp: 20260628T154301Z
entry: unified-OTA-entry.sh
instruction: ops/ota/next_instruction.json
From github.com:ShanGouXueHui/oris-commercial-insight-employee
 * branch            main       -> FETCH_HEAD
Already up to date.
instruction_seq: 147
last_instruction_seq: 146
----------------------------------------------------------------------
Ran 380 tests in 0.366s

OK
Evidence: reports/testing/latest_test_result.json; reports/execution/insight_rebuild_module_145_execution_report.md
[main 1b3a270] Add OTA execution evidence
 9 files changed, 106 insertions(+), 4 deletions(-)
 create mode 100644 reports/execution/insight_rebuild_module_145_execution_report.md
 create mode 100644 reports/ota/unified_ota_20260628T154101Z.log
 create mode 100644 reports/ota/unified_ota_20260628T154201Z.log
 create mode 100644 reports/ota/unified_ota_20260628T154301Z.log
 create mode 100644 reports/testing/insight_rebuild_module_145_test_result.json
To github.com:ShanGouXueHui/oris-commercial-insight-employee.git
   c1f111b..1b3a270  main -> main
