timestamp: 20260628T151801Z
entry: unified-OTA-entry.sh
instruction: ops/ota/next_instruction.json
From github.com:ShanGouXueHui/oris-commercial-insight-employee
 * branch            main       -> FETCH_HEAD
Already up to date.
instruction_seq: 139
last_instruction_seq: 138
----------------------------------------------------------------------
Ran 380 tests in 0.338s

OK
Evidence: reports/testing/latest_test_result.json; reports/execution/insight_rebuild_module_137_execution_report.md
[main 5bbdc35] Add OTA execution evidence
 9 files changed, 96 insertions(+), 4 deletions(-)
 create mode 100644 reports/execution/insight_rebuild_module_137_execution_report.md
 create mode 100644 reports/ota/unified_ota_20260628T151601Z.log
 create mode 100644 reports/ota/unified_ota_20260628T151701Z.log
 create mode 100644 reports/ota/unified_ota_20260628T151801Z.log
 create mode 100644 reports/testing/insight_rebuild_module_137_test_result.json
To github.com:ShanGouXueHui/oris-commercial-insight-employee.git
   2e8cda8..5bbdc35  main -> main
