timestamp: 20260627T121101Z
entry: unified-OTA-entry.sh
instruction: ops/ota/next_instruction.json
From github.com:ShanGouXueHui/oris-commercial-insight-employee
 * branch            main       -> FETCH_HEAD
   4db6657..9e72cdf  main       -> origin/main
Updating 4db6657..9e72cdf
Fast-forward
 ops/ota/next_instruction.json | 2 +-
 1 file changed, 1 insertion(+), 1 deletion(-)
instruction_seq: 76
last_instruction_seq: 75
----------------------------------------------------------------------
Ran 380 tests in 0.318s

OK
Evidence: reports/testing/latest_test_result.json; reports/execution/insight_rebuild_module_74_execution_report.md
[main f0accf0] Add OTA execution evidence
 11 files changed, 120 insertions(+), 2 deletions(-)
 create mode 100644 reports/execution/insight_rebuild_module_71_execution_report.md
 create mode 100644 reports/execution/insight_rebuild_module_72_execution_report.md
 create mode 100644 reports/execution/insight_rebuild_module_74_execution_report.md
 create mode 100644 reports/ota/unified_ota_20260627T121101Z.log
 create mode 100644 reports/testing/insight_rebuild_module_71_test_result.json
 create mode 100644 reports/testing/insight_rebuild_module_72_test_result.json
 create mode 100644 reports/testing/insight_rebuild_module_74_test_result.json
To github.com:ShanGouXueHui/oris-commercial-insight-employee.git
   9e72cdf..f0accf0  main -> main
