timestamp: 20260627T122401Z
entry: unified-OTA-entry.sh
instruction: ops/ota/next_instruction.json
From github.com:ShanGouXueHui/oris-commercial-insight-employee
 * branch            main       -> FETCH_HEAD
   a7ff8dd..e70a433  main       -> origin/main
Updating a7ff8dd..e70a433
Fast-forward
 ops/ota/next_instruction.json | 2 +-
 1 file changed, 1 insertion(+), 1 deletion(-)
instruction_seq: 80
last_instruction_seq: 79
----------------------------------------------------------------------
Ran 380 tests in 0.321s

OK
Evidence: reports/testing/latest_test_result.json; reports/execution/insight_rebuild_module_78_execution_report.md
[main b9fd37a] Add OTA execution evidence
 13 files changed, 176 insertions(+), 4 deletions(-)
 create mode 100644 reports/execution/insight_rebuild_module_78_execution_report.md
 create mode 100644 reports/ota/unified_ota_20260627T121801Z.log
 create mode 100644 reports/ota/unified_ota_20260627T121901Z.log
 create mode 100644 reports/ota/unified_ota_20260627T122001Z.log
 create mode 100644 reports/ota/unified_ota_20260627T122101Z.log
 create mode 100644 reports/ota/unified_ota_20260627T122201Z.log
 create mode 100644 reports/ota/unified_ota_20260627T122301Z.log
 create mode 100644 reports/ota/unified_ota_20260627T122401Z.log
 create mode 100644 reports/testing/insight_rebuild_module_78_test_result.json
To github.com:ShanGouXueHui/oris-commercial-insight-employee.git
   e70a433..b9fd37a  main -> main
