timestamp: 20260628T160401Z
entry: unified-OTA-entry.sh
instruction: ops/ota/next_instruction.json
From github.com:ShanGouXueHui/oris-commercial-insight-employee
 * branch            main       -> FETCH_HEAD
   d68abf2..bd0e02f  main       -> origin/main
Updating d68abf2..bd0e02f
Fast-forward
 ops/ota/next_instruction.json | 2 +-
 scripts/w70.py                | 8 ++++----
 2 files changed, 5 insertions(+), 5 deletions(-)
instruction_seq: 156
last_instruction_seq: 155
----------------------------------------------------------------------
Ran 380 tests in 0.331s

OK
Evidence: reports/testing/latest_test_result.json; reports/execution/insight_rebuild_module_154_execution_report.md
[main d9f4d7c] Add OTA execution evidence
 8 files changed, 90 insertions(+), 4 deletions(-)
 create mode 100644 reports/execution/insight_rebuild_module_154_execution_report.md
 create mode 100644 reports/ota/unified_ota_20260628T160301Z.log
 create mode 100644 reports/ota/unified_ota_20260628T160401Z.log
 create mode 100644 reports/testing/insight_rebuild_module_154_test_result.json
To github.com:ShanGouXueHui/oris-commercial-insight-employee.git
   bd0e02f..d9f4d7c  main -> main
