timestamp: 20260628T115901Z
entry: unified-OTA-entry.sh
instruction: ops/ota/next_instruction.json
From github.com:ShanGouXueHui/oris-commercial-insight-employee
 * branch            main       -> FETCH_HEAD
   c155f6a..a87a82e  main       -> origin/main
Updating c155f6a..a87a82e
Fast-forward
 ops/ota/next_instruction.json | 2 +-
 scripts/w70.py                | 8 ++++----
 2 files changed, 5 insertions(+), 5 deletions(-)
instruction_seq: 119
last_instruction_seq: 118
----------------------------------------------------------------------
Ran 380 tests in 0.305s

OK
Evidence: reports/testing/latest_test_result.json; reports/execution/insight_rebuild_module_117_execution_report.md
[main f78b2b3] Add OTA execution evidence
 10 files changed, 124 insertions(+), 4 deletions(-)
 create mode 100644 reports/execution/insight_rebuild_module_117_execution_report.md
 create mode 100644 reports/ota/unified_ota_20260628T115601Z.log
 create mode 100644 reports/ota/unified_ota_20260628T115701Z.log
 create mode 100644 reports/ota/unified_ota_20260628T115801Z.log
 create mode 100644 reports/ota/unified_ota_20260628T115901Z.log
 create mode 100644 reports/testing/insight_rebuild_module_117_test_result.json
To github.com:ShanGouXueHui/oris-commercial-insight-employee.git
   a87a82e..f78b2b3  main -> main
