timestamp: 20260628T122101Z
entry: unified-OTA-entry.sh
instruction: ops/ota/next_instruction.json
From github.com:ShanGouXueHui/oris-commercial-insight-employee
 * branch            main       -> FETCH_HEAD
   96d69be..b765279  main       -> origin/main
Updating 96d69be..b765279
Fast-forward
 ops/ota/next_instruction.json | 2 +-
 scripts/w70.py                | 8 ++++----
 2 files changed, 5 insertions(+), 5 deletions(-)
instruction_seq: 121
last_instruction_seq: 120
----------------------------------------------------------------------
Ran 380 tests in 0.332s

OK
Evidence: reports/testing/latest_test_result.json; reports/execution/insight_rebuild_module_119_execution_report.md
[main 210c903] Add OTA execution evidence
 20 files changed, 318 insertions(+), 4 deletions(-)
 create mode 100644 reports/execution/insight_rebuild_module_119_execution_report.md
 create mode 100644 reports/ota/unified_ota_20260628T120801Z.log
 create mode 100644 reports/ota/unified_ota_20260628T120901Z.log
 create mode 100644 reports/ota/unified_ota_20260628T121001Z.log
 create mode 100644 reports/ota/unified_ota_20260628T121101Z.log
 create mode 100644 reports/ota/unified_ota_20260628T121201Z.log
 create mode 100644 reports/ota/unified_ota_20260628T121301Z.log
 create mode 100644 reports/ota/unified_ota_20260628T121401Z.log
 create mode 100644 reports/ota/unified_ota_20260628T121501Z.log
 create mode 100644 reports/ota/unified_ota_20260628T121601Z.log
 create mode 100644 reports/ota/unified_ota_20260628T121701Z.log
 create mode 100644 reports/ota/unified_ota_20260628T121801Z.log
 create mode 100644 reports/ota/unified_ota_20260628T121901Z.log
 create mode 100644 reports/ota/unified_ota_20260628T122001Z.log
 create mode 100644 reports/ota/unified_ota_20260628T122101Z.log
 create mode 100644 reports/testing/insight_rebuild_module_119_test_result.json
To github.com:ShanGouXueHui/oris-commercial-insight-employee.git
   b765279..210c903  main -> main
