timestamp: 20260628T152901Z
entry: unified-OTA-entry.sh
instruction: ops/ota/next_instruction.json
From github.com:ShanGouXueHui/oris-commercial-insight-employee
 * branch            main       -> FETCH_HEAD
Already up to date.
instruction_seq: 142
last_instruction_seq: 141
----------------------------------------------------------------------
Ran 380 tests in 0.319s

OK
Evidence: reports/testing/latest_test_result.json; reports/execution/insight_rebuild_module_140_execution_report.md
[main 31f1db8] Add OTA execution evidence
 8 files changed, 90 insertions(+), 4 deletions(-)
 create mode 100644 reports/execution/insight_rebuild_module_140_execution_report.md
 create mode 100644 reports/ota/unified_ota_20260628T152801Z.log
 create mode 100644 reports/ota/unified_ota_20260628T152901Z.log
 create mode 100644 reports/testing/insight_rebuild_module_140_test_result.json
To github.com:ShanGouXueHui/oris-commercial-insight-employee.git
   95325dc..31f1db8  main -> main
