timestamp: 20260627T122701Z
entry: unified-OTA-entry.sh
instruction: ops/ota/next_instruction.json
From github.com:ShanGouXueHui/oris-commercial-insight-employee
 * branch            main       -> FETCH_HEAD
   e07da74..488cfb8  main       -> origin/main
Updating e07da74..488cfb8
Fast-forward
 ops/ota/next_instruction.json | 2 +-
 scripts/w70.py                | 8 ++++----
 2 files changed, 5 insertions(+), 5 deletions(-)
instruction_seq: 82
last_instruction_seq: 81
----------------------------------------------------------------------
Ran 380 tests in 0.321s

OK
Evidence: reports/testing/latest_test_result.json; reports/execution/insight_rebuild_module_80_execution_report.md
[main ff23ef5] Add OTA execution evidence
 7 files changed, 72 insertions(+), 4 deletions(-)
 create mode 100644 reports/execution/insight_rebuild_module_80_execution_report.md
 create mode 100644 reports/ota/unified_ota_20260627T122701Z.log
 create mode 100644 reports/testing/insight_rebuild_module_80_test_result.json
To github.com:ShanGouXueHui/oris-commercial-insight-employee.git
   488cfb8..ff23ef5  main -> main
