timestamp: 20260627T115201Z
entry: unified-OTA-entry.sh
instruction: ops/ota/next_instruction.json
From github.com:ShanGouXueHui/oris-commercial-insight-employee
 * branch            main       -> FETCH_HEAD
   0cf8689..630780f  main       -> origin/main
Updating 0cf8689..630780f
Fast-forward
 ops/ota/next_instruction.json | 16 ++++++++--------
 scripts/w71.py                | 12 ++++++++++++
 2 files changed, 20 insertions(+), 8 deletions(-)
 create mode 100644 scripts/w71.py
instruction_seq: 71
last_instruction_seq: 70
----------------------------------------------------------------------
Ran 365 tests in 0.322s

OK
Evidence: reports/testing/latest_test_result.json; reports/execution/insight_rebuild_module_70_execution_report.md
[main e9074f3] Add module 70 execution evidence
 8 files changed, 96 insertions(+), 4 deletions(-)
 create mode 100644 reports/ota/unified_ota_20260627T115101Z.log
 create mode 100644 reports/ota/unified_ota_20260627T115201Z.log
To github.com:ShanGouXueHui/oris-commercial-insight-employee.git
   630780f..e9074f3  main -> main
