timestamp: 20260627T125801Z
entry: unified-OTA-entry.sh
instruction: ops/ota/next_instruction.json
From github.com:ShanGouXueHui/oris-commercial-insight-employee
 * branch            main       -> FETCH_HEAD
   5a55e9d..37fd578  main       -> origin/main
Updating 5a55e9d..37fd578
Fast-forward
 ops/ota/next_instruction.json | 2 +-
 scripts/w70.py                | 8 ++++----
 2 files changed, 5 insertions(+), 5 deletions(-)
instruction_seq: 91
last_instruction_seq: 90
----------------------------------------------------------------------
Ran 380 tests in 0.315s

OK
Evidence: reports/testing/latest_test_result.json; reports/execution/insight_rebuild_module_89_execution_report.md
[main d026c4e] Add OTA execution evidence
 7 files changed, 80 insertions(+), 4 deletions(-)
 create mode 100644 reports/execution/insight_rebuild_module_89_execution_report.md
 create mode 100644 reports/ota/unified_ota_20260627T125801Z.log
 create mode 100644 reports/testing/insight_rebuild_module_89_test_result.json
To github.com:ShanGouXueHui/oris-commercial-insight-employee.git
   37fd578..d026c4e  main -> main
