timestamp: 20260628T151501Z
entry: unified-OTA-entry.sh
instruction: ops/ota/next_instruction.json
From github.com:ShanGouXueHui/oris-commercial-insight-employee
 * branch            main       -> FETCH_HEAD
   dabbeec..43a56c1  main       -> origin/main
Updating dabbeec..43a56c1
Fast-forward
 ops/ota/next_instruction.json | 2 +-
 scripts/w70.py                | 8 ++++----
 2 files changed, 5 insertions(+), 5 deletions(-)
instruction_seq: 138
last_instruction_seq: 137
----------------------------------------------------------------------
Ran 380 tests in 0.363s

OK
Evidence: reports/testing/latest_test_result.json; reports/execution/insight_rebuild_module_136_execution_report.md
[main 4d4d65d] Add OTA execution evidence
 7 files changed, 76 insertions(+), 4 deletions(-)
 create mode 100644 reports/execution/insight_rebuild_module_136_execution_report.md
 create mode 100644 reports/ota/unified_ota_20260628T151501Z.log
 create mode 100644 reports/testing/insight_rebuild_module_136_test_result.json
To github.com:ShanGouXueHui/oris-commercial-insight-employee.git
   43a56c1..4d4d65d  main -> main
