timestamp: 20260627T215001Z
entry: unified-OTA-entry.sh
instruction: ops/ota/next_instruction.json
From github.com:ShanGouXueHui/oris-commercial-insight-employee
 * branch            main       -> FETCH_HEAD
   87b2373..a5853e6  main       -> origin/main
Updating 87b2373..a5853e6
Fast-forward
 ops/ota/next_instruction.json | 2 +-
 scripts/w70.py                | 8 ++++----
 2 files changed, 5 insertions(+), 5 deletions(-)
instruction_seq: 103
last_instruction_seq: 102
----------------------------------------------------------------------
Ran 380 tests in 0.306s

OK
Evidence: reports/testing/latest_test_result.json; reports/execution/insight_rebuild_module_101_execution_report.md
[main cf5d130] Add OTA execution evidence
 7 files changed, 70 insertions(+), 4 deletions(-)
 create mode 100644 reports/execution/insight_rebuild_module_101_execution_report.md
 create mode 100644 reports/ota/unified_ota_20260627T215001Z.log
 create mode 100644 reports/testing/insight_rebuild_module_101_test_result.json
To github.com:ShanGouXueHui/oris-commercial-insight-employee.git
   a5853e6..cf5d130  main -> main
