timestamp: 20260627T205001Z
entry: unified-OTA-entry.sh
instruction: ops/ota/next_instruction.json
From github.com:ShanGouXueHui/oris-commercial-insight-employee
 * branch            main       -> FETCH_HEAD
   1f09994..5ab673e  main       -> origin/main
Updating 1f09994..5ab673e
Fast-forward
 ops/ota/next_instruction.json | 2 +-
 scripts/w70.py                | 8 ++++----
 2 files changed, 5 insertions(+), 5 deletions(-)
instruction_seq: 97
last_instruction_seq: 96
----------------------------------------------------------------------
Ran 380 tests in 0.305s

OK
Evidence: reports/testing/latest_test_result.json; reports/execution/insight_rebuild_module_95_execution_report.md
[main 92cf079] Add OTA execution evidence
 7 files changed, 84 insertions(+), 4 deletions(-)
 create mode 100644 reports/execution/insight_rebuild_module_95_execution_report.md
 create mode 100644 reports/ota/unified_ota_20260627T205001Z.log
 create mode 100644 reports/testing/insight_rebuild_module_95_test_result.json
To github.com:ShanGouXueHui/oris-commercial-insight-employee.git
   5ab673e..92cf079  main -> main
