timestamp: 20260627T124001Z
entry: unified-OTA-entry.sh
instruction: ops/ota/next_instruction.json
From github.com:ShanGouXueHui/oris-commercial-insight-employee
 * branch            main       -> FETCH_HEAD
   a853990..f7e635b  main       -> origin/main
Updating a853990..f7e635b
Fast-forward
 ops/ota/next_instruction.json | 2 +-
 scripts/w70.py                | 8 ++++----
 2 files changed, 5 insertions(+), 5 deletions(-)
instruction_seq: 86
last_instruction_seq: 85
----------------------------------------------------------------------
Ran 380 tests in 0.313s

OK
Evidence: reports/testing/latest_test_result.json; reports/execution/insight_rebuild_module_84_execution_report.md
[main ff65a49] Add OTA execution evidence
 7 files changed, 78 insertions(+), 4 deletions(-)
 create mode 100644 reports/execution/insight_rebuild_module_84_execution_report.md
 create mode 100644 reports/ota/unified_ota_20260627T124001Z.log
 create mode 100644 reports/testing/insight_rebuild_module_84_test_result.json
To github.com:ShanGouXueHui/oris-commercial-insight-employee.git
   f7e635b..ff65a49  main -> main
