timestamp: 20260627T114901Z
entry: unified-OTA-entry.sh
From github.com:ShanGouXueHui/oris-commercial-insight-employee
 * branch            main       -> FETCH_HEAD
   7505ac0..95df5e4  main       -> origin/main
Updating 7505ac0..95df5e4
Fast-forward
 app/ota_instruction_manifest.py                    | 112 +++++++++++++++++++++
 docs/rebuild/M69.md                                |  12 ++-
 docs/rebuild/M70.md                                |  13 +++
 .../CURRENT_PROGRESS_2026-06-27_MODULES_1_62.md    |  12 +--
 ops/ota/next_instruction.json                      |  16 +++
 scripts/w70.py                                     |  12 +++
 tests/test_module_70_ota_instruction_manifest.py   |  65 ++++++++++++
 unified-OTA-entry.sh                               |  18 +++-
 8 files changed, 247 insertions(+), 13 deletions(-)
 create mode 100644 app/ota_instruction_manifest.py
 create mode 100644 docs/rebuild/M70.md
 create mode 100644 ops/ota/next_instruction.json
 create mode 100644 scripts/w70.py
 create mode 100644 tests/test_module_70_ota_instruction_manifest.py
----------------------------------------------------------------------
Ran 360 tests in 0.314s

OK
Evidence: reports/testing/latest_test_result.json; reports/execution/insight_rebuild_module_69_execution_report.md
[main 14aca8a] Add module 69 execution evidence
 4 files changed, 29 insertions(+), 3 deletions(-)
 create mode 100644 reports/ota/unified_ota_20260627T114901Z.log
To github.com:ShanGouXueHui/oris-commercial-insight-employee.git
   95df5e4..14aca8a  main -> main
timestamp: 20260627T115001Z
entry: unified-OTA-entry.sh
instruction: ops/ota/next_instruction.json
From github.com:ShanGouXueHui/oris-commercial-insight-employee
 * branch            main       -> FETCH_HEAD
Already up to date.
instruction_seq: 70
last_instruction_seq: 
----------------------------------------------------------------------
Ran 360 tests in 0.324s

OK
Evidence: reports/testing/latest_test_result.json; reports/execution/insight_rebuild_module_70_execution_report.md
[main 35d3692] Add module 70 execution evidence
 9 files changed, 130 insertions(+), 27 deletions(-)
 create mode 100644 reports/execution/insight_rebuild_module_70_execution_report.md
 create mode 100644 reports/ota/last_instruction_seq.txt
 create mode 100644 reports/ota/unified_ota_20260627T115001Z.log
 create mode 100644 reports/ota/unified_ota_loop.log
 create mode 100644 reports/testing/insight_rebuild_module_70_test_result.json
 rewrite reports/testing/latest_test_result.json (75%)
To github.com:ShanGouXueHui/oris-commercial-insight-employee.git
   14aca8a..35d3692  main -> main
timestamp: 20260627T115101Z
entry: unified-OTA-entry.sh
instruction: ops/ota/next_instruction.json
From github.com:ShanGouXueHui/oris-commercial-insight-employee
 * branch            main       -> FETCH_HEAD
   35d3692..0cf8689  main       -> origin/main
Updating 35d3692..0cf8689
Fast-forward
 app/commercialization_gates.py                  | 56 +++++++++++++++++++++++++
 docs/rebuild/M70.md                             | 14 ++++---
 tests/test_module_71_commercialization_gates.py | 55 ++++++++++++++++++++++++
 3 files changed, 120 insertions(+), 5 deletions(-)
 create mode 100644 app/commercialization_gates.py
 create mode 100644 tests/test_module_71_commercialization_gates.py
instruction_seq: 70
last_instruction_seq: 70
no new instruction
timestamp: 20260627T115201Z
entry: unified-OTA-entry.sh
instruction: ops/ota/next_instruction.json
From github.com:ShanGouXueHui/oris-commercial-insight-employee
 * branch            main       -> FETCH_HEAD
   0cf8689..630780f  main       -> origin/main
Updating 0cf8689..630780f
Fast-forward
 ops/ota/next_instruction.json | 16 ++++++++--------
 scripts/w71.py                | 12 ++++++++++++
 2 files changed, 20 insertions(+), 8 deletions(-)
 create mode 100644 scripts/w71.py
instruction_seq: 71
last_instruction_seq: 70
----------------------------------------------------------------------
Ran 365 tests in 0.322s

OK
Evidence: reports/testing/latest_test_result.json; reports/execution/insight_rebuild_module_70_execution_report.md
