timestamp: 20260628T151001Z
entry: unified-OTA-entry.sh
instruction: ops/ota/next_instruction.json
From github.com:ShanGouXueHui/oris-commercial-insight-employee
 * branch            main       -> FETCH_HEAD
   e77d6f2..7af4f21  main       -> origin/main
Updating e77d6f2..7af4f21
Fast-forward
 ops/ota/next_instruction.json | 2 +-
 scripts/w70.py                | 8 ++++----
 2 files changed, 5 insertions(+), 5 deletions(-)
instruction_seq: 136
last_instruction_seq: 135
----------------------------------------------------------------------
Ran 380 tests in 0.330s

OK
Evidence: reports/testing/latest_test_result.json; reports/execution/insight_rebuild_module_134_execution_report.md
[main b597bfa] Add OTA execution evidence
 8 files changed, 108 insertions(+), 4 deletions(-)
 create mode 100644 reports/execution/insight_rebuild_module_134_execution_report.md
 create mode 100644 reports/ota/unified_ota_20260628T150901Z.log
 create mode 100644 reports/ota/unified_ota_20260628T151001Z.log
 create mode 100644 reports/testing/insight_rebuild_module_134_test_result.json
To github.com:ShanGouXueHui/oris-commercial-insight-employee.git
   7af4f21..b597bfa  main -> main
