timestamp: 20260627T204901Z
entry: unified-OTA-entry.sh
instruction: ops/ota/next_instruction.json
From github.com:ShanGouXueHui/oris-commercial-insight-employee
 * branch            main       -> FETCH_HEAD
   6024381..b7928d3  main       -> origin/main
Updating 6024381..b7928d3
Fast-forward
 ops/ota/next_instruction.json | 2 +-
 1 file changed, 1 insertion(+), 1 deletion(-)
instruction_seq: 96
last_instruction_seq: 95
----------------------------------------------------------------------
Ran 380 tests in 0.294s

OK
Evidence: reports/testing/latest_test_result.json; reports/execution/insight_rebuild_module_94_execution_report.md
[main 1f09994] Add OTA execution evidence
 14 files changed, 210 insertions(+), 4 deletions(-)
 create mode 100644 reports/execution/insight_rebuild_module_94_execution_report.md
 create mode 100644 reports/ota/unified_ota_20260627T204201Z.log
 create mode 100644 reports/ota/unified_ota_20260627T204301Z.log
 create mode 100644 reports/ota/unified_ota_20260627T204401Z.log
 create mode 100644 reports/ota/unified_ota_20260627T204502Z.log
 create mode 100644 reports/ota/unified_ota_20260627T204601Z.log
 create mode 100644 reports/ota/unified_ota_20260627T204701Z.log
 create mode 100644 reports/ota/unified_ota_20260627T204801Z.log
 create mode 100644 reports/ota/unified_ota_20260627T204901Z.log
 create mode 100644 reports/testing/insight_rebuild_module_94_test_result.json
To github.com:ShanGouXueHui/oris-commercial-insight-employee.git
   b7928d3..1f09994  main -> main
