timestamp: 20260628T120701Z
entry: unified-OTA-entry.sh
instruction: ops/ota/next_instruction.json
From github.com:ShanGouXueHui/oris-commercial-insight-employee
 * branch            main       -> FETCH_HEAD
   27e6b1e..f778c15  main       -> origin/main
Updating 27e6b1e..f778c15
Fast-forward
 ops/ota/next_instruction.json | 2 +-
 1 file changed, 1 insertion(+), 1 deletion(-)
instruction_seq: 120
last_instruction_seq: 119
----------------------------------------------------------------------
Ran 380 tests in 0.324s

OK
Evidence: reports/testing/latest_test_result.json; reports/execution/insight_rebuild_module_118_execution_report.md
[main 96d69be] Add OTA execution evidence
 14 files changed, 208 insertions(+), 4 deletions(-)
 create mode 100644 reports/execution/insight_rebuild_module_118_execution_report.md
 create mode 100644 reports/ota/unified_ota_20260628T120001Z.log
 create mode 100644 reports/ota/unified_ota_20260628T120101Z.log
 create mode 100644 reports/ota/unified_ota_20260628T120201Z.log
 create mode 100644 reports/ota/unified_ota_20260628T120301Z.log
 create mode 100644 reports/ota/unified_ota_20260628T120401Z.log
 create mode 100644 reports/ota/unified_ota_20260628T120501Z.log
 create mode 100644 reports/ota/unified_ota_20260628T120601Z.log
 create mode 100644 reports/ota/unified_ota_20260628T120701Z.log
 create mode 100644 reports/testing/insight_rebuild_module_118_test_result.json
To github.com:ShanGouXueHui/oris-commercial-insight-employee.git
   f778c15..96d69be  main -> main
