timestamp: 20260627T123901Z
entry: unified-OTA-entry.sh
instruction: ops/ota/next_instruction.json
From github.com:ShanGouXueHui/oris-commercial-insight-employee
 * branch            main       -> FETCH_HEAD
   7abd6d5..d32e683  main       -> origin/main
Updating 7abd6d5..d32e683
Fast-forward
 ops/ota/next_instruction.json | 2 +-
 scripts/w70.py                | 8 ++++----
 2 files changed, 5 insertions(+), 5 deletions(-)
instruction_seq: 85
last_instruction_seq: 84
----------------------------------------------------------------------
Ran 380 tests in 0.306s

OK
Evidence: reports/testing/latest_test_result.json; reports/execution/insight_rebuild_module_83_execution_report.md
[main a853990] Add OTA execution evidence
 11 files changed, 146 insertions(+), 4 deletions(-)
 create mode 100644 reports/execution/insight_rebuild_module_83_execution_report.md
 create mode 100644 reports/ota/unified_ota_20260627T123501Z.log
 create mode 100644 reports/ota/unified_ota_20260627T123601Z.log
 create mode 100644 reports/ota/unified_ota_20260627T123701Z.log
 create mode 100644 reports/ota/unified_ota_20260627T123801Z.log
 create mode 100644 reports/ota/unified_ota_20260627T123901Z.log
 create mode 100644 reports/testing/insight_rebuild_module_83_test_result.json
To github.com:ShanGouXueHui/oris-commercial-insight-employee.git
   d32e683..a853990  main -> main
