timestamp: 20260627T214901Z
entry: unified-OTA-entry.sh
instruction: ops/ota/next_instruction.json
From github.com:ShanGouXueHui/oris-commercial-insight-employee
 * branch            main       -> FETCH_HEAD
   7d31aa4..f4b5070  main       -> origin/main
Updating 7d31aa4..f4b5070
Fast-forward
 ops/ota/next_instruction.json | 2 +-
 scripts/w70.py                | 8 ++++----
 2 files changed, 5 insertions(+), 5 deletions(-)
instruction_seq: 102
last_instruction_seq: 101
----------------------------------------------------------------------
Ran 380 tests in 0.314s

OK
Evidence: reports/testing/latest_test_result.json; reports/execution/insight_rebuild_module_100_execution_report.md
[main 87b2373] Add OTA execution evidence
 7 files changed, 72 insertions(+), 4 deletions(-)
 create mode 100644 reports/execution/insight_rebuild_module_100_execution_report.md
 create mode 100644 reports/ota/unified_ota_20260627T214901Z.log
 create mode 100644 reports/testing/insight_rebuild_module_100_test_result.json
To github.com:ShanGouXueHui/oris-commercial-insight-employee.git
   f4b5070..87b2373  main -> main
