timestamp: 20260627T130101Z
entry: unified-OTA-entry.sh
instruction: ops/ota/next_instruction.json
From github.com:ShanGouXueHui/oris-commercial-insight-employee
 * branch            main       -> FETCH_HEAD
   4ef7dd7..27c902d  main       -> origin/main
Updating 4ef7dd7..27c902d
Fast-forward
 ops/ota/next_instruction.json | 2 +-
 scripts/w70.py                | 8 ++++----
 2 files changed, 5 insertions(+), 5 deletions(-)
instruction_seq: 93
last_instruction_seq: 92
----------------------------------------------------------------------
Ran 380 tests in 0.346s

OK
Evidence: reports/testing/latest_test_result.json; reports/execution/insight_rebuild_module_91_execution_report.md
[main 8eb93e1] Add OTA execution evidence
 8 files changed, 88 insertions(+), 4 deletions(-)
 create mode 100644 reports/execution/insight_rebuild_module_91_execution_report.md
 create mode 100644 reports/ota/unified_ota_20260627T130001Z.log
 create mode 100644 reports/ota/unified_ota_20260627T130101Z.log
 create mode 100644 reports/testing/insight_rebuild_module_91_test_result.json
To github.com:ShanGouXueHui/oris-commercial-insight-employee.git
   27c902d..8eb93e1  main -> main
