timestamp: 20260628T130501Z
entry: unified-OTA-entry.sh
instruction: ops/ota/next_instruction.json
From github.com:ShanGouXueHui/oris-commercial-insight-employee
 * branch            main       -> FETCH_HEAD
   88b9ff9..9497150  main       -> origin/main
Updating 88b9ff9..9497150
Fast-forward
 ops/ota/next_instruction.json | 2 +-
 scripts/w70.py                | 8 ++++----
 2 files changed, 5 insertions(+), 5 deletions(-)
instruction_seq: 132
last_instruction_seq: 131
----------------------------------------------------------------------
Ran 380 tests in 0.323s

OK
Evidence: reports/testing/latest_test_result.json; reports/execution/insight_rebuild_module_130_execution_report.md
[main 01e8bde] Add OTA execution evidence
 8 files changed, 98 insertions(+), 4 deletions(-)
 create mode 100644 reports/execution/insight_rebuild_module_130_execution_report.md
 create mode 100644 reports/ota/unified_ota_20260628T130401Z.log
 create mode 100644 reports/ota/unified_ota_20260628T130501Z.log
 create mode 100644 reports/testing/insight_rebuild_module_130_test_result.json
To github.com:ShanGouXueHui/oris-commercial-insight-employee.git
   9497150..01e8bde  main -> main
