timestamp: 20260628T125701Z
entry: unified-OTA-entry.sh
instruction: ops/ota/next_instruction.json
From github.com:ShanGouXueHui/oris-commercial-insight-employee
 * branch            main       -> FETCH_HEAD
   7ad336f..64f3916  main       -> origin/main
Updating 7ad336f..64f3916
Fast-forward
 ops/ota/next_instruction.json | 2 +-
 scripts/w70.py                | 8 ++++----
 2 files changed, 5 insertions(+), 5 deletions(-)
instruction_seq: 130
last_instruction_seq: 129
----------------------------------------------------------------------
Ran 380 tests in 0.299s

OK
Evidence: reports/testing/latest_test_result.json; reports/execution/insight_rebuild_module_128_execution_report.md
[main 1d3efda] Add OTA execution evidence
 10 files changed, 126 insertions(+), 4 deletions(-)
 create mode 100644 reports/execution/insight_rebuild_module_128_execution_report.md
 create mode 100644 reports/ota/unified_ota_20260628T125401Z.log
 create mode 100644 reports/ota/unified_ota_20260628T125501Z.log
 create mode 100644 reports/ota/unified_ota_20260628T125601Z.log
 create mode 100644 reports/ota/unified_ota_20260628T125701Z.log
 create mode 100644 reports/testing/insight_rebuild_module_128_test_result.json
To github.com:ShanGouXueHui/oris-commercial-insight-employee.git
   64f3916..1d3efda  main -> main
