timestamp: 20260628T181501Z
entry: unified-OTA-entry.sh
instruction: ops/ota/next_instruction.json
From github.com:ShanGouXueHui/oris-commercial-insight-employee
 * branch            main       -> FETCH_HEAD
Already up to date.
instruction_seq: 166
last_instruction_seq: 165
----------------------------------------------------------------------
Ran 380 tests in 0.307s

OK
Evidence: reports/testing/latest_test_result.json; reports/execution/insight_rebuild_module_164_execution_report.md
[main c69a16b] Add OTA execution evidence
 9 files changed, 77 insertions(+), 4 deletions(-)
 create mode 100644 reports/execution/insight_rebuild_module_164_execution_report.md
 create mode 100644 reports/ota/unified_ota_20260628T181201Z.log
 create mode 100644 reports/ota/unified_ota_20260628T181301Z.log
 create mode 100644 reports/ota/unified_ota_20260628T181401Z.log
 create mode 100644 reports/ota/unified_ota_20260628T181501Z.log
 create mode 100644 reports/testing/insight_rebuild_module_164_test_result.json
To github.com:ShanGouXueHui/oris-commercial-insight-employee.git
   f11a5c5..c69a16b  main -> main
