timestamp: 20260628T154001Z
entry: unified-OTA-entry.sh
instruction: ops/ota/next_instruction.json
From github.com:ShanGouXueHui/oris-commercial-insight-employee
 * branch            main       -> FETCH_HEAD
   ea7db2b..8b723bf  main       -> origin/main
Updating ea7db2b..8b723bf
Fast-forward
 ops/ota/next_instruction.json | 2 +-
 1 file changed, 1 insertion(+), 1 deletion(-)
instruction_seq: 146
last_instruction_seq: 145
----------------------------------------------------------------------
Ran 380 tests in 0.344s

OK
Evidence: reports/testing/latest_test_result.json; reports/execution/insight_rebuild_module_144_execution_report.md
[main a0163eb] Add OTA execution evidence
 8 files changed, 100 insertions(+), 4 deletions(-)
 create mode 100644 reports/execution/insight_rebuild_module_144_execution_report.md
 create mode 100644 reports/ota/unified_ota_20260628T153901Z.log
 create mode 100644 reports/ota/unified_ota_20260628T154001Z.log
 create mode 100644 reports/testing/insight_rebuild_module_144_test_result.json
To github.com:ShanGouXueHui/oris-commercial-insight-employee.git
   8b723bf..a0163eb  main -> main
