timestamp: 20260627T205402Z
entry: unified-OTA-entry.sh
instruction: ops/ota/next_instruction.json
From github.com:ShanGouXueHui/oris-commercial-insight-employee
 * branch            main       -> FETCH_HEAD
   02f1756..b804da9  main       -> origin/main
Updating 02f1756..b804da9
Fast-forward
 ops/ota/next_instruction.json | 2 +-
 scripts/w70.py                | 8 ++++----
 2 files changed, 5 insertions(+), 5 deletions(-)
instruction_seq: 99
last_instruction_seq: 98
----------------------------------------------------------------------
Ran 380 tests in 0.320s

OK
Evidence: reports/testing/latest_test_result.json; reports/execution/insight_rebuild_module_97_execution_report.md
[main 428907d] Add OTA execution evidence
 7 files changed, 74 insertions(+), 4 deletions(-)
 create mode 100644 reports/execution/insight_rebuild_module_97_execution_report.md
 create mode 100644 reports/ota/unified_ota_20260627T205402Z.log
 create mode 100644 reports/testing/insight_rebuild_module_97_test_result.json
To github.com:ShanGouXueHui/oris-commercial-insight-employee.git
   b804da9..428907d  main -> main
