timestamp: 20260628T152701Z
entry: unified-OTA-entry.sh
instruction: ops/ota/next_instruction.json
From github.com:ShanGouXueHui/oris-commercial-insight-employee
 * branch            main       -> FETCH_HEAD
Already up to date.
instruction_seq: 141
last_instruction_seq: 140
----------------------------------------------------------------------
Ran 380 tests in 0.349s

OK
Evidence: reports/testing/latest_test_result.json; reports/execution/insight_rebuild_module_139_execution_report.md
[main 17a5cea] Add OTA execution evidence
 13 files changed, 178 insertions(+), 4 deletions(-)
 create mode 100644 reports/execution/insight_rebuild_module_139_execution_report.md
 create mode 100644 reports/ota/unified_ota_20260628T152101Z.log
 create mode 100644 reports/ota/unified_ota_20260628T152201Z.log
 create mode 100644 reports/ota/unified_ota_20260628T152301Z.log
 create mode 100644 reports/ota/unified_ota_20260628T152401Z.log
 create mode 100644 reports/ota/unified_ota_20260628T152501Z.log
 create mode 100644 reports/ota/unified_ota_20260628T152601Z.log
 create mode 100644 reports/ota/unified_ota_20260628T152701Z.log
 create mode 100644 reports/testing/insight_rebuild_module_139_test_result.json
To github.com:ShanGouXueHui/oris-commercial-insight-employee.git
   f20f890..17a5cea  main -> main
