timestamp: 20260628T110801Z
entry: unified-OTA-entry.sh
instruction: ops/ota/next_instruction.json
From github.com:ShanGouXueHui/oris-commercial-insight-employee
 * branch            main       -> FETCH_HEAD
   4336d7e..e18642a  main       -> origin/main
Updating 4336d7e..e18642a
Fast-forward
 ops/ota/next_instruction.json | 2 +-
 scripts/w70.py                | 8 ++++----
 2 files changed, 5 insertions(+), 5 deletions(-)
instruction_seq: 115
last_instruction_seq: 114
----------------------------------------------------------------------
Ran 380 tests in 0.350s

OK
Evidence: reports/testing/latest_test_result.json; reports/execution/insight_rebuild_module_113_execution_report.md
[main 94b8e41] Add OTA execution evidence
 9 files changed, 128 insertions(+), 4 deletions(-)
 create mode 100644 reports/execution/insight_rebuild_module_113_execution_report.md
 create mode 100644 reports/ota/unified_ota_20260628T110601Z.log
 create mode 100644 reports/ota/unified_ota_20260628T110701Z.log
 create mode 100644 reports/ota/unified_ota_20260628T110801Z.log
 create mode 100644 reports/testing/insight_rebuild_module_113_test_result.json
To github.com:ShanGouXueHui/oris-commercial-insight-employee.git
   e18642a..94b8e41  main -> main
