timestamp: 20260628T115501Z
entry: unified-OTA-entry.sh
instruction: ops/ota/next_instruction.json
From github.com:ShanGouXueHui/oris-commercial-insight-employee
 * branch            main       -> FETCH_HEAD
   2c9629e..00509b3  main       -> origin/main
Updating 2c9629e..00509b3
Fast-forward
 ops/ota/next_instruction.json | 2 +-
 scripts/w70.py                | 8 ++++----
 2 files changed, 5 insertions(+), 5 deletions(-)
instruction_seq: 118
last_instruction_seq: 117
----------------------------------------------------------------------
Ran 380 tests in 0.352s

OK
Evidence: reports/testing/latest_test_result.json; reports/execution/insight_rebuild_module_116_execution_report.md
[main c155f6a] Add OTA execution evidence
 7 files changed, 78 insertions(+), 4 deletions(-)
 create mode 100644 reports/execution/insight_rebuild_module_116_execution_report.md
 create mode 100644 reports/ota/unified_ota_20260628T115501Z.log
 create mode 100644 reports/testing/insight_rebuild_module_116_test_result.json
To github.com:ShanGouXueHui/oris-commercial-insight-employee.git
   00509b3..c155f6a  main -> main
