timestamp: 20260628T133701Z
entry: unified-OTA-entry.sh
instruction: ops/ota/next_instruction.json
From github.com:ShanGouXueHui/oris-commercial-insight-employee
 * branch            main       -> FETCH_HEAD
   01e8bde..a9f689d  main       -> origin/main
Updating 01e8bde..a9f689d
Fast-forward
 ops/ota/next_instruction.json | 2 +-
 scripts/w70.py                | 8 ++++----
 2 files changed, 5 insertions(+), 5 deletions(-)
instruction_seq: 133
last_instruction_seq: 132
----------------------------------------------------------------------
Ran 380 tests in 0.317s

OK
Evidence: reports/testing/latest_test_result.json; reports/execution/insight_rebuild_module_131_execution_report.md
[main 6db3c75] Add OTA execution evidence
 38 files changed, 630 insertions(+), 4 deletions(-)
 create mode 100644 reports/execution/insight_rebuild_module_131_execution_report.md
 create mode 100644 reports/ota/unified_ota_20260628T130601Z.log
 create mode 100644 reports/ota/unified_ota_20260628T130701Z.log
 create mode 100644 reports/ota/unified_ota_20260628T130801Z.log
 create mode 100644 reports/ota/unified_ota_20260628T130901Z.log
 create mode 100644 reports/ota/unified_ota_20260628T131001Z.log
 create mode 100644 reports/ota/unified_ota_20260628T131101Z.log
 create mode 100644 reports/ota/unified_ota_20260628T131201Z.log
 create mode 100644 reports/ota/unified_ota_20260628T131301Z.log
 create mode 100644 reports/ota/unified_ota_20260628T131401Z.log
 create mode 100644 reports/ota/unified_ota_20260628T131501Z.log
 create mode 100644 reports/ota/unified_ota_20260628T131601Z.log
 create mode 100644 reports/ota/unified_ota_20260628T131701Z.log
 create mode 100644 reports/ota/unified_ota_20260628T131801Z.log
 create mode 100644 reports/ota/unified_ota_20260628T131901Z.log
 create mode 100644 reports/ota/unified_ota_20260628T132001Z.log
 create mode 100644 reports/ota/unified_ota_20260628T132101Z.log
 create mode 100644 reports/ota/unified_ota_20260628T132201Z.log
 create mode 100644 reports/ota/unified_ota_20260628T132301Z.log
 create mode 100644 reports/ota/unified_ota_20260628T132401Z.log
 create mode 100644 reports/ota/unified_ota_20260628T132501Z.log
 create mode 100644 reports/ota/unified_ota_20260628T132601Z.log
 create mode 100644 reports/ota/unified_ota_20260628T132702Z.log
 create mode 100644 reports/ota/unified_ota_20260628T132801Z.log
 create mode 100644 reports/ota/unified_ota_20260628T132901Z.log
 create mode 100644 reports/ota/unified_ota_20260628T133001Z.log
 create mode 100644 reports/ota/unified_ota_20260628T133101Z.log
 create mode 100644 reports/ota/unified_ota_20260628T133201Z.log
 create mode 100644 reports/ota/unified_ota_20260628T133301Z.log
 create mode 100644 reports/ota/unified_ota_20260628T133401Z.log
 create mode 100644 reports/ota/unified_ota_20260628T133501Z.log
 create mode 100644 reports/ota/unified_ota_20260628T133601Z.log
 create mode 100644 reports/ota/unified_ota_20260628T133701Z.log
 create mode 100644 reports/testing/insight_rebuild_module_131_test_result.json
To github.com:ShanGouXueHui/oris-commercial-insight-employee.git
   a9f689d..6db3c75  main -> main
