timestamp: 20260628T210001Z
entry: unified-OTA-entry.sh
instruction: ops/ota/next_instruction.json
From github.com:ShanGouXueHui/oris-commercial-insight-employee
 * branch            main       -> FETCH_HEAD
   c69a16b..a5c2848  main       -> origin/main
Updating c69a16b..a5c2848
Fast-forward
 ops/ota/next_instruction.json | 2 +-
 scripts/w70.py                | 8 ++++----
 2 files changed, 5 insertions(+), 5 deletions(-)
instruction_seq: 167
last_instruction_seq: 166
----------------------------------------------------------------------
Ran 380 tests in 0.312s

OK
Evidence: reports/testing/latest_test_result.json; reports/execution/insight_rebuild_module_165_execution_report.md
Auto packing the repository in background for optimum performance.
See "git help gc" for manual housekeeping.
[main f2ee2d8] Add OTA execution evidence
 171 files changed, 3032 insertions(+), 4 deletions(-)
 create mode 100644 reports/execution/insight_rebuild_module_165_execution_report.md
 create mode 100644 reports/ota/unified_ota_20260628T181601Z.log
 create mode 100644 reports/ota/unified_ota_20260628T181701Z.log
 create mode 100644 reports/ota/unified_ota_20260628T181801Z.log
 create mode 100644 reports/ota/unified_ota_20260628T181901Z.log
 create mode 100644 reports/ota/unified_ota_20260628T182001Z.log
 create mode 100644 reports/ota/unified_ota_20260628T182101Z.log
 create mode 100644 reports/ota/unified_ota_20260628T182201Z.log
 create mode 100644 reports/ota/unified_ota_20260628T182301Z.log
 create mode 100644 reports/ota/unified_ota_20260628T182401Z.log
 create mode 100644 reports/ota/unified_ota_20260628T182501Z.log
 create mode 100644 reports/ota/unified_ota_20260628T182601Z.log
 create mode 100644 reports/ota/unified_ota_20260628T182701Z.log
 create mode 100644 reports/ota/unified_ota_20260628T182801Z.log
 create mode 100644 reports/ota/unified_ota_20260628T182901Z.log
 create mode 100644 reports/ota/unified_ota_20260628T183001Z.log
 create mode 100644 reports/ota/unified_ota_20260628T183101Z.log
 create mode 100644 reports/ota/unified_ota_20260628T183201Z.log
 create mode 100644 reports/ota/unified_ota_20260628T183301Z.log
 create mode 100644 reports/ota/unified_ota_20260628T183401Z.log
 create mode 100644 reports/ota/unified_ota_20260628T183501Z.log
 create mode 100644 reports/ota/unified_ota_20260628T183601Z.log
 create mode 100644 reports/ota/unified_ota_20260628T183701Z.log
 create mode 100644 reports/ota/unified_ota_20260628T183801Z.log
 create mode 100644 reports/ota/unified_ota_20260628T183901Z.log
 create mode 100644 reports/ota/unified_ota_20260628T184001Z.log
 create mode 100644 reports/ota/unified_ota_20260628T184101Z.log
 create mode 100644 reports/ota/unified_ota_20260628T184201Z.log
 create mode 100644 reports/ota/unified_ota_20260628T184301Z.log
 create mode 100644 reports/ota/unified_ota_20260628T184401Z.log
 create mode 100644 reports/ota/unified_ota_20260628T184501Z.log
 create mode 100644 reports/ota/unified_ota_20260628T184601Z.log
 create mode 100644 reports/ota/unified_ota_20260628T184701Z.log
 create mode 100644 reports/ota/unified_ota_20260628T184801Z.log
 create mode 100644 reports/ota/unified_ota_20260628T184901Z.log
 create mode 100644 reports/ota/unified_ota_20260628T185001Z.log
 create mode 100644 reports/ota/unified_ota_20260628T185101Z.log
 create mode 100644 reports/ota/unified_ota_20260628T185201Z.log
 create mode 100644 reports/ota/unified_ota_20260628T185301Z.log
 create mode 100644 reports/ota/unified_ota_20260628T185401Z.log
 create mode 100644 reports/ota/unified_ota_20260628T185501Z.log
 create mode 100644 reports/ota/unified_ota_20260628T185601Z.log
 create mode 100644 reports/ota/unified_ota_20260628T185701Z.log
 create mode 100644 reports/ota/unified_ota_20260628T185801Z.log
 create mode 100644 reports/ota/unified_ota_20260628T185901Z.log
 create mode 100644 reports/ota/unified_ota_20260628T190001Z.log
 create mode 100644 reports/ota/unified_ota_20260628T190101Z.log
 create mode 100644 reports/ota/unified_ota_20260628T190201Z.log
 create mode 100644 reports/ota/unified_ota_20260628T190301Z.log
 create mode 100644 reports/ota/unified_ota_20260628T190401Z.log
 create mode 100644 reports/ota/unified_ota_20260628T190501Z.log
 create mode 100644 reports/ota/unified_ota_20260628T190601Z.log
 create mode 100644 reports/ota/unified_ota_20260628T190701Z.log
 create mode 100644 reports/ota/unified_ota_20260628T190801Z.log
 create mode 100644 reports/ota/unified_ota_20260628T190901Z.log
 create mode 100644 reports/ota/unified_ota_20260628T191001Z.log
 create mode 100644 reports/ota/unified_ota_20260628T191101Z.log
 create mode 100644 reports/ota/unified_ota_20260628T191201Z.log
 create mode 100644 reports/ota/unified_ota_20260628T191301Z.log
 create mode 100644 reports/ota/unified_ota_20260628T191402Z.log
 create mode 100644 reports/ota/unified_ota_20260628T191501Z.log
 create mode 100644 reports/ota/unified_ota_20260628T191601Z.log
 create mode 100644 reports/ota/unified_ota_20260628T191701Z.log
 create mode 100644 reports/ota/unified_ota_20260628T191801Z.log
 create mode 100644 reports/ota/unified_ota_20260628T191901Z.log
 create mode 100644 reports/ota/unified_ota_20260628T192001Z.log
 create mode 100644 reports/ota/unified_ota_20260628T192101Z.log
 create mode 100644 reports/ota/unified_ota_20260628T192201Z.log
 create mode 100644 reports/ota/unified_ota_20260628T192301Z.log
 create mode 100644 reports/ota/unified_ota_20260628T192401Z.log
 create mode 100644 reports/ota/unified_ota_20260628T192501Z.log
 create mode 100644 reports/ota/unified_ota_20260628T192601Z.log
 create mode 100644 reports/ota/unified_ota_20260628T192701Z.log
 create mode 100644 reports/ota/unified_ota_20260628T192801Z.log
 create mode 100644 reports/ota/unified_ota_20260628T192901Z.log
 create mode 100644 reports/ota/unified_ota_20260628T193001Z.log
 create mode 100644 reports/ota/unified_ota_20260628T193101Z.log
 create mode 100644 reports/ota/unified_ota_20260628T193201Z.log
 create mode 100644 reports/ota/unified_ota_20260628T193301Z.log
 create mode 100644 reports/ota/unified_ota_20260628T193401Z.log
 create mode 100644 reports/ota/unified_ota_20260628T193501Z.log
 create mode 100644 reports/ota/unified_ota_20260628T193601Z.log
 create mode 100644 reports/ota/unified_ota_20260628T193702Z.log
 create mode 100644 reports/ota/unified_ota_20260628T193801Z.log
 create mode 100644 reports/ota/unified_ota_20260628T193901Z.log
 create mode 100644 reports/ota/unified_ota_20260628T194001Z.log
 create mode 100644 reports/ota/unified_ota_20260628T194101Z.log
 create mode 100644 reports/ota/unified_ota_20260628T194201Z.log
 create mode 100644 reports/ota/unified_ota_20260628T194301Z.log
 create mode 100644 reports/ota/unified_ota_20260628T194401Z.log
 create mode 100644 reports/ota/unified_ota_20260628T194501Z.log
 create mode 100644 reports/ota/unified_ota_20260628T194601Z.log
 create mode 100644 reports/ota/unified_ota_20260628T194701Z.log
 create mode 100644 reports/ota/unified_ota_20260628T194801Z.log
 create mode 100644 reports/ota/unified_ota_20260628T194901Z.log
 create mode 100644 reports/ota/unified_ota_20260628T195001Z.log
 create mode 100644 reports/ota/unified_ota_20260628T195101Z.log
 create mode 100644 reports/ota/unified_ota_20260628T195201Z.log
 create mode 100644 reports/ota/unified_ota_20260628T195301Z.log
 create mode 100644 reports/ota/unified_ota_20260628T195401Z.log
 create mode 100644 reports/ota/unified_ota_20260628T195501Z.log
 create mode 100644 reports/ota/unified_ota_20260628T195601Z.log
 create mode 100644 reports/ota/unified_ota_20260628T195701Z.log
 create mode 100644 reports/ota/unified_ota_20260628T195801Z.log
 create mode 100644 reports/ota/unified_ota_20260628T195901Z.log
 create mode 100644 reports/ota/unified_ota_20260628T200001Z.log
 create mode 100644 reports/ota/unified_ota_20260628T200101Z.log
 create mode 100644 reports/ota/unified_ota_20260628T200201Z.log
 create mode 100644 reports/ota/unified_ota_20260628T200301Z.log
 create mode 100644 reports/ota/unified_ota_20260628T200401Z.log
 create mode 100644 reports/ota/unified_ota_20260628T200502Z.log
 create mode 100644 reports/ota/unified_ota_20260628T200601Z.log
 create mode 100644 reports/ota/unified_ota_20260628T200701Z.log
 create mode 100644 reports/ota/unified_ota_20260628T200801Z.log
 create mode 100644 reports/ota/unified_ota_20260628T200901Z.log
 create mode 100644 reports/ota/unified_ota_20260628T201001Z.log
 create mode 100644 reports/ota/unified_ota_20260628T201101Z.log
 create mode 100644 reports/ota/unified_ota_20260628T201201Z.log
 create mode 100644 reports/ota/unified_ota_20260628T201301Z.log
 create mode 100644 reports/ota/unified_ota_20260628T201401Z.log
 create mode 100644 reports/ota/unified_ota_20260628T201501Z.log
 create mode 100644 reports/ota/unified_ota_20260628T201601Z.log
 create mode 100644 reports/ota/unified_ota_20260628T201701Z.log
 create mode 100644 reports/ota/unified_ota_20260628T201801Z.log
 create mode 100644 reports/ota/unified_ota_20260628T201901Z.log
 create mode 100644 reports/ota/unified_ota_20260628T202001Z.log
 create mode 100644 reports/ota/unified_ota_20260628T202101Z.log
 create mode 100644 reports/ota/unified_ota_20260628T202201Z.log
 create mode 100644 reports/ota/unified_ota_20260628T202301Z.log
 create mode 100644 reports/ota/unified_ota_20260628T202401Z.log
 create mode 100644 reports/ota/unified_ota_20260628T202501Z.log
 create mode 100644 reports/ota/unified_ota_20260628T202601Z.log
 create mode 100644 reports/ota/unified_ota_20260628T202701Z.log
 create mode 100644 reports/ota/unified_ota_20260628T202801Z.log
 create mode 100644 reports/ota/unified_ota_20260628T202901Z.log
 create mode 100644 reports/ota/unified_ota_20260628T203001Z.log
 create mode 100644 reports/ota/unified_ota_20260628T203101Z.log
 create mode 100644 reports/ota/unified_ota_20260628T203201Z.log
 create mode 100644 reports/ota/unified_ota_20260628T203301Z.log
 create mode 100644 reports/ota/unified_ota_20260628T203401Z.log
 create mode 100644 reports/ota/unified_ota_20260628T203501Z.log
 create mode 100644 reports/ota/unified_ota_20260628T203601Z.log
 create mode 100644 reports/ota/unified_ota_20260628T203701Z.log
 create mode 100644 reports/ota/unified_ota_20260628T203801Z.log
 create mode 100644 reports/ota/unified_ota_20260628T203901Z.log
 create mode 100644 reports/ota/unified_ota_20260628T204001Z.log
 create mode 100644 reports/ota/unified_ota_20260628T204101Z.log
 create mode 100644 reports/ota/unified_ota_20260628T204201Z.log
 create mode 100644 reports/ota/unified_ota_20260628T204301Z.log
 create mode 100644 reports/ota/unified_ota_20260628T204401Z.log
 create mode 100644 reports/ota/unified_ota_20260628T204501Z.log
 create mode 100644 reports/ota/unified_ota_20260628T204601Z.log
 create mode 100644 reports/ota/unified_ota_20260628T204701Z.log
 create mode 100644 reports/ota/unified_ota_20260628T204801Z.log
 create mode 100644 reports/ota/unified_ota_20260628T204901Z.log
 create mode 100644 reports/ota/unified_ota_20260628T205001Z.log
 create mode 100644 reports/ota/unified_ota_20260628T205101Z.log
 create mode 100644 reports/ota/unified_ota_20260628T205201Z.log
 create mode 100644 reports/ota/unified_ota_20260628T205301Z.log
 create mode 100644 reports/ota/unified_ota_20260628T205401Z.log
 create mode 100644 reports/ota/unified_ota_20260628T205501Z.log
 create mode 100644 reports/ota/unified_ota_20260628T205601Z.log
 create mode 100644 reports/ota/unified_ota_20260628T205701Z.log
 create mode 100644 reports/ota/unified_ota_20260628T205801Z.log
 create mode 100644 reports/ota/unified_ota_20260628T205901Z.log
 create mode 100644 reports/ota/unified_ota_20260628T210001Z.log
 create mode 100644 reports/testing/insight_rebuild_module_165_test_result.json
To github.com:ShanGouXueHui/oris-commercial-insight-employee.git
   a5c2848..f2ee2d8  main -> main
