timestamp: 20260628T174901Z
entry: unified-OTA-entry.sh
instruction: ops/ota/next_instruction.json
From github.com:ShanGouXueHui/oris-commercial-insight-employee
 * branch            main       -> FETCH_HEAD
Already up to date.
instruction_seq: 160
last_instruction_seq: 159
----------------------------------------------------------------------
Ran 380 tests in 0.311s

OK
Evidence: reports/testing/latest_test_result.json; reports/execution/insight_rebuild_module_158_execution_report.md
[main 1f6a21d] Add OTA execution evidence
 11 files changed, 134 insertions(+), 4 deletions(-)
 create mode 100644 reports/execution/insight_rebuild_module_158_execution_report.md
 create mode 100644 reports/ota/unified_ota_20260628T174501Z.log
 create mode 100644 reports/ota/unified_ota_20260628T174601Z.log
 create mode 100644 reports/ota/unified_ota_20260628T174701Z.log
 create mode 100644 reports/ota/unified_ota_20260628T174801Z.log
 create mode 100644 reports/ota/unified_ota_20260628T174901Z.log
 create mode 100644 reports/testing/insight_rebuild_module_158_test_result.json
To github.com:ShanGouXueHui/oris-commercial-insight-employee.git
   fb9da86..1f6a21d  main -> main
