timestamp: 20260628T180001Z
entry: unified-OTA-entry.sh
instruction: ops/ota/next_instruction.json
From github.com:ShanGouXueHui/oris-commercial-insight-employee
 * branch            main       -> FETCH_HEAD
   e8932f1..b9429cb  main       -> origin/main
Updating e8932f1..b9429cb
Fast-forward
 ops/ota/next_instruction.json | 2 +-
 scripts/w70.py                | 8 ++++----
 2 files changed, 5 insertions(+), 5 deletions(-)
instruction_seq: 164
last_instruction_seq: 163
----------------------------------------------------------------------
Ran 380 tests in 0.322s

OK
Evidence: reports/testing/latest_test_result.json; reports/execution/insight_rebuild_module_162_execution_report.md
[main 7f9d19b] Add OTA execution evidence
 10 files changed, 126 insertions(+), 4 deletions(-)
 create mode 100644 reports/execution/insight_rebuild_module_162_execution_report.md
 create mode 100644 reports/ota/unified_ota_20260628T175701Z.log
 create mode 100644 reports/ota/unified_ota_20260628T175801Z.log
 create mode 100644 reports/ota/unified_ota_20260628T175901Z.log
 create mode 100644 reports/ota/unified_ota_20260628T180001Z.log
 create mode 100644 reports/testing/insight_rebuild_module_162_test_result.json
To github.com:ShanGouXueHui/oris-commercial-insight-employee.git
   b9429cb..7f9d19b  main -> main
