timestamp: 20260628T145701Z
entry: unified-OTA-entry.sh
instruction: ops/ota/next_instruction.json
From github.com:ShanGouXueHui/oris-commercial-insight-employee
 * branch            main       -> FETCH_HEAD
   6db3c75..2326c39  main       -> origin/main
Updating 6db3c75..2326c39
Fast-forward
 ops/ota/next_instruction.json | 2 +-
 scripts/w70.py                | 8 ++++----
 2 files changed, 5 insertions(+), 5 deletions(-)
instruction_seq: 134
last_instruction_seq: 133
----------------------------------------------------------------------
Ran 380 tests in 0.333s

OK
Evidence: reports/testing/latest_test_result.json; reports/execution/insight_rebuild_module_132_execution_report.md
[main f0c7623] Add OTA execution evidence
 86 files changed, 1554 insertions(+), 4 deletions(-)
 create mode 100644 reports/execution/insight_rebuild_module_132_execution_report.md
 create mode 100644 reports/ota/unified_ota_20260628T133801Z.log
 create mode 100644 reports/ota/unified_ota_20260628T133901Z.log
 create mode 100644 reports/ota/unified_ota_20260628T134001Z.log
 create mode 100644 reports/ota/unified_ota_20260628T134101Z.log
 create mode 100644 reports/ota/unified_ota_20260628T134201Z.log
 create mode 100644 reports/ota/unified_ota_20260628T134301Z.log
 create mode 100644 reports/ota/unified_ota_20260628T134401Z.log
 create mode 100644 reports/ota/unified_ota_20260628T134501Z.log
 create mode 100644 reports/ota/unified_ota_20260628T134601Z.log
 create mode 100644 reports/ota/unified_ota_20260628T134701Z.log
 create mode 100644 reports/ota/unified_ota_20260628T134801Z.log
 create mode 100644 reports/ota/unified_ota_20260628T134901Z.log
 create mode 100644 reports/ota/unified_ota_20260628T135001Z.log
 create mode 100644 reports/ota/unified_ota_20260628T135101Z.log
 create mode 100644 reports/ota/unified_ota_20260628T135201Z.log
 create mode 100644 reports/ota/unified_ota_20260628T135301Z.log
 create mode 100644 reports/ota/unified_ota_20260628T135401Z.log
 create mode 100644 reports/ota/unified_ota_20260628T135501Z.log
 create mode 100644 reports/ota/unified_ota_20260628T135601Z.log
 create mode 100644 reports/ota/unified_ota_20260628T135701Z.log
 create mode 100644 reports/ota/unified_ota_20260628T135801Z.log
 create mode 100644 reports/ota/unified_ota_20260628T135901Z.log
 create mode 100644 reports/ota/unified_ota_20260628T140001Z.log
 create mode 100644 reports/ota/unified_ota_20260628T140101Z.log
 create mode 100644 reports/ota/unified_ota_20260628T140201Z.log
 create mode 100644 reports/ota/unified_ota_20260628T140301Z.log
 create mode 100644 reports/ota/unified_ota_20260628T140401Z.log
 create mode 100644 reports/ota/unified_ota_20260628T140501Z.log
 create mode 100644 reports/ota/unified_ota_20260628T140601Z.log
 create mode 100644 reports/ota/unified_ota_20260628T140701Z.log
 create mode 100644 reports/ota/unified_ota_20260628T140801Z.log
 create mode 100644 reports/ota/unified_ota_20260628T140901Z.log
 create mode 100644 reports/ota/unified_ota_20260628T141001Z.log
 create mode 100644 reports/ota/unified_ota_20260628T141101Z.log
 create mode 100644 reports/ota/unified_ota_20260628T141201Z.log
 create mode 100644 reports/ota/unified_ota_20260628T141301Z.log
 create mode 100644 reports/ota/unified_ota_20260628T141401Z.log
 create mode 100644 reports/ota/unified_ota_20260628T141501Z.log
 create mode 100644 reports/ota/unified_ota_20260628T141601Z.log
 create mode 100644 reports/ota/unified_ota_20260628T141701Z.log
 create mode 100644 reports/ota/unified_ota_20260628T141801Z.log
 create mode 100644 reports/ota/unified_ota_20260628T141901Z.log
 create mode 100644 reports/ota/unified_ota_20260628T142001Z.log
 create mode 100644 reports/ota/unified_ota_20260628T142101Z.log
 create mode 100644 reports/ota/unified_ota_20260628T142201Z.log
 create mode 100644 reports/ota/unified_ota_20260628T142301Z.log
 create mode 100644 reports/ota/unified_ota_20260628T142401Z.log
 create mode 100644 reports/ota/unified_ota_20260628T142501Z.log
 create mode 100644 reports/ota/unified_ota_20260628T142601Z.log
 create mode 100644 reports/ota/unified_ota_20260628T142701Z.log
 create mode 100644 reports/ota/unified_ota_20260628T142801Z.log
 create mode 100644 reports/ota/unified_ota_20260628T142901Z.log
 create mode 100644 reports/ota/unified_ota_20260628T143001Z.log
 create mode 100644 reports/ota/unified_ota_20260628T143101Z.log
 create mode 100644 reports/ota/unified_ota_20260628T143201Z.log
 create mode 100644 reports/ota/unified_ota_20260628T143301Z.log
 create mode 100644 reports/ota/unified_ota_20260628T143401Z.log
 create mode 100644 reports/ota/unified_ota_20260628T143501Z.log
 create mode 100644 reports/ota/unified_ota_20260628T143601Z.log
 create mode 100644 reports/ota/unified_ota_20260628T143701Z.log
 create mode 100644 reports/ota/unified_ota_20260628T143801Z.log
 create mode 100644 reports/ota/unified_ota_20260628T143901Z.log
 create mode 100644 reports/ota/unified_ota_20260628T144001Z.log
 create mode 100644 reports/ota/unified_ota_20260628T144101Z.log
 create mode 100644 reports/ota/unified_ota_20260628T144201Z.log
 create mode 100644 reports/ota/unified_ota_20260628T144301Z.log
 create mode 100644 reports/ota/unified_ota_20260628T144401Z.log
 create mode 100644 reports/ota/unified_ota_20260628T144501Z.log
 create mode 100644 reports/ota/unified_ota_20260628T144601Z.log
 create mode 100644 reports/ota/unified_ota_20260628T144701Z.log
 create mode 100644 reports/ota/unified_ota_20260628T144801Z.log
 create mode 100644 reports/ota/unified_ota_20260628T144901Z.log
 create mode 100644 reports/ota/unified_ota_20260628T145001Z.log
 create mode 100644 reports/ota/unified_ota_20260628T145101Z.log
 create mode 100644 reports/ota/unified_ota_20260628T145201Z.log
 create mode 100644 reports/ota/unified_ota_20260628T145301Z.log
 create mode 100644 reports/ota/unified_ota_20260628T145401Z.log
 create mode 100644 reports/ota/unified_ota_20260628T145501Z.log
 create mode 100644 reports/ota/unified_ota_20260628T145601Z.log
 create mode 100644 reports/ota/unified_ota_20260628T145701Z.log
 create mode 100644 reports/testing/insight_rebuild_module_132_test_result.json
To github.com:ShanGouXueHui/oris-commercial-insight-employee.git
   2326c39..f0c7623  main -> main
