timestamp: 20260627T115401Z
entry: unified-OTA-entry.sh
instruction: ops/ota/next_instruction.json
From github.com:ShanGouXueHui/oris-commercial-insight-employee
 * branch            main       -> FETCH_HEAD
   0c5ef45..51eddaa  main       -> origin/main
Updating 0c5ef45..51eddaa
Fast-forward
 ops/ota/next_instruction.json | 15 ++-------------
 1 file changed, 2 insertions(+), 13 deletions(-)
instruction_seq: 72
last_instruction_seq: 71
----------------------------------------------------------------------
Ran 365 tests in 0.311s

OK
Evidence: reports/testing/latest_test_result.json; reports/execution/insight_rebuild_module_71_execution_report.md
[main 87a025a] Add module 70 execution evidence
 6 files changed, 95 insertions(+), 20 deletions(-)
 create mode 100644 reports/ota/unified_ota_20260627T115301Z.log
 create mode 100644 reports/ota/unified_ota_20260627T115401Z.log
 rewrite reports/testing/latest_test_result.json (69%)
To github.com:ShanGouXueHui/oris-commercial-insight-employee.git
   51eddaa..87a025a  main -> main
