timestamp: 20260628T103801Z
entry: unified-OTA-entry.sh
instruction: ops/ota/next_instruction.json
From github.com:ShanGouXueHui/oris-commercial-insight-employee
 * branch            main       -> FETCH_HEAD
Already up to date.
instruction_seq: 111
last_instruction_seq: 110
----------------------------------------------------------------------
Ran 380 tests in 0.317s

OK
Evidence: reports/testing/latest_test_result.json; reports/execution/insight_rebuild_module_109_execution_report.md
[main c1d342c] Add OTA execution evidence
 20 files changed, 380 insertions(+), 4 deletions(-)
 create mode 100644 reports/execution/insight_rebuild_module_109_execution_report.md
 create mode 100644 reports/ota/unified_ota_20260628T102501Z.log
 create mode 100644 reports/ota/unified_ota_20260628T102601Z.log
 create mode 100644 reports/ota/unified_ota_20260628T102701Z.log
 create mode 100644 reports/ota/unified_ota_20260628T102801Z.log
 create mode 100644 reports/ota/unified_ota_20260628T102901Z.log
 create mode 100644 reports/ota/unified_ota_20260628T103001Z.log
 create mode 100644 reports/ota/unified_ota_20260628T103101Z.log
 create mode 100644 reports/ota/unified_ota_20260628T103201Z.log
 create mode 100644 reports/ota/unified_ota_20260628T103301Z.log
 create mode 100644 reports/ota/unified_ota_20260628T103401Z.log
 create mode 100644 reports/ota/unified_ota_20260628T103501Z.log
 create mode 100644 reports/ota/unified_ota_20260628T103601Z.log
 create mode 100644 reports/ota/unified_ota_20260628T103701Z.log
 create mode 100644 reports/ota/unified_ota_20260628T103801Z.log
 create mode 100644 reports/testing/insight_rebuild_module_109_test_result.json
To github.com:ShanGouXueHui/oris-commercial-insight-employee.git
   9094749..c1d342c  main -> main
