timestamp: 20260627T123401Z
entry: unified-OTA-entry.sh
instruction: ops/ota/next_instruction.json
From github.com:ShanGouXueHui/oris-commercial-insight-employee
 * branch            main       -> FETCH_HEAD
   761efde..2177529  main       -> origin/main
Updating 761efde..2177529
Fast-forward
 ops/ota/next_instruction.json | 2 +-
 scripts/w70.py                | 8 ++++----
 2 files changed, 5 insertions(+), 5 deletions(-)
instruction_seq: 84
last_instruction_seq: 83
----------------------------------------------------------------------
Ran 380 tests in 0.313s

OK
Evidence: reports/testing/latest_test_result.json; reports/execution/insight_rebuild_module_82_execution_report.md
[main 7abd6d5] Add OTA execution evidence
 9 files changed, 112 insertions(+), 4 deletions(-)
 create mode 100644 reports/execution/insight_rebuild_module_82_execution_report.md
 create mode 100644 reports/ota/unified_ota_20260627T123201Z.log
 create mode 100644 reports/ota/unified_ota_20260627T123301Z.log
 create mode 100644 reports/ota/unified_ota_20260627T123401Z.log
 create mode 100644 reports/testing/insight_rebuild_module_82_test_result.json
To github.com:ShanGouXueHui/oris-commercial-insight-employee.git
   2177529..7abd6d5  main -> main
