timestamp: 20260627T221701Z
entry: unified-OTA-entry.sh
instruction: ops/ota/next_instruction.json
From github.com:ShanGouXueHui/oris-commercial-insight-employee
 * branch            main       -> FETCH_HEAD
   67b4bbd..3d795f3  main       -> origin/main
Updating 67b4bbd..3d795f3
Fast-forward
 ops/ota/next_instruction.json |  2 +-
 scripts/w70.py                | 31 +++++++++++++++++++++++++------
 2 files changed, 26 insertions(+), 7 deletions(-)
instruction_seq: 108
last_instruction_seq: 107
----------------------------------------------------------------------
Ran 380 tests in 0.311s

OK
Evidence: reports/testing/latest_test_result.json; reports/execution/insight_rebuild_module_106_execution_report.md
[main fad4ba5] Add OTA execution evidence
 20 files changed, 318 insertions(+), 4 deletions(-)
 create mode 100644 reports/execution/insight_rebuild_module_106_execution_report.md
 create mode 100644 reports/ota/unified_ota_20260627T220402Z.log
 create mode 100644 reports/ota/unified_ota_20260627T220501Z.log
 create mode 100644 reports/ota/unified_ota_20260627T220601Z.log
 create mode 100644 reports/ota/unified_ota_20260627T220701Z.log
 create mode 100644 reports/ota/unified_ota_20260627T220801Z.log
 create mode 100644 reports/ota/unified_ota_20260627T220901Z.log
 create mode 100644 reports/ota/unified_ota_20260627T221001Z.log
 create mode 100644 reports/ota/unified_ota_20260627T221101Z.log
 create mode 100644 reports/ota/unified_ota_20260627T221201Z.log
 create mode 100644 reports/ota/unified_ota_20260627T221301Z.log
 create mode 100644 reports/ota/unified_ota_20260627T221401Z.log
 create mode 100644 reports/ota/unified_ota_20260627T221501Z.log
 create mode 100644 reports/ota/unified_ota_20260627T221601Z.log
 create mode 100644 reports/ota/unified_ota_20260627T221701Z.log
 create mode 100644 reports/testing/insight_rebuild_module_106_test_result.json
To github.com:ShanGouXueHui/oris-commercial-insight-employee.git
   3d795f3..fad4ba5  main -> main
