timestamp: 20260628T153801Z
entry: unified-OTA-entry.sh
instruction: ops/ota/next_instruction.json
From github.com:ShanGouXueHui/oris-commercial-insight-employee
 * branch            main       -> FETCH_HEAD
   785d0cf..5e348e8  main       -> origin/main
Updating 785d0cf..5e348e8
Fast-forward
 ops/ota/next_instruction.json | 2 +-
 scripts/w70.py                | 8 ++++----
 2 files changed, 5 insertions(+), 5 deletions(-)
instruction_seq: 145
last_instruction_seq: 144
----------------------------------------------------------------------
Ran 380 tests in 0.335s

OK
Evidence: reports/testing/latest_test_result.json; reports/execution/insight_rebuild_module_143_execution_report.md
[main 8861e4f] Add OTA execution evidence
 10 files changed, 128 insertions(+), 4 deletions(-)
 create mode 100644 reports/execution/insight_rebuild_module_143_execution_report.md
 create mode 100644 reports/ota/unified_ota_20260628T153502Z.log
 create mode 100644 reports/ota/unified_ota_20260628T153601Z.log
 create mode 100644 reports/ota/unified_ota_20260628T153701Z.log
 create mode 100644 reports/ota/unified_ota_20260628T153801Z.log
 create mode 100644 reports/testing/insight_rebuild_module_143_test_result.json
To github.com:ShanGouXueHui/oris-commercial-insight-employee.git
   5e348e8..8861e4f  main -> main
