timestamp: 20260628T103901Z
entry: unified-OTA-entry.sh
instruction: ops/ota/next_instruction.json
From github.com:ShanGouXueHui/oris-commercial-insight-employee
 * branch            main       -> FETCH_HEAD
   c1d342c..ad0de35  main       -> origin/main
Updating c1d342c..ad0de35
Fast-forward
 ops/ota/next_instruction.json | 2 +-
 scripts/w70.py                | 8 ++++----
 2 files changed, 5 insertions(+), 5 deletions(-)
instruction_seq: 112
last_instruction_seq: 111
----------------------------------------------------------------------
Ran 380 tests in 0.440s

OK
Evidence: reports/testing/latest_test_result.json; reports/execution/insight_rebuild_module_110_execution_report.md
[main 22b931f] Add OTA execution evidence
 7 files changed, 96 insertions(+), 4 deletions(-)
 create mode 100644 reports/execution/insight_rebuild_module_110_execution_report.md
 create mode 100644 reports/ota/unified_ota_20260628T103901Z.log
 create mode 100644 reports/testing/insight_rebuild_module_110_test_result.json
To github.com:ShanGouXueHui/oris-commercial-insight-employee.git
   ad0de35..22b931f  main -> main
