timestamp: 20260628T150801Z
entry: unified-OTA-entry.sh
instruction: ops/ota/next_instruction.json
From github.com:ShanGouXueHui/oris-commercial-insight-employee
 * branch            main       -> FETCH_HEAD
   f0c7623..f943656  main       -> origin/main
Updating f0c7623..f943656
Fast-forward
 ops/ota/next_instruction.json | 2 +-
 scripts/w70.py                | 8 ++++----
 2 files changed, 5 insertions(+), 5 deletions(-)
instruction_seq: 135
last_instruction_seq: 134
----------------------------------------------------------------------
Ran 380 tests in 0.339s

OK
Evidence: reports/testing/latest_test_result.json; reports/execution/insight_rebuild_module_133_execution_report.md
[main e77d6f2] Add OTA execution evidence
 17 files changed, 408 insertions(+), 4 deletions(-)
 create mode 100644 reports/execution/insight_rebuild_module_133_execution_report.md
 create mode 100644 reports/ota/unified_ota_20260628T145801Z.log
 create mode 100644 reports/ota/unified_ota_20260628T145901Z.log
 create mode 100644 reports/ota/unified_ota_20260628T150001Z.log
 create mode 100644 reports/ota/unified_ota_20260628T150101Z.log
 create mode 100644 reports/ota/unified_ota_20260628T150201Z.log
 create mode 100644 reports/ota/unified_ota_20260628T150301Z.log
 create mode 100644 reports/ota/unified_ota_20260628T150401Z.log
 create mode 100644 reports/ota/unified_ota_20260628T150501Z.log
 create mode 100644 reports/ota/unified_ota_20260628T150601Z.log
 create mode 100644 reports/ota/unified_ota_20260628T150701Z.log
 create mode 100644 reports/ota/unified_ota_20260628T150801Z.log
 create mode 100644 reports/testing/insight_rebuild_module_133_test_result.json
To github.com:ShanGouXueHui/oris-commercial-insight-employee.git
   f943656..e77d6f2  main -> main
