timestamp: 20260628T125001Z
entry: unified-OTA-entry.sh
instruction: ops/ota/next_instruction.json
From github.com:ShanGouXueHui/oris-commercial-insight-employee
 * branch            main       -> FETCH_HEAD
   1608034..23e7d83  main       -> origin/main
Updating 1608034..23e7d83
Fast-forward
 ops/ota/next_instruction.json | 2 +-
 scripts/w70.py                | 8 ++++----
 2 files changed, 5 insertions(+), 5 deletions(-)
instruction_seq: 127
last_instruction_seq: 126
----------------------------------------------------------------------
Ran 380 tests in 0.314s

OK
Evidence: reports/testing/latest_test_result.json; reports/execution/insight_rebuild_module_125_execution_report.md
[main d26d4fc] Add OTA execution evidence
 8 files changed, 102 insertions(+), 4 deletions(-)
 create mode 100644 reports/execution/insight_rebuild_module_125_execution_report.md
 create mode 100644 reports/ota/unified_ota_20260628T124901Z.log
 create mode 100644 reports/ota/unified_ota_20260628T125001Z.log
 create mode 100644 reports/testing/insight_rebuild_module_125_test_result.json
To github.com:ShanGouXueHui/oris-commercial-insight-employee.git
   23e7d83..d26d4fc  main -> main
