timestamp: 20260627T121701Z
entry: unified-OTA-entry.sh
instruction: ops/ota/next_instruction.json
From github.com:ShanGouXueHui/oris-commercial-insight-employee
 * branch            main       -> FETCH_HEAD
   d0ebee6..c58907e  main       -> origin/main
Updating d0ebee6..c58907e
Fast-forward
 ops/ota/next_instruction.json | 2 +-
 scripts/w70.py                | 8 ++++----
 2 files changed, 5 insertions(+), 5 deletions(-)
instruction_seq: 79
last_instruction_seq: 78
----------------------------------------------------------------------
Ran 380 tests in 0.308s

OK
Evidence: reports/testing/latest_test_result.json; reports/execution/insight_rebuild_module_77_execution_report.md
[main 0f4db0b] Add OTA execution evidence
 7 files changed, 70 insertions(+), 4 deletions(-)
 create mode 100644 reports/execution/insight_rebuild_module_77_execution_report.md
 create mode 100644 reports/ota/unified_ota_20260627T121701Z.log
 create mode 100644 reports/testing/insight_rebuild_module_77_test_result.json
To github.com:ShanGouXueHui/oris-commercial-insight-employee.git
   c58907e..0f4db0b  main -> main
