timestamp: 20260627T121501Z
entry: unified-OTA-entry.sh
instruction: ops/ota/next_instruction.json
From github.com:ShanGouXueHui/oris-commercial-insight-employee
 * branch            main       -> FETCH_HEAD
   f0accf0..331f2a1  main       -> origin/main
Updating f0accf0..331f2a1
Fast-forward
 ops/ota/next_instruction.json | 2 +-
 scripts/w70.py                | 8 ++++----
 2 files changed, 5 insertions(+), 5 deletions(-)
instruction_seq: 77
last_instruction_seq: 76
----------------------------------------------------------------------
Ran 380 tests in 0.309s

OK
Evidence: reports/testing/latest_test_result.json; reports/execution/insight_rebuild_module_75_execution_report.md
[main b679d96] Add OTA execution evidence
 10 files changed, 133 insertions(+), 4 deletions(-)
 create mode 100644 reports/execution/insight_rebuild_module_75_execution_report.md
 create mode 100644 reports/ota/unified_ota_20260627T121201Z.log
 create mode 100644 reports/ota/unified_ota_20260627T121301Z.log
 create mode 100644 reports/ota/unified_ota_20260627T121401Z.log
 create mode 100644 reports/ota/unified_ota_20260627T121501Z.log
 create mode 100644 reports/testing/insight_rebuild_module_75_test_result.json
To github.com:ShanGouXueHui/oris-commercial-insight-employee.git
   331f2a1..b679d96  main -> main
