timestamp: 20260628T155201Z
entry: unified-OTA-entry.sh
instruction: ops/ota/next_instruction.json
From github.com:ShanGouXueHui/oris-commercial-insight-employee
 * branch            main       -> FETCH_HEAD
   f936e81..216d20f  main       -> origin/main
Updating f936e81..216d20f
Fast-forward
 ops/ota/next_instruction.json | 2 +-
 scripts/w70.py                | 8 ++++----
 2 files changed, 5 insertions(+), 5 deletions(-)
instruction_seq: 151
last_instruction_seq: 150
----------------------------------------------------------------------
Ran 380 tests in 0.332s

OK
Evidence: reports/testing/latest_test_result.json; reports/execution/insight_rebuild_module_149_execution_report.md
[main 0d86c20] Add OTA execution evidence
 7 files changed, 74 insertions(+), 4 deletions(-)
 create mode 100644 reports/execution/insight_rebuild_module_149_execution_report.md
 create mode 100644 reports/ota/unified_ota_20260628T155201Z.log
 create mode 100644 reports/testing/insight_rebuild_module_149_test_result.json
To github.com:ShanGouXueHui/oris-commercial-insight-employee.git
   216d20f..0d86c20  main -> main
