timestamp: 20260628T154501Z
entry: unified-OTA-entry.sh
instruction: ops/ota/next_instruction.json
From github.com:ShanGouXueHui/oris-commercial-insight-employee
 * branch            main       -> FETCH_HEAD
Already up to date.
instruction_seq: 148
last_instruction_seq: 147
----------------------------------------------------------------------
Ran 380 tests in 0.321s

OK
Evidence: reports/testing/latest_test_result.json; reports/execution/insight_rebuild_module_146_execution_report.md
[main 97cebc6] Add OTA execution evidence
 8 files changed, 82 insertions(+), 4 deletions(-)
 create mode 100644 reports/execution/insight_rebuild_module_146_execution_report.md
 create mode 100644 reports/ota/unified_ota_20260628T154401Z.log
 create mode 100644 reports/ota/unified_ota_20260628T154501Z.log
 create mode 100644 reports/testing/insight_rebuild_module_146_test_result.json
To github.com:ShanGouXueHui/oris-commercial-insight-employee.git
   82c1fed..97cebc6  main -> main
