timestamp: 20260628T174401Z
entry: unified-OTA-entry.sh
instruction: ops/ota/next_instruction.json
From github.com:ShanGouXueHui/oris-commercial-insight-employee
 * branch            main       -> FETCH_HEAD
   359c20e..36ce5c0  main       -> origin/main
Updating 359c20e..36ce5c0
Fast-forward
 ops/ota/next_instruction.json | 2 +-
 scripts/w70.py                | 8 ++++----
 2 files changed, 5 insertions(+), 5 deletions(-)
instruction_seq: 159
last_instruction_seq: 158
----------------------------------------------------------------------
Ran 380 tests in 0.312s

OK
Evidence: reports/testing/latest_test_result.json; reports/execution/insight_rebuild_module_157_execution_report.md
[main 0f69b85] Add OTA execution evidence
 8 files changed, 274 insertions(+), 4 deletions(-)
 create mode 100644 reports/execution/insight_rebuild_module_157_execution_report.md
 create mode 100644 reports/ota/unified_ota_20260628T174301Z.log
 create mode 100644 reports/ota/unified_ota_20260628T174401Z.log
 create mode 100644 reports/testing/insight_rebuild_module_157_test_result.json
To github.com:ShanGouXueHui/oris-commercial-insight-employee.git
   36ce5c0..0f69b85  main -> main
