timestamp: 20260628T124801Z
entry: unified-OTA-entry.sh
instruction: ops/ota/next_instruction.json
From github.com:ShanGouXueHui/oris-commercial-insight-employee
 * branch            main       -> FETCH_HEAD
Already up to date.
instruction_seq: 126
last_instruction_seq: 125
----------------------------------------------------------------------
Ran 380 tests in 0.325s

OK
Evidence: reports/testing/latest_test_result.json; reports/execution/insight_rebuild_module_124_execution_report.md
[main 1608034] Add OTA execution evidence
 14 files changed, 194 insertions(+), 4 deletions(-)
 create mode 100644 reports/execution/insight_rebuild_module_124_execution_report.md
 create mode 100644 reports/ota/unified_ota_20260628T124101Z.log
 create mode 100644 reports/ota/unified_ota_20260628T124201Z.log
 create mode 100644 reports/ota/unified_ota_20260628T124301Z.log
 create mode 100644 reports/ota/unified_ota_20260628T124401Z.log
 create mode 100644 reports/ota/unified_ota_20260628T124501Z.log
 create mode 100644 reports/ota/unified_ota_20260628T124601Z.log
 create mode 100644 reports/ota/unified_ota_20260628T124701Z.log
 create mode 100644 reports/ota/unified_ota_20260628T124801Z.log
 create mode 100644 reports/testing/insight_rebuild_module_124_test_result.json
To github.com:ShanGouXueHui/oris-commercial-insight-employee.git
   b3f4fc3..1608034  main -> main
