timestamp: 20260627T124401Z
entry: unified-OTA-entry.sh
instruction: ops/ota/next_instruction.json
From github.com:ShanGouXueHui/oris-commercial-insight-employee
 * branch            main       -> FETCH_HEAD
   3a67de5..ec3e42a  main       -> origin/main
Updating 3a67de5..ec3e42a
Fast-forward
 ops/ota/next_instruction.json | 2 +-
 scripts/w70.py                | 8 ++++----
 2 files changed, 5 insertions(+), 5 deletions(-)
instruction_seq: 88
last_instruction_seq: 87
----------------------------------------------------------------------
Ran 380 tests in 0.327s

OK
Evidence: reports/testing/latest_test_result.json; reports/execution/insight_rebuild_module_86_execution_report.md
[main 37bea45] Add OTA execution evidence
 9 files changed, 106 insertions(+), 4 deletions(-)
 create mode 100644 reports/execution/insight_rebuild_module_86_execution_report.md
 create mode 100644 reports/ota/unified_ota_20260627T124201Z.log
 create mode 100644 reports/ota/unified_ota_20260627T124301Z.log
 create mode 100644 reports/ota/unified_ota_20260627T124401Z.log
 create mode 100644 reports/testing/insight_rebuild_module_86_test_result.json
To github.com:ShanGouXueHui/oris-commercial-insight-employee.git
   ec3e42a..37bea45  main -> main
