timestamp: 20260627T125901Z
entry: unified-OTA-entry.sh
instruction: ops/ota/next_instruction.json
From github.com:ShanGouXueHui/oris-commercial-insight-employee
 * branch            main       -> FETCH_HEAD
   d026c4e..8b74c4f  main       -> origin/main
Updating d026c4e..8b74c4f
Fast-forward
 ops/ota/next_instruction.json | 2 +-
 scripts/w70.py                | 8 ++++----
 2 files changed, 5 insertions(+), 5 deletions(-)
instruction_seq: 92
last_instruction_seq: 91
----------------------------------------------------------------------
Ran 380 tests in 0.319s

OK
Evidence: reports/testing/latest_test_result.json; reports/execution/insight_rebuild_module_90_execution_report.md
[main 4ef7dd7] Add OTA execution evidence
 7 files changed, 70 insertions(+), 4 deletions(-)
 create mode 100644 reports/execution/insight_rebuild_module_90_execution_report.md
 create mode 100644 reports/ota/unified_ota_20260627T125901Z.log
 create mode 100644 reports/testing/insight_rebuild_module_90_test_result.json
To github.com:ShanGouXueHui/oris-commercial-insight-employee.git
   8b74c4f..4ef7dd7  main -> main
