timestamp: 20260628T154801Z
entry: unified-OTA-entry.sh
instruction: ops/ota/next_instruction.json
From github.com:ShanGouXueHui/oris-commercial-insight-employee
 * branch            main       -> FETCH_HEAD
   dccbd45..32ac2a3  main       -> origin/main
Updating dccbd45..32ac2a3
Fast-forward
 ops/ota/next_instruction.json | 2 +-
 1 file changed, 1 insertion(+), 1 deletion(-)
instruction_seq: 149
last_instruction_seq: 148
----------------------------------------------------------------------
Ran 380 tests in 0.315s

OK
Evidence: reports/testing/latest_test_result.json; reports/execution/insight_rebuild_module_147_execution_report.md
[main e28aaf6] Add OTA execution evidence
 9 files changed, 114 insertions(+), 4 deletions(-)
 create mode 100644 reports/execution/insight_rebuild_module_147_execution_report.md
 create mode 100644 reports/ota/unified_ota_20260628T154601Z.log
 create mode 100644 reports/ota/unified_ota_20260628T154701Z.log
 create mode 100644 reports/ota/unified_ota_20260628T154801Z.log
 create mode 100644 reports/testing/insight_rebuild_module_147_test_result.json
To github.com:ShanGouXueHui/oris-commercial-insight-employee.git
   32ac2a3..e28aaf6  main -> main
