timestamp: 20260627T215201Z
entry: unified-OTA-entry.sh
instruction: ops/ota/next_instruction.json
From github.com:ShanGouXueHui/oris-commercial-insight-employee
 * branch            main       -> FETCH_HEAD
   cf5d130..b0e7ca2  main       -> origin/main
Updating cf5d130..b0e7ca2
Fast-forward
 ops/ota/next_instruction.json | 2 +-
 scripts/w70.py                | 8 ++++----
 2 files changed, 5 insertions(+), 5 deletions(-)
instruction_seq: 104
last_instruction_seq: 103
----------------------------------------------------------------------
Ran 380 tests in 0.298s

OK
Evidence: reports/testing/latest_test_result.json; reports/execution/insight_rebuild_module_102_execution_report.md
[main f65542c] Add OTA execution evidence
 8 files changed, 88 insertions(+), 4 deletions(-)
 create mode 100644 reports/execution/insight_rebuild_module_102_execution_report.md
 create mode 100644 reports/ota/unified_ota_20260627T215101Z.log
 create mode 100644 reports/ota/unified_ota_20260627T215201Z.log
 create mode 100644 reports/testing/insight_rebuild_module_102_test_result.json
To github.com:ShanGouXueHui/oris-commercial-insight-employee.git
   b0e7ca2..f65542c  main -> main
