timestamp: 20260627T214801Z
entry: unified-OTA-entry.sh
instruction: ops/ota/next_instruction.json
From github.com:ShanGouXueHui/oris-commercial-insight-employee
 * branch            main       -> FETCH_HEAD
   c8d6337..369d07b  main       -> origin/main
Updating c8d6337..369d07b
Fast-forward
 ops/ota/next_instruction.json | 2 +-
 scripts/w70.py                | 8 ++++----
 2 files changed, 5 insertions(+), 5 deletions(-)
instruction_seq: 101
last_instruction_seq: 100
----------------------------------------------------------------------
Ran 380 tests in 0.292s

OK
Evidence: reports/testing/latest_test_result.json; reports/execution/insight_rebuild_module_99_execution_report.md
[main 7d31aa4] Add OTA execution evidence
 8 files changed, 190 insertions(+), 4 deletions(-)
 create mode 100644 reports/execution/insight_rebuild_module_99_execution_report.md
 create mode 100644 reports/ota/unified_ota_20260627T214701Z.log
 create mode 100644 reports/ota/unified_ota_20260627T214801Z.log
 create mode 100644 reports/testing/insight_rebuild_module_99_test_result.json
To github.com:ShanGouXueHui/oris-commercial-insight-employee.git
   369d07b..7d31aa4  main -> main
