timestamp: 20260627T123102Z
entry: unified-OTA-entry.sh
instruction: ops/ota/next_instruction.json
From github.com:ShanGouXueHui/oris-commercial-insight-employee
 * branch            main       -> FETCH_HEAD
   ff23ef5..d94f4b4  main       -> origin/main
Updating ff23ef5..d94f4b4
Fast-forward
 ops/ota/next_instruction.json | 2 +-
 scripts/w70.py                | 8 ++++----
 2 files changed, 5 insertions(+), 5 deletions(-)
instruction_seq: 83
last_instruction_seq: 82
----------------------------------------------------------------------
Ran 380 tests in 0.316s

OK
Evidence: reports/testing/latest_test_result.json; reports/execution/insight_rebuild_module_81_execution_report.md
[main 761efde] Add OTA execution evidence
 10 files changed, 124 insertions(+), 4 deletions(-)
 create mode 100644 reports/execution/insight_rebuild_module_81_execution_report.md
 create mode 100644 reports/ota/unified_ota_20260627T122801Z.log
 create mode 100644 reports/ota/unified_ota_20260627T122901Z.log
 create mode 100644 reports/ota/unified_ota_20260627T123001Z.log
 create mode 100644 reports/ota/unified_ota_20260627T123102Z.log
 create mode 100644 reports/testing/insight_rebuild_module_81_test_result.json
To github.com:ShanGouXueHui/oris-commercial-insight-employee.git
   d94f4b4..761efde  main -> main
