timestamp: 20260628T094001Z
entry: unified-OTA-entry.sh
instruction: ops/ota/next_instruction.json
From github.com:ShanGouXueHui/oris-commercial-insight-employee
 * branch            main       -> FETCH_HEAD
Already up to date.
instruction_seq: 109
last_instruction_seq: 108
----------------------------------------------------------------------
Ran 380 tests in 0.315s

OK
Evidence: reports/testing/latest_test_result.json; reports/execution/insight_rebuild_module_107_execution_report.md
[main e4e820d] Add OTA execution evidence
 689 files changed, 12362 insertions(+), 4 deletions(-)
 create mode 100644 reports/execution/insight_rebuild_module_107_execution_report.md
 create mode 100644 reports/ota/unified_ota_20260627T221801Z.log
 create mode 100644 reports/ota/unified_ota_20260627T221901Z.log
 create mode 100644 reports/ota/unified_ota_20260627T222001Z.log
 create mode 100644 reports/ota/unified_ota_20260627T222101Z.log
 create mode 100644 reports/ota/unified_ota_20260627T222201Z.log
 create mode 100644 reports/ota/unified_ota_20260627T222301Z.log
 create mode 100644 reports/ota/unified_ota_20260627T222401Z.log
 create mode 100644 reports/ota/unified_ota_20260627T222501Z.log
 create mode 100644 reports/ota/unified_ota_20260627T222601Z.log
 create mode 100644 reports/ota/unified_ota_20260627T222701Z.log
 create mode 100644 reports/ota/unified_ota_20260627T222801Z.log
 create mode 100644 reports/ota/unified_ota_20260627T222901Z.log
 create mode 100644 reports/ota/unified_ota_20260627T223001Z.log
 create mode 100644 reports/ota/unified_ota_20260627T223101Z.log
 create mode 100644 reports/ota/unified_ota_20260627T223201Z.log
 create mode 100644 reports/ota/unified_ota_20260627T223301Z.log
 create mode 100644 reports/ota/unified_ota_20260627T223401Z.log
 create mode 100644 reports/ota/unified_ota_20260627T223501Z.log
 create mode 100644 reports/ota/unified_ota_20260627T223601Z.log
 create mode 100644 reports/ota/unified_ota_20260627T223701Z.log
 create mode 100644 reports/ota/unified_ota_20260627T223801Z.log
 create mode 100644 reports/ota/unified_ota_20260627T223901Z.log
 create mode 100644 reports/ota/unified_ota_20260627T224001Z.log
 create mode 100644 reports/ota/unified_ota_20260627T224101Z.log
 create mode 100644 reports/ota/unified_ota_20260627T224201Z.log
 create mode 100644 reports/ota/unified_ota_20260627T224301Z.log
 create mode 100644 reports/ota/unified_ota_20260627T224401Z.log
 create mode 100644 reports/ota/unified_ota_20260627T224501Z.log
 create mode 100644 reports/ota/unified_ota_20260627T224601Z.log
 create mode 100644 reports/ota/unified_ota_20260627T224701Z.log
 create mode 100644 reports/ota/unified_ota_20260627T224801Z.log
 create mode 100644 reports/ota/unified_ota_20260627T224901Z.log
 create mode 100644 reports/ota/unified_ota_20260627T225001Z.log
 create mode 100644 reports/ota/unified_ota_20260627T225101Z.log
 create mode 100644 reports/ota/unified_ota_20260627T225201Z.log
 create mode 100644 reports/ota/unified_ota_20260627T225301Z.log
 create mode 100644 reports/ota/unified_ota_20260627T225401Z.log
 create mode 100644 reports/ota/unified_ota_20260627T225501Z.log
 create mode 100644 reports/ota/unified_ota_20260627T225601Z.log
 create mode 100644 reports/ota/unified_ota_20260627T225701Z.log
 create mode 100644 reports/ota/unified_ota_20260627T225801Z.log
 create mode 100644 reports/ota/unified_ota_20260627T225901Z.log
 create mode 100644 reports/ota/unified_ota_20260627T230001Z.log
 create mode 100644 reports/ota/unified_ota_20260627T230101Z.log
 create mode 100644 reports/ota/unified_ota_20260627T230201Z.log
 create mode 100644 reports/ota/unified_ota_20260627T230301Z.log
 create mode 100644 reports/ota/unified_ota_20260627T230401Z.log
 create mode 100644 reports/ota/unified_ota_20260627T230501Z.log
 create mode 100644 reports/ota/unified_ota_20260627T230601Z.log
 create mode 100644 reports/ota/unified_ota_20260627T230701Z.log
 create mode 100644 reports/ota/unified_ota_20260627T230801Z.log
 create mode 100644 reports/ota/unified_ota_20260627T230901Z.log
 create mode 100644 reports/ota/unified_ota_20260627T231001Z.log
 create mode 100644 reports/ota/unified_ota_20260627T231101Z.log
 create mode 100644 reports/ota/unified_ota_20260627T231201Z.log
 create mode 100644 reports/ota/unified_ota_20260627T231301Z.log
 create mode 100644 reports/ota/unified_ota_20260627T231401Z.log
 create mode 100644 reports/ota/unified_ota_20260627T231501Z.log
 create mode 100644 reports/ota/unified_ota_20260627T231601Z.log
 create mode 100644 reports/ota/unified_ota_20260627T231701Z.log
 create mode 100644 reports/ota/unified_ota_20260627T231801Z.log
 create mode 100644 reports/ota/unified_ota_20260627T231901Z.log
 create mode 100644 reports/ota/unified_ota_20260627T232001Z.log
 create mode 100644 reports/ota/unified_ota_20260627T232101Z.log
 create mode 100644 reports/ota/unified_ota_20260627T232201Z.log
 create mode 100644 reports/ota/unified_ota_20260627T232301Z.log
 create mode 100644 reports/ota/unified_ota_20260627T232401Z.log
 create mode 100644 reports/ota/unified_ota_20260627T232501Z.log
 create mode 100644 reports/ota/unified_ota_20260627T232601Z.log
 create mode 100644 reports/ota/unified_ota_20260627T232701Z.log
 create mode 100644 reports/ota/unified_ota_20260627T232801Z.log
 create mode 100644 reports/ota/unified_ota_20260627T232901Z.log
 create mode 100644 reports/ota/unified_ota_20260627T233001Z.log
 create mode 100644 reports/ota/unified_ota_20260627T233101Z.log
 create mode 100644 reports/ota/unified_ota_20260627T233201Z.log
 create mode 100644 reports/ota/unified_ota_20260627T233301Z.log
 create mode 100644 reports/ota/unified_ota_20260627T233401Z.log
 create mode 100644 reports/ota/unified_ota_20260627T233501Z.log
 create mode 100644 reports/ota/unified_ota_20260627T233601Z.log
 create mode 100644 reports/ota/unified_ota_20260627T233701Z.log
 create mode 100644 reports/ota/unified_ota_20260627T233801Z.log
 create mode 100644 reports/ota/unified_ota_20260627T233901Z.log
 create mode 100644 reports/ota/unified_ota_20260627T234001Z.log
 create mode 100644 reports/ota/unified_ota_20260627T234101Z.log
 create mode 100644 reports/ota/unified_ota_20260627T234201Z.log
 create mode 100644 reports/ota/unified_ota_20260627T234301Z.log
 create mode 100644 reports/ota/unified_ota_20260627T234401Z.log
 create mode 100644 reports/ota/unified_ota_20260627T234502Z.log
 create mode 100644 reports/ota/unified_ota_20260627T234601Z.log
 create mode 100644 reports/ota/unified_ota_20260627T234701Z.log
 create mode 100644 reports/ota/unified_ota_20260627T234801Z.log
 create mode 100644 reports/ota/unified_ota_20260627T234901Z.log
 create mode 100644 reports/ota/unified_ota_20260627T235001Z.log
 create mode 100644 reports/ota/unified_ota_20260627T235101Z.log
 create mode 100644 reports/ota/unified_ota_20260627T235201Z.log
 create mode 100644 reports/ota/unified_ota_20260627T235301Z.log
 create mode 100644 reports/ota/unified_ota_20260627T235401Z.log
 create mode 100644 reports/ota/unified_ota_20260627T235501Z.log
 create mode 100644 reports/ota/unified_ota_20260627T235601Z.log
 create mode 100644 reports/ota/unified_ota_20260627T235701Z.log
 create mode 100644 reports/ota/unified_ota_20260627T235801Z.log
 create mode 100644 reports/ota/unified_ota_20260627T235901Z.log
 create mode 100644 reports/ota/unified_ota_20260628T000001Z.log
 create mode 100644 reports/ota/unified_ota_20260628T000101Z.log
 create mode 100644 reports/ota/unified_ota_20260628T000201Z.log
 create mode 100644 reports/ota/unified_ota_20260628T000301Z.log
 create mode 100644 reports/ota/unified_ota_20260628T000401Z.log
 create mode 100644 reports/ota/unified_ota_20260628T000501Z.log
 create mode 100644 reports/ota/unified_ota_20260628T000601Z.log
 create mode 100644 reports/ota/unified_ota_20260628T000701Z.log
 create mode 100644 reports/ota/unified_ota_20260628T000801Z.log
 create mode 100644 reports/ota/unified_ota_20260628T000901Z.log
 create mode 100644 reports/ota/unified_ota_20260628T001001Z.log
 create mode 100644 reports/ota/unified_ota_20260628T001101Z.log
 create mode 100644 reports/ota/unified_ota_20260628T001201Z.log
 create mode 100644 reports/ota/unified_ota_20260628T001301Z.log
 create mode 100644 reports/ota/unified_ota_20260628T001401Z.log
 create mode 100644 reports/ota/unified_ota_20260628T001501Z.log
 create mode 100644 reports/ota/unified_ota_20260628T001601Z.log
 create mode 100644 reports/ota/unified_ota_20260628T001701Z.log
 create mode 100644 reports/ota/unified_ota_20260628T001801Z.log
 create mode 100644 reports/ota/unified_ota_20260628T001901Z.log
 create mode 100644 reports/ota/unified_ota_20260628T002001Z.log
 create mode 100644 reports/ota/unified_ota_20260628T002101Z.log
 create mode 100644 reports/ota/unified_ota_20260628T002201Z.log
 create mode 100644 reports/ota/unified_ota_20260628T002301Z.log
 create mode 100644 reports/ota/unified_ota_20260628T002401Z.log
 create mode 100644 reports/ota/unified_ota_20260628T002501Z.log
 create mode 100644 reports/ota/unified_ota_20260628T002601Z.log
 create mode 100644 reports/ota/unified_ota_20260628T002701Z.log
 create mode 100644 reports/ota/unified_ota_20260628T002801Z.log
 create mode 100644 reports/ota/unified_ota_20260628T002901Z.log
 create mode 100644 reports/ota/unified_ota_20260628T003001Z.log
 create mode 100644 reports/ota/unified_ota_20260628T003101Z.log
 create mode 100644 reports/ota/unified_ota_20260628T003201Z.log
 create mode 100644 reports/ota/unified_ota_20260628T003301Z.log
 create mode 100644 reports/ota/unified_ota_20260628T003401Z.log
 create mode 100644 reports/ota/unified_ota_20260628T003501Z.log
 create mode 100644 reports/ota/unified_ota_20260628T003601Z.log
 create mode 100644 reports/ota/unified_ota_20260628T003701Z.log
 create mode 100644 reports/ota/unified_ota_20260628T003801Z.log
 create mode 100644 reports/ota/unified_ota_20260628T003901Z.log
 create mode 100644 reports/ota/unified_ota_20260628T004001Z.log
 create mode 100644 reports/ota/unified_ota_20260628T004101Z.log
 create mode 100644 reports/ota/unified_ota_20260628T004201Z.log
 create mode 100644 reports/ota/unified_ota_20260628T004301Z.log
 create mode 100644 reports/ota/unified_ota_20260628T004401Z.log
 create mode 100644 reports/ota/unified_ota_20260628T004501Z.log
 create mode 100644 reports/ota/unified_ota_20260628T004601Z.log
 create mode 100644 reports/ota/unified_ota_20260628T004701Z.log
 create mode 100644 reports/ota/unified_ota_20260628T004801Z.log
 create mode 100644 reports/ota/unified_ota_20260628T004901Z.log
 create mode 100644 reports/ota/unified_ota_20260628T005001Z.log
 create mode 100644 reports/ota/unified_ota_20260628T005101Z.log
 create mode 100644 reports/ota/unified_ota_20260628T005201Z.log
 create mode 100644 reports/ota/unified_ota_20260628T005301Z.log
 create mode 100644 reports/ota/unified_ota_20260628T005401Z.log
 create mode 100644 reports/ota/unified_ota_20260628T005501Z.log
 create mode 100644 reports/ota/unified_ota_20260628T005601Z.log
 create mode 100644 reports/ota/unified_ota_20260628T005701Z.log
 create mode 100644 reports/ota/unified_ota_20260628T005801Z.log
 create mode 100644 reports/ota/unified_ota_20260628T005901Z.log
 create mode 100644 reports/ota/unified_ota_20260628T010001Z.log
 create mode 100644 reports/ota/unified_ota_20260628T010101Z.log
 create mode 100644 reports/ota/unified_ota_20260628T010201Z.log
 create mode 100644 reports/ota/unified_ota_20260628T010301Z.log
 create mode 100644 reports/ota/unified_ota_20260628T010401Z.log
 create mode 100644 reports/ota/unified_ota_20260628T010501Z.log
 create mode 100644 reports/ota/unified_ota_20260628T010601Z.log
 create mode 100644 reports/ota/unified_ota_20260628T010701Z.log
 create mode 100644 reports/ota/unified_ota_20260628T010801Z.log
 create mode 100644 reports/ota/unified_ota_20260628T010901Z.log
 create mode 100644 reports/ota/unified_ota_20260628T011001Z.log
 create mode 100644 reports/ota/unified_ota_20260628T011101Z.log
 create mode 100644 reports/ota/unified_ota_20260628T011201Z.log
 create mode 100644 reports/ota/unified_ota_20260628T011301Z.log
 create mode 100644 reports/ota/unified_ota_20260628T011401Z.log
 create mode 100644 reports/ota/unified_ota_20260628T011501Z.log
 create mode 100644 reports/ota/unified_ota_20260628T011601Z.log
 create mode 100644 reports/ota/unified_ota_20260628T011701Z.log
 create mode 100644 reports/ota/unified_ota_20260628T011801Z.log
 create mode 100644 reports/ota/unified_ota_20260628T011901Z.log
 create mode 100644 reports/ota/unified_ota_20260628T012001Z.log
 create mode 100644 reports/ota/unified_ota_20260628T012101Z.log
 create mode 100644 reports/ota/unified_ota_20260628T012201Z.log
 create mode 100644 reports/ota/unified_ota_20260628T012301Z.log
 create mode 100644 reports/ota/unified_ota_20260628T012401Z.log
 create mode 100644 reports/ota/unified_ota_20260628T012501Z.log
 create mode 100644 reports/ota/unified_ota_20260628T012601Z.log
 create mode 100644 reports/ota/unified_ota_20260628T012701Z.log
 create mode 100644 reports/ota/unified_ota_20260628T012801Z.log
 create mode 100644 reports/ota/unified_ota_20260628T012901Z.log
 create mode 100644 reports/ota/unified_ota_20260628T013001Z.log
 create mode 100644 reports/ota/unified_ota_20260628T013101Z.log
 create mode 100644 reports/ota/unified_ota_20260628T013201Z.log
 create mode 100644 reports/ota/unified_ota_20260628T013301Z.log
 create mode 100644 reports/ota/unified_ota_20260628T013401Z.log
 create mode 100644 reports/ota/unified_ota_20260628T013501Z.log
 create mode 100644 reports/ota/unified_ota_20260628T013601Z.log
 create mode 100644 reports/ota/unified_ota_20260628T013701Z.log
 create mode 100644 reports/ota/unified_ota_20260628T013801Z.log
 create mode 100644 reports/ota/unified_ota_20260628T013901Z.log
 create mode 100644 reports/ota/unified_ota_20260628T014001Z.log
 create mode 100644 reports/ota/unified_ota_20260628T014101Z.log
 create mode 100644 reports/ota/unified_ota_20260628T014201Z.log
 create mode 100644 reports/ota/unified_ota_20260628T014301Z.log
 create mode 100644 reports/ota/unified_ota_20260628T014401Z.log
 create mode 100644 reports/ota/unified_ota_20260628T014501Z.log
 create mode 100644 reports/ota/unified_ota_20260628T014601Z.log
 create mode 100644 reports/ota/unified_ota_20260628T014701Z.log
 create mode 100644 reports/ota/unified_ota_20260628T014801Z.log
 create mode 100644 reports/ota/unified_ota_20260628T014901Z.log
 create mode 100644 reports/ota/unified_ota_20260628T015001Z.log
 create mode 100644 reports/ota/unified_ota_20260628T015101Z.log
 create mode 100644 reports/ota/unified_ota_20260628T015201Z.log
 create mode 100644 reports/ota/unified_ota_20260628T015301Z.log
 create mode 100644 reports/ota/unified_ota_20260628T015401Z.log
 create mode 100644 reports/ota/unified_ota_20260628T015501Z.log
 create mode 100644 reports/ota/unified_ota_20260628T015601Z.log
 create mode 100644 reports/ota/unified_ota_20260628T015701Z.log
 create mode 100644 reports/ota/unified_ota_20260628T015801Z.log
 create mode 100644 reports/ota/unified_ota_20260628T015901Z.log
 create mode 100644 reports/ota/unified_ota_20260628T020001Z.log
 create mode 100644 reports/ota/unified_ota_20260628T020101Z.log
 create mode 100644 reports/ota/unified_ota_20260628T020201Z.log
 create mode 100644 reports/ota/unified_ota_20260628T020301Z.log
 create mode 100644 reports/ota/unified_ota_20260628T020401Z.log
 create mode 100644 reports/ota/unified_ota_20260628T020501Z.log
 create mode 100644 reports/ota/unified_ota_20260628T020601Z.log
 create mode 100644 reports/ota/unified_ota_20260628T020701Z.log
 create mode 100644 reports/ota/unified_ota_20260628T020801Z.log
 create mode 100644 reports/ota/unified_ota_20260628T020901Z.log
 create mode 100644 reports/ota/unified_ota_20260628T021001Z.log
 create mode 100644 reports/ota/unified_ota_20260628T021101Z.log
 create mode 100644 reports/ota/unified_ota_20260628T021201Z.log
 create mode 100644 reports/ota/unified_ota_20260628T021301Z.log
 create mode 100644 reports/ota/unified_ota_20260628T021401Z.log
 create mode 100644 reports/ota/unified_ota_20260628T021501Z.log
 create mode 100644 reports/ota/unified_ota_20260628T021601Z.log
 create mode 100644 reports/ota/unified_ota_20260628T021701Z.log
 create mode 100644 reports/ota/unified_ota_20260628T021801Z.log
 create mode 100644 reports/ota/unified_ota_20260628T021901Z.log
 create mode 100644 reports/ota/unified_ota_20260628T022001Z.log
 create mode 100644 reports/ota/unified_ota_20260628T022101Z.log
 create mode 100644 reports/ota/unified_ota_20260628T022201Z.log
 create mode 100644 reports/ota/unified_ota_20260628T022301Z.log
 create mode 100644 reports/ota/unified_ota_20260628T022401Z.log
 create mode 100644 reports/ota/unified_ota_20260628T022501Z.log
 create mode 100644 reports/ota/unified_ota_20260628T022601Z.log
 create mode 100644 reports/ota/unified_ota_20260628T022701Z.log
 create mode 100644 reports/ota/unified_ota_20260628T022801Z.log
 create mode 100644 reports/ota/unified_ota_20260628T022901Z.log
 create mode 100644 reports/ota/unified_ota_20260628T023001Z.log
 create mode 100644 reports/ota/unified_ota_20260628T023101Z.log
 create mode 100644 reports/ota/unified_ota_20260628T023201Z.log
 create mode 100644 reports/ota/unified_ota_20260628T023301Z.log
 create mode 100644 reports/ota/unified_ota_20260628T023401Z.log
 create mode 100644 reports/ota/unified_ota_20260628T023501Z.log
 create mode 100644 reports/ota/unified_ota_20260628T023601Z.log
 create mode 100644 reports/ota/unified_ota_20260628T023701Z.log
 create mode 100644 reports/ota/unified_ota_20260628T023801Z.log
 create mode 100644 reports/ota/unified_ota_20260628T023901Z.log
 create mode 100644 reports/ota/unified_ota_20260628T024001Z.log
 create mode 100644 reports/ota/unified_ota_20260628T024101Z.log
 create mode 100644 reports/ota/unified_ota_20260628T024201Z.log
 create mode 100644 reports/ota/unified_ota_20260628T024301Z.log
 create mode 100644 reports/ota/unified_ota_20260628T024401Z.log
 create mode 100644 reports/ota/unified_ota_20260628T024501Z.log
 create mode 100644 reports/ota/unified_ota_20260628T024601Z.log
 create mode 100644 reports/ota/unified_ota_20260628T024701Z.log
 create mode 100644 reports/ota/unified_ota_20260628T024802Z.log
 create mode 100644 reports/ota/unified_ota_20260628T024901Z.log
 create mode 100644 reports/ota/unified_ota_20260628T025001Z.log
 create mode 100644 reports/ota/unified_ota_20260628T025101Z.log
 create mode 100644 reports/ota/unified_ota_20260628T025201Z.log
 create mode 100644 reports/ota/unified_ota_20260628T025301Z.log
 create mode 100644 reports/ota/unified_ota_20260628T025401Z.log
 create mode 100644 reports/ota/unified_ota_20260628T025501Z.log
 create mode 100644 reports/ota/unified_ota_20260628T025601Z.log
 create mode 100644 reports/ota/unified_ota_20260628T025701Z.log
 create mode 100644 reports/ota/unified_ota_20260628T025801Z.log
 create mode 100644 reports/ota/unified_ota_20260628T025901Z.log
 create mode 100644 reports/ota/unified_ota_20260628T030001Z.log
 create mode 100644 reports/ota/unified_ota_20260628T030101Z.log
 create mode 100644 reports/ota/unified_ota_20260628T030201Z.log
 create mode 100644 reports/ota/unified_ota_20260628T030301Z.log
 create mode 100644 reports/ota/unified_ota_20260628T030401Z.log
 create mode 100644 reports/ota/unified_ota_20260628T030501Z.log
 create mode 100644 reports/ota/unified_ota_20260628T030601Z.log
 create mode 100644 reports/ota/unified_ota_20260628T030701Z.log
 create mode 100644 reports/ota/unified_ota_20260628T030801Z.log
 create mode 100644 reports/ota/unified_ota_20260628T030901Z.log
 create mode 100644 reports/ota/unified_ota_20260628T031001Z.log
 create mode 100644 reports/ota/unified_ota_20260628T031101Z.log
 create mode 100644 reports/ota/unified_ota_20260628T031201Z.log
 create mode 100644 reports/ota/unified_ota_20260628T031301Z.log
 create mode 100644 reports/ota/unified_ota_20260628T031401Z.log
 create mode 100644 reports/ota/unified_ota_20260628T031501Z.log
 create mode 100644 reports/ota/unified_ota_20260628T031601Z.log
 create mode 100644 reports/ota/unified_ota_20260628T031701Z.log
 create mode 100644 reports/ota/unified_ota_20260628T031801Z.log
 create mode 100644 reports/ota/unified_ota_20260628T031901Z.log
 create mode 100644 reports/ota/unified_ota_20260628T032001Z.log
 create mode 100644 reports/ota/unified_ota_20260628T032101Z.log
 create mode 100644 reports/ota/unified_ota_20260628T032201Z.log
 create mode 100644 reports/ota/unified_ota_20260628T032301Z.log
 create mode 100644 reports/ota/unified_ota_20260628T032401Z.log
 create mode 100644 reports/ota/unified_ota_20260628T032501Z.log
 create mode 100644 reports/ota/unified_ota_20260628T032601Z.log
 create mode 100644 reports/ota/unified_ota_20260628T032701Z.log
 create mode 100644 reports/ota/unified_ota_20260628T032801Z.log
 create mode 100644 reports/ota/unified_ota_20260628T032901Z.log
 create mode 100644 reports/ota/unified_ota_20260628T033001Z.log
 create mode 100644 reports/ota/unified_ota_20260628T033101Z.log
 create mode 100644 reports/ota/unified_ota_20260628T033201Z.log
 create mode 100644 reports/ota/unified_ota_20260628T033301Z.log
 create mode 100644 reports/ota/unified_ota_20260628T033402Z.log
 create mode 100644 reports/ota/unified_ota_20260628T033501Z.log
 create mode 100644 reports/ota/unified_ota_20260628T033601Z.log
 create mode 100644 reports/ota/unified_ota_20260628T033701Z.log
 create mode 100644 reports/ota/unified_ota_20260628T033801Z.log
 create mode 100644 reports/ota/unified_ota_20260628T033901Z.log
 create mode 100644 reports/ota/unified_ota_20260628T034001Z.log
 create mode 100644 reports/ota/unified_ota_20260628T034101Z.log
 create mode 100644 reports/ota/unified_ota_20260628T034201Z.log
 create mode 100644 reports/ota/unified_ota_20260628T034301Z.log
 create mode 100644 reports/ota/unified_ota_20260628T034401Z.log
 create mode 100644 reports/ota/unified_ota_20260628T034501Z.log
 create mode 100644 reports/ota/unified_ota_20260628T034601Z.log
 create mode 100644 reports/ota/unified_ota_20260628T034701Z.log
 create mode 100644 reports/ota/unified_ota_20260628T034801Z.log
 create mode 100644 reports/ota/unified_ota_20260628T034901Z.log
 create mode 100644 reports/ota/unified_ota_20260628T035001Z.log
 create mode 100644 reports/ota/unified_ota_20260628T035101Z.log
 create mode 100644 reports/ota/unified_ota_20260628T035201Z.log
 create mode 100644 reports/ota/unified_ota_20260628T035301Z.log
 create mode 100644 reports/ota/unified_ota_20260628T035401Z.log
 create mode 100644 reports/ota/unified_ota_20260628T035501Z.log
 create mode 100644 reports/ota/unified_ota_20260628T035601Z.log
 create mode 100644 reports/ota/unified_ota_20260628T035701Z.log
 create mode 100644 reports/ota/unified_ota_20260628T035801Z.log
 create mode 100644 reports/ota/unified_ota_20260628T035901Z.log
 create mode 100644 reports/ota/unified_ota_20260628T040001Z.log
 create mode 100644 reports/ota/unified_ota_20260628T040101Z.log
 create mode 100644 reports/ota/unified_ota_20260628T040201Z.log
 create mode 100644 reports/ota/unified_ota_20260628T040301Z.log
 create mode 100644 reports/ota/unified_ota_20260628T040401Z.log
 create mode 100644 reports/ota/unified_ota_20260628T040501Z.log
 create mode 100644 reports/ota/unified_ota_20260628T040601Z.log
 create mode 100644 reports/ota/unified_ota_20260628T040701Z.log
 create mode 100644 reports/ota/unified_ota_20260628T040801Z.log
 create mode 100644 reports/ota/unified_ota_20260628T040901Z.log
 create mode 100644 reports/ota/unified_ota_20260628T041001Z.log
 create mode 100644 reports/ota/unified_ota_20260628T041101Z.log
 create mode 100644 reports/ota/unified_ota_20260628T041201Z.log
 create mode 100644 reports/ota/unified_ota_20260628T041301Z.log
 create mode 100644 reports/ota/unified_ota_20260628T041401Z.log
 create mode 100644 reports/ota/unified_ota_20260628T041501Z.log
 create mode 100644 reports/ota/unified_ota_20260628T041601Z.log
 create mode 100644 reports/ota/unified_ota_20260628T041701Z.log
 create mode 100644 reports/ota/unified_ota_20260628T041801Z.log
 create mode 100644 reports/ota/unified_ota_20260628T041901Z.log
 create mode 100644 reports/ota/unified_ota_20260628T042001Z.log
 create mode 100644 reports/ota/unified_ota_20260628T042101Z.log
 create mode 100644 reports/ota/unified_ota_20260628T042201Z.log
 create mode 100644 reports/ota/unified_ota_20260628T042301Z.log
 create mode 100644 reports/ota/unified_ota_20260628T042401Z.log
 create mode 100644 reports/ota/unified_ota_20260628T042501Z.log
 create mode 100644 reports/ota/unified_ota_20260628T042601Z.log
 create mode 100644 reports/ota/unified_ota_20260628T042701Z.log
 create mode 100644 reports/ota/unified_ota_20260628T042801Z.log
 create mode 100644 reports/ota/unified_ota_20260628T042901Z.log
 create mode 100644 reports/ota/unified_ota_20260628T043001Z.log
 create mode 100644 reports/ota/unified_ota_20260628T043101Z.log
 create mode 100644 reports/ota/unified_ota_20260628T043201Z.log
 create mode 100644 reports/ota/unified_ota_20260628T043301Z.log
 create mode 100644 reports/ota/unified_ota_20260628T043401Z.log
 create mode 100644 reports/ota/unified_ota_20260628T043501Z.log
 create mode 100644 reports/ota/unified_ota_20260628T043601Z.log
 create mode 100644 reports/ota/unified_ota_20260628T043701Z.log
 create mode 100644 reports/ota/unified_ota_20260628T043801Z.log
 create mode 100644 reports/ota/unified_ota_20260628T043901Z.log
 create mode 100644 reports/ota/unified_ota_20260628T044001Z.log
 create mode 100644 reports/ota/unified_ota_20260628T044101Z.log
 create mode 100644 reports/ota/unified_ota_20260628T044201Z.log
 create mode 100644 reports/ota/unified_ota_20260628T044301Z.log
 create mode 100644 reports/ota/unified_ota_20260628T044401Z.log
 create mode 100644 reports/ota/unified_ota_20260628T044501Z.log
 create mode 100644 reports/ota/unified_ota_20260628T044601Z.log
 create mode 100644 reports/ota/unified_ota_20260628T044701Z.log
 create mode 100644 reports/ota/unified_ota_20260628T044801Z.log
 create mode 100644 reports/ota/unified_ota_20260628T044901Z.log
 create mode 100644 reports/ota/unified_ota_20260628T045001Z.log
 create mode 100644 reports/ota/unified_ota_20260628T045101Z.log
 create mode 100644 reports/ota/unified_ota_20260628T045201Z.log
 create mode 100644 reports/ota/unified_ota_20260628T045301Z.log
 create mode 100644 reports/ota/unified_ota_20260628T045401Z.log
 create mode 100644 reports/ota/unified_ota_20260628T045501Z.log
 create mode 100644 reports/ota/unified_ota_20260628T045601Z.log
 create mode 100644 reports/ota/unified_ota_20260628T045701Z.log
 create mode 100644 reports/ota/unified_ota_20260628T045801Z.log
 create mode 100644 reports/ota/unified_ota_20260628T045901Z.log
 create mode 100644 reports/ota/unified_ota_20260628T050001Z.log
 create mode 100644 reports/ota/unified_ota_20260628T050101Z.log
 create mode 100644 reports/ota/unified_ota_20260628T050201Z.log
 create mode 100644 reports/ota/unified_ota_20260628T050301Z.log
 create mode 100644 reports/ota/unified_ota_20260628T050401Z.log
 create mode 100644 reports/ota/unified_ota_20260628T050501Z.log
 create mode 100644 reports/ota/unified_ota_20260628T050601Z.log
 create mode 100644 reports/ota/unified_ota_20260628T050702Z.log
 create mode 100644 reports/ota/unified_ota_20260628T050801Z.log
 create mode 100644 reports/ota/unified_ota_20260628T050901Z.log
 create mode 100644 reports/ota/unified_ota_20260628T051001Z.log
 create mode 100644 reports/ota/unified_ota_20260628T051101Z.log
 create mode 100644 reports/ota/unified_ota_20260628T051201Z.log
 create mode 100644 reports/ota/unified_ota_20260628T051301Z.log
 create mode 100644 reports/ota/unified_ota_20260628T051401Z.log
 create mode 100644 reports/ota/unified_ota_20260628T051501Z.log
 create mode 100644 reports/ota/unified_ota_20260628T051601Z.log
 create mode 100644 reports/ota/unified_ota_20260628T051701Z.log
 create mode 100644 reports/ota/unified_ota_20260628T051801Z.log
 create mode 100644 reports/ota/unified_ota_20260628T051901Z.log
 create mode 100644 reports/ota/unified_ota_20260628T052001Z.log
 create mode 100644 reports/ota/unified_ota_20260628T052101Z.log
 create mode 100644 reports/ota/unified_ota_20260628T052201Z.log
 create mode 100644 reports/ota/unified_ota_20260628T052301Z.log
 create mode 100644 reports/ota/unified_ota_20260628T052401Z.log
 create mode 100644 reports/ota/unified_ota_20260628T052502Z.log
 create mode 100644 reports/ota/unified_ota_20260628T052601Z.log
 create mode 100644 reports/ota/unified_ota_20260628T052701Z.log
 create mode 100644 reports/ota/unified_ota_20260628T052801Z.log
 create mode 100644 reports/ota/unified_ota_20260628T052901Z.log
 create mode 100644 reports/ota/unified_ota_20260628T053001Z.log
 create mode 100644 reports/ota/unified_ota_20260628T053101Z.log
 create mode 100644 reports/ota/unified_ota_20260628T053201Z.log
 create mode 100644 reports/ota/unified_ota_20260628T053301Z.log
 create mode 100644 reports/ota/unified_ota_20260628T053401Z.log
 create mode 100644 reports/ota/unified_ota_20260628T053501Z.log
 create mode 100644 reports/ota/unified_ota_20260628T053601Z.log
 create mode 100644 reports/ota/unified_ota_20260628T053701Z.log
 create mode 100644 reports/ota/unified_ota_20260628T053801Z.log
 create mode 100644 reports/ota/unified_ota_20260628T053901Z.log
 create mode 100644 reports/ota/unified_ota_20260628T054001Z.log
 create mode 100644 reports/ota/unified_ota_20260628T054101Z.log
 create mode 100644 reports/ota/unified_ota_20260628T054201Z.log
 create mode 100644 reports/ota/unified_ota_20260628T054301Z.log
 create mode 100644 reports/ota/unified_ota_20260628T054401Z.log
 create mode 100644 reports/ota/unified_ota_20260628T054501Z.log
 create mode 100644 reports/ota/unified_ota_20260628T054601Z.log
 create mode 100644 reports/ota/unified_ota_20260628T054701Z.log
 create mode 100644 reports/ota/unified_ota_20260628T054801Z.log
 create mode 100644 reports/ota/unified_ota_20260628T054901Z.log
 create mode 100644 reports/ota/unified_ota_20260628T055001Z.log
 create mode 100644 reports/ota/unified_ota_20260628T055101Z.log
 create mode 100644 reports/ota/unified_ota_20260628T055201Z.log
 create mode 100644 reports/ota/unified_ota_20260628T055302Z.log
 create mode 100644 reports/ota/unified_ota_20260628T055401Z.log
 create mode 100644 reports/ota/unified_ota_20260628T055501Z.log
 create mode 100644 reports/ota/unified_ota_20260628T055601Z.log
 create mode 100644 reports/ota/unified_ota_20260628T055701Z.log
 create mode 100644 reports/ota/unified_ota_20260628T055801Z.log
 create mode 100644 reports/ota/unified_ota_20260628T055901Z.log
 create mode 100644 reports/ota/unified_ota_20260628T060001Z.log
 create mode 100644 reports/ota/unified_ota_20260628T060101Z.log
 create mode 100644 reports/ota/unified_ota_20260628T060201Z.log
 create mode 100644 reports/ota/unified_ota_20260628T060301Z.log
 create mode 100644 reports/ota/unified_ota_20260628T060401Z.log
 create mode 100644 reports/ota/unified_ota_20260628T060501Z.log
 create mode 100644 reports/ota/unified_ota_20260628T060601Z.log
 create mode 100644 reports/ota/unified_ota_20260628T060701Z.log
 create mode 100644 reports/ota/unified_ota_20260628T060801Z.log
 create mode 100644 reports/ota/unified_ota_20260628T060901Z.log
 create mode 100644 reports/ota/unified_ota_20260628T061001Z.log
 create mode 100644 reports/ota/unified_ota_20260628T061101Z.log
 create mode 100644 reports/ota/unified_ota_20260628T061201Z.log
 create mode 100644 reports/ota/unified_ota_20260628T061301Z.log
 create mode 100644 reports/ota/unified_ota_20260628T061401Z.log
 create mode 100644 reports/ota/unified_ota_20260628T061501Z.log
 create mode 100644 reports/ota/unified_ota_20260628T061601Z.log
 create mode 100644 reports/ota/unified_ota_20260628T061701Z.log
 create mode 100644 reports/ota/unified_ota_20260628T061801Z.log
 create mode 100644 reports/ota/unified_ota_20260628T061901Z.log
 create mode 100644 reports/ota/unified_ota_20260628T062001Z.log
 create mode 100644 reports/ota/unified_ota_20260628T062102Z.log
 create mode 100644 reports/ota/unified_ota_20260628T062201Z.log
 create mode 100644 reports/ota/unified_ota_20260628T062301Z.log
 create mode 100644 reports/ota/unified_ota_20260628T062401Z.log
 create mode 100644 reports/ota/unified_ota_20260628T062501Z.log
 create mode 100644 reports/ota/unified_ota_20260628T062601Z.log
 create mode 100644 reports/ota/unified_ota_20260628T062701Z.log
 create mode 100644 reports/ota/unified_ota_20260628T062801Z.log
 create mode 100644 reports/ota/unified_ota_20260628T062901Z.log
 create mode 100644 reports/ota/unified_ota_20260628T063001Z.log
 create mode 100644 reports/ota/unified_ota_20260628T063101Z.log
 create mode 100644 reports/ota/unified_ota_20260628T063201Z.log
 create mode 100644 reports/ota/unified_ota_20260628T063301Z.log
 create mode 100644 reports/ota/unified_ota_20260628T063401Z.log
 create mode 100644 reports/ota/unified_ota_20260628T063501Z.log
 create mode 100644 reports/ota/unified_ota_20260628T063601Z.log
 create mode 100644 reports/ota/unified_ota_20260628T063701Z.log
 create mode 100644 reports/ota/unified_ota_20260628T063801Z.log
 create mode 100644 reports/ota/unified_ota_20260628T063901Z.log
 create mode 100644 reports/ota/unified_ota_20260628T064001Z.log
 create mode 100644 reports/ota/unified_ota_20260628T064101Z.log
 create mode 100644 reports/ota/unified_ota_20260628T064201Z.log
 create mode 100644 reports/ota/unified_ota_20260628T064301Z.log
 create mode 100644 reports/ota/unified_ota_20260628T064401Z.log
 create mode 100644 reports/ota/unified_ota_20260628T064501Z.log
 create mode 100644 reports/ota/unified_ota_20260628T064601Z.log
 create mode 100644 reports/ota/unified_ota_20260628T064701Z.log
 create mode 100644 reports/ota/unified_ota_20260628T064801Z.log
 create mode 100644 reports/ota/unified_ota_20260628T064901Z.log
 create mode 100644 reports/ota/unified_ota_20260628T065001Z.log
 create mode 100644 reports/ota/unified_ota_20260628T065101Z.log
 create mode 100644 reports/ota/unified_ota_20260628T065201Z.log
 create mode 100644 reports/ota/unified_ota_20260628T065301Z.log
 create mode 100644 reports/ota/unified_ota_20260628T065401Z.log
 create mode 100644 reports/ota/unified_ota_20260628T065501Z.log
 create mode 100644 reports/ota/unified_ota_20260628T065601Z.log
 create mode 100644 reports/ota/unified_ota_20260628T065701Z.log
 create mode 100644 reports/ota/unified_ota_20260628T065801Z.log
 create mode 100644 reports/ota/unified_ota_20260628T065901Z.log
 create mode 100644 reports/ota/unified_ota_20260628T070001Z.log
 create mode 100644 reports/ota/unified_ota_20260628T070101Z.log
 create mode 100644 reports/ota/unified_ota_20260628T070201Z.log
 create mode 100644 reports/ota/unified_ota_20260628T070301Z.log
 create mode 100644 reports/ota/unified_ota_20260628T070401Z.log
 create mode 100644 reports/ota/unified_ota_20260628T070501Z.log
 create mode 100644 reports/ota/unified_ota_20260628T070601Z.log
 create mode 100644 reports/ota/unified_ota_20260628T070701Z.log
 create mode 100644 reports/ota/unified_ota_20260628T070801Z.log
 create mode 100644 reports/ota/unified_ota_20260628T070901Z.log
 create mode 100644 reports/ota/unified_ota_20260628T071001Z.log
 create mode 100644 reports/ota/unified_ota_20260628T071101Z.log
 create mode 100644 reports/ota/unified_ota_20260628T071201Z.log
 create mode 100644 reports/ota/unified_ota_20260628T071301Z.log
 create mode 100644 reports/ota/unified_ota_20260628T071401Z.log
 create mode 100644 reports/ota/unified_ota_20260628T071501Z.log
 create mode 100644 reports/ota/unified_ota_20260628T071601Z.log
 create mode 100644 reports/ota/unified_ota_20260628T071701Z.log
 create mode 100644 reports/ota/unified_ota_20260628T071801Z.log
 create mode 100644 reports/ota/unified_ota_20260628T071901Z.log
 create mode 100644 reports/ota/unified_ota_20260628T072001Z.log
 create mode 100644 reports/ota/unified_ota_20260628T072101Z.log
 create mode 100644 reports/ota/unified_ota_20260628T072201Z.log
 create mode 100644 reports/ota/unified_ota_20260628T072301Z.log
 create mode 100644 reports/ota/unified_ota_20260628T072401Z.log
 create mode 100644 reports/ota/unified_ota_20260628T072501Z.log
 create mode 100644 reports/ota/unified_ota_20260628T072601Z.log
 create mode 100644 reports/ota/unified_ota_20260628T072701Z.log
 create mode 100644 reports/ota/unified_ota_20260628T072801Z.log
 create mode 100644 reports/ota/unified_ota_20260628T072901Z.log
 create mode 100644 reports/ota/unified_ota_20260628T073001Z.log
 create mode 100644 reports/ota/unified_ota_20260628T073101Z.log
 create mode 100644 reports/ota/unified_ota_20260628T073201Z.log
 create mode 100644 reports/ota/unified_ota_20260628T073301Z.log
 create mode 100644 reports/ota/unified_ota_20260628T073401Z.log
 create mode 100644 reports/ota/unified_ota_20260628T073501Z.log
 create mode 100644 reports/ota/unified_ota_20260628T073601Z.log
 create mode 100644 reports/ota/unified_ota_20260628T073701Z.log
 create mode 100644 reports/ota/unified_ota_20260628T073801Z.log
 create mode 100644 reports/ota/unified_ota_20260628T073901Z.log
 create mode 100644 reports/ota/unified_ota_20260628T074001Z.log
 create mode 100644 reports/ota/unified_ota_20260628T074101Z.log
 create mode 100644 reports/ota/unified_ota_20260628T074201Z.log
 create mode 100644 reports/ota/unified_ota_20260628T074301Z.log
 create mode 100644 reports/ota/unified_ota_20260628T074401Z.log
 create mode 100644 reports/ota/unified_ota_20260628T074501Z.log
 create mode 100644 reports/ota/unified_ota_20260628T074601Z.log
 create mode 100644 reports/ota/unified_ota_20260628T074701Z.log
 create mode 100644 reports/ota/unified_ota_20260628T074801Z.log
 create mode 100644 reports/ota/unified_ota_20260628T074901Z.log
 create mode 100644 reports/ota/unified_ota_20260628T075001Z.log
 create mode 100644 reports/ota/unified_ota_20260628T075101Z.log
 create mode 100644 reports/ota/unified_ota_20260628T075201Z.log
 create mode 100644 reports/ota/unified_ota_20260628T075301Z.log
 create mode 100644 reports/ota/unified_ota_20260628T075401Z.log
 create mode 100644 reports/ota/unified_ota_20260628T075501Z.log
 create mode 100644 reports/ota/unified_ota_20260628T075601Z.log
 create mode 100644 reports/ota/unified_ota_20260628T075701Z.log
 create mode 100644 reports/ota/unified_ota_20260628T075801Z.log
 create mode 100644 reports/ota/unified_ota_20260628T075901Z.log
 create mode 100644 reports/ota/unified_ota_20260628T080001Z.log
 create mode 100644 reports/ota/unified_ota_20260628T080101Z.log
 create mode 100644 reports/ota/unified_ota_20260628T080201Z.log
 create mode 100644 reports/ota/unified_ota_20260628T080301Z.log
 create mode 100644 reports/ota/unified_ota_20260628T080401Z.log
 create mode 100644 reports/ota/unified_ota_20260628T080501Z.log
 create mode 100644 reports/ota/unified_ota_20260628T080601Z.log
 create mode 100644 reports/ota/unified_ota_20260628T080701Z.log
 create mode 100644 reports/ota/unified_ota_20260628T080801Z.log
 create mode 100644 reports/ota/unified_ota_20260628T080901Z.log
 create mode 100644 reports/ota/unified_ota_20260628T081001Z.log
 create mode 100644 reports/ota/unified_ota_20260628T081101Z.log
 create mode 100644 reports/ota/unified_ota_20260628T081201Z.log
 create mode 100644 reports/ota/unified_ota_20260628T081301Z.log
 create mode 100644 reports/ota/unified_ota_20260628T081401Z.log
 create mode 100644 reports/ota/unified_ota_20260628T081501Z.log
 create mode 100644 reports/ota/unified_ota_20260628T081601Z.log
 create mode 100644 reports/ota/unified_ota_20260628T081701Z.log
 create mode 100644 reports/ota/unified_ota_20260628T081801Z.log
 create mode 100644 reports/ota/unified_ota_20260628T081901Z.log
 create mode 100644 reports/ota/unified_ota_20260628T082001Z.log
 create mode 100644 reports/ota/unified_ota_20260628T082101Z.log
 create mode 100644 reports/ota/unified_ota_20260628T082201Z.log
 create mode 100644 reports/ota/unified_ota_20260628T082301Z.log
 create mode 100644 reports/ota/unified_ota_20260628T082401Z.log
 create mode 100644 reports/ota/unified_ota_20260628T082501Z.log
 create mode 100644 reports/ota/unified_ota_20260628T082601Z.log
 create mode 100644 reports/ota/unified_ota_20260628T082701Z.log
 create mode 100644 reports/ota/unified_ota_20260628T082801Z.log
 create mode 100644 reports/ota/unified_ota_20260628T082901Z.log
 create mode 100644 reports/ota/unified_ota_20260628T083001Z.log
 create mode 100644 reports/ota/unified_ota_20260628T083101Z.log
 create mode 100644 reports/ota/unified_ota_20260628T083201Z.log
 create mode 100644 reports/ota/unified_ota_20260628T083301Z.log
 create mode 100644 reports/ota/unified_ota_20260628T083401Z.log
 create mode 100644 reports/ota/unified_ota_20260628T083501Z.log
 create mode 100644 reports/ota/unified_ota_20260628T083601Z.log
 create mode 100644 reports/ota/unified_ota_20260628T083701Z.log
 create mode 100644 reports/ota/unified_ota_20260628T083801Z.log
 create mode 100644 reports/ota/unified_ota_20260628T083901Z.log
 create mode 100644 reports/ota/unified_ota_20260628T084001Z.log
 create mode 100644 reports/ota/unified_ota_20260628T084101Z.log
 create mode 100644 reports/ota/unified_ota_20260628T084201Z.log
 create mode 100644 reports/ota/unified_ota_20260628T084301Z.log
 create mode 100644 reports/ota/unified_ota_20260628T084401Z.log
 create mode 100644 reports/ota/unified_ota_20260628T084501Z.log
 create mode 100644 reports/ota/unified_ota_20260628T084601Z.log
 create mode 100644 reports/ota/unified_ota_20260628T084701Z.log
 create mode 100644 reports/ota/unified_ota_20260628T084801Z.log
 create mode 100644 reports/ota/unified_ota_20260628T084901Z.log
 create mode 100644 reports/ota/unified_ota_20260628T085001Z.log
 create mode 100644 reports/ota/unified_ota_20260628T085101Z.log
 create mode 100644 reports/ota/unified_ota_20260628T085201Z.log
 create mode 100644 reports/ota/unified_ota_20260628T085301Z.log
 create mode 100644 reports/ota/unified_ota_20260628T085401Z.log
 create mode 100644 reports/ota/unified_ota_20260628T085501Z.log
 create mode 100644 reports/ota/unified_ota_20260628T085601Z.log
 create mode 100644 reports/ota/unified_ota_20260628T085701Z.log
 create mode 100644 reports/ota/unified_ota_20260628T085801Z.log
 create mode 100644 reports/ota/unified_ota_20260628T085901Z.log
 create mode 100644 reports/ota/unified_ota_20260628T090001Z.log
 create mode 100644 reports/ota/unified_ota_20260628T090101Z.log
 create mode 100644 reports/ota/unified_ota_20260628T090201Z.log
 create mode 100644 reports/ota/unified_ota_20260628T090301Z.log
 create mode 100644 reports/ota/unified_ota_20260628T090401Z.log
 create mode 100644 reports/ota/unified_ota_20260628T090502Z.log
 create mode 100644 reports/ota/unified_ota_20260628T090601Z.log
 create mode 100644 reports/ota/unified_ota_20260628T090701Z.log
 create mode 100644 reports/ota/unified_ota_20260628T090801Z.log
 create mode 100644 reports/ota/unified_ota_20260628T090901Z.log
 create mode 100644 reports/ota/unified_ota_20260628T091001Z.log
 create mode 100644 reports/ota/unified_ota_20260628T091101Z.log
 create mode 100644 reports/ota/unified_ota_20260628T091201Z.log
 create mode 100644 reports/ota/unified_ota_20260628T091301Z.log
 create mode 100644 reports/ota/unified_ota_20260628T091401Z.log
 create mode 100644 reports/ota/unified_ota_20260628T091501Z.log
 create mode 100644 reports/ota/unified_ota_20260628T091601Z.log
 create mode 100644 reports/ota/unified_ota_20260628T091701Z.log
 create mode 100644 reports/ota/unified_ota_20260628T091801Z.log
 create mode 100644 reports/ota/unified_ota_20260628T091901Z.log
 create mode 100644 reports/ota/unified_ota_20260628T092001Z.log
 create mode 100644 reports/ota/unified_ota_20260628T092101Z.log
 create mode 100644 reports/ota/unified_ota_20260628T092201Z.log
 create mode 100644 reports/ota/unified_ota_20260628T092301Z.log
 create mode 100644 reports/ota/unified_ota_20260628T092401Z.log
 create mode 100644 reports/ota/unified_ota_20260628T092501Z.log
 create mode 100644 reports/ota/unified_ota_20260628T092601Z.log
 create mode 100644 reports/ota/unified_ota_20260628T092701Z.log
 create mode 100644 reports/ota/unified_ota_20260628T092802Z.log
 create mode 100644 reports/ota/unified_ota_20260628T092901Z.log
 create mode 100644 reports/ota/unified_ota_20260628T093001Z.log
 create mode 100644 reports/ota/unified_ota_20260628T093101Z.log
 create mode 100644 reports/ota/unified_ota_20260628T093201Z.log
 create mode 100644 reports/ota/unified_ota_20260628T093301Z.log
 create mode 100644 reports/ota/unified_ota_20260628T093401Z.log
 create mode 100644 reports/ota/unified_ota_20260628T093501Z.log
 create mode 100644 reports/ota/unified_ota_20260628T093601Z.log
 create mode 100644 reports/ota/unified_ota_20260628T093701Z.log
 create mode 100644 reports/ota/unified_ota_20260628T093801Z.log
 create mode 100644 reports/ota/unified_ota_20260628T093901Z.log
 create mode 100644 reports/ota/unified_ota_20260628T094001Z.log
 create mode 100644 reports/testing/insight_rebuild_module_107_test_result.json
To github.com:ShanGouXueHui/oris-commercial-insight-employee.git
   278d854..e4e820d  main -> main
