timestamp: 20260627T115701Z
entry: unified-OTA-entry.sh
instruction: ops/ota/next_instruction.json
From github.com:ShanGouXueHui/oris-commercial-insight-employee
 * branch            main       -> FETCH_HEAD
   5b8e65c..2bda5df  main       -> origin/main
Updating 5b8e65c..2bda5df
Fast-forward
 reports/ota/last_instruction_seq.txt | 2 +-
 scripts/w70.py                       | 5 +++--
 2 files changed, 4 insertions(+), 3 deletions(-)
instruction_seq: 72
last_instruction_seq: 71
----------------------------------------------------------------------
Ran 370 tests in 0.305s

OK
Evidence: reports/testing/latest_test_result.json; reports/execution/insight_rebuild_module_72_execution_report.md
[main 5d3f752] Add module 70 execution evidence
 7 files changed, 126 insertions(+), 23 deletions(-)
 create mode 100644 reports/ota/unified_ota_20260627T115501Z.log
 create mode 100644 reports/ota/unified_ota_20260627T115601Z.log
 create mode 100644 reports/ota/unified_ota_20260627T115701Z.log
 rewrite reports/testing/latest_test_result.json (70%)
To github.com:ShanGouXueHui/oris-commercial-insight-employee.git
   2bda5df..5d3f752  main -> main
