timestamp: 20260628T153401Z
entry: unified-OTA-entry.sh
instruction: ops/ota/next_instruction.json
From github.com:ShanGouXueHui/oris-commercial-insight-employee
 * branch            main       -> FETCH_HEAD
   576c273..d5423b1  main       -> origin/main
Updating 576c273..d5423b1
Fast-forward
 ops/ota/next_instruction.json | 2 +-
 1 file changed, 1 insertion(+), 1 deletion(-)
instruction_seq: 144
last_instruction_seq: 143
----------------------------------------------------------------------
Ran 380 tests in 0.336s

OK
Evidence: reports/testing/latest_test_result.json; reports/execution/insight_rebuild_module_142_execution_report.md
[main 785d0cf] Add OTA execution evidence
 9 files changed, 114 insertions(+), 4 deletions(-)
 create mode 100644 reports/execution/insight_rebuild_module_142_execution_report.md
 create mode 100644 reports/ota/unified_ota_20260628T153201Z.log
 create mode 100644 reports/ota/unified_ota_20260628T153301Z.log
 create mode 100644 reports/ota/unified_ota_20260628T153401Z.log
 create mode 100644 reports/testing/insight_rebuild_module_142_test_result.json
To github.com:ShanGouXueHui/oris-commercial-insight-employee.git
   d5423b1..785d0cf  main -> main
