timestamp: 20260630T193501Z
entry: unified-OTA-entry.sh
instruction: ops/ota/next_instruction.json
From github.com:ShanGouXueHui/oris-commercial-insight-employee
 * branch            main       -> FETCH_HEAD
   27a9ee0..3f5b060  main       -> origin/main
Updating 27a9ee0..3f5b060
Fast-forward
 ops/ota/next_instruction.json | 2 +-
 1 file changed, 1 insertion(+), 1 deletion(-)
instruction_seq: 173
last_instruction_seq: 172
----------------------------------------------------------------------
Ran 380 tests in 0.304s

OK
Evidence: reports/testing/latest_test_result.json; reports/execution/insight_rebuild_module_171_execution_report.md
[main 992bd10] Add OTA execution evidence
 8 files changed, 142 insertions(+), 4 deletions(-)
 create mode 100644 reports/execution/insight_rebuild_module_171_execution_report.md
 create mode 100644 reports/ota/unified_ota_20260630T193401Z.log
 create mode 100644 reports/ota/unified_ota_20260630T193501Z.log
 create mode 100644 reports/testing/insight_rebuild_module_171_test_result.json
To github.com:ShanGouXueHui/oris-commercial-insight-employee.git
   3f5b060..992bd10  main -> main
